[  0%] Built target eufs_msgs__cpp
[ 12%] Built target eufs_msgs__rosidl_typesupport_cpp
[ 24%] Built target eufs_msgs__rosidl_generator_c
[ 36%] Built target eufs_msgs__rosidl_typesupport_fastrtps_cpp
[ 49%] Built target eufs_msgs__rosidl_typesupport_c
[ 62%] Built target eufs_msgs__rosidl_typesupport_introspection_c
[ 75%] Built target eufs_msgs__rosidl_typesupport_introspection_cpp
[ 76%] [32m[1mLinking CXX shared library libeufs_msgs__rosidl_typesupport_fastrtps_c.so[0m
[ 88%] Built target eufs_msgs__rosidl_typesupport_fastrtps_c
[ 88%] Built target eufs_msgs
[ 88%] Built target eufs_msgs__py
[35m[1mScanning dependencies of target eufs_msgs__python[0m
[ 88%] [32mBuilding C object CMakeFiles/eufs_msgs__python.dir/rosidl_generator_py/eufs_msgs/msg/_bounding_box_s.c.o[0m
[ 88%] [32mBuilding C object CMakeFiles/eufs_msgs__python.dir/rosidl_generator_py/eufs_msgs/msg/_cone_array_with_covariance_s.c.o[0m
[ 89%] [32mBuilding C object CMakeFiles/eufs_msgs__python.dir/rosidl_generator_py/eufs_msgs/msg/_cone_with_covariance_s.c.o[0m
[ 89%] [32mBuilding C object CMakeFiles/eufs_msgs__python.dir/rosidl_generator_py/eufs_msgs/msg/_costmap_s.c.o[0m
[ 89%] [32mBuilding C object CMakeFiles/eufs_msgs__python.dir/rosidl_generator_py/eufs_msgs/msg/_ekf_err_s.c.o[0m
[ 90%] [32mBuilding C object CMakeFiles/eufs_msgs__python.dir/rosidl_generator_py/eufs_msgs/msg/_ekf_state_s.c.o[0m
[ 90%] [32mBuilding C object CMakeFiles/eufs_msgs__python.dir/rosidl_generator_py/eufs_msgs/msg/_full_state_s.c.o[0m
make[2]: *** [CMakeFiles/eufs_msgs__python.dir/build.make:219: CMakeFiles/eufs_msgs__python.dir/rosidl_generator_py/eufs_msgs/msg/_full_state_s.c.o] Interrupt
make[1]: *** [CMakeFiles/Makefile2:215: CMakeFiles/eufs_msgs__python.dir/all] Interrupt
make: *** [Makefile:141: all] Interrupt
