[1.290s] Invoking command in '/home/vboxuser/autocar/src/py_pubsub': PYTHONPATH=/home/vboxuser/autocar/build/py_pubsub/prefix_override:/home/vboxuser/autocar/install/py_pubsub/lib/python3.8/site-packages:${PYTHONPATH} /usr/bin/python3 setup.py egg_info --egg-base ../../build/py_pubsub build --build-base /home/vboxuser/autocar/build/py_pubsub/build install --record /home/vboxuser/autocar/build/py_pubsub/install.log --single-version-externally-managed
[1.639s] running egg_info
[1.639s] writing ../../build/py_pubsub/py_pubsub.egg-info/PKG-INFO
[1.639s] writing dependency_links to ../../build/py_pubsub/py_pubsub.egg-info/dependency_links.txt
[1.639s] writing entry points to ../../build/py_pubsub/py_pubsub.egg-info/entry_points.txt
[1.639s] writing requirements to ../../build/py_pubsub/py_pubsub.egg-info/requires.txt
[1.639s] writing top-level names to ../../build/py_pubsub/py_pubsub.egg-info/top_level.txt
[1.664s] reading manifest file '../../build/py_pubsub/py_pubsub.egg-info/SOURCES.txt'
[1.665s] writing manifest file '../../build/py_pubsub/py_pubsub.egg-info/SOURCES.txt'
[1.665s] running build
[1.665s] running build_py
[1.665s] copying py_pubsub/subscriber_member_function.py -> /home/vboxuser/autocar/build/py_pubsub/build/lib/py_pubsub
[1.666s] running install
[1.667s] running install_lib
[1.669s] copying /home/vboxuser/autocar/build/py_pubsub/build/lib/py_pubsub/subscriber_member_function.py -> /home/vboxuser/autocar/install/py_pubsub/lib/python3.8/site-packages/py_pubsub
[1.669s] byte-compiling /home/vboxuser/autocar/install/py_pubsub/lib/python3.8/site-packages/py_pubsub/subscriber_member_function.py to subscriber_member_function.cpython-38.pyc
[1.671s] running install_data
[1.671s] running install_egg_info
[1.673s] removing '/home/vboxuser/autocar/install/py_pubsub/lib/python3.8/site-packages/py_pubsub-0.0.0-py3.8.egg-info' (and everything under it)
[1.673s] Copying ../../build/py_pubsub/py_pubsub.egg-info to /home/vboxuser/autocar/install/py_pubsub/lib/python3.8/site-packages/py_pubsub-0.0.0-py3.8.egg-info
[1.673s] running install_scripts
[1.696s] Installing listener script to /home/vboxuser/autocar/install/py_pubsub/lib/py_pubsub
[1.696s] Installing talker script to /home/vboxuser/autocar/install/py_pubsub/lib/py_pubsub
[1.697s] writing list of installed files to '/home/vboxuser/autocar/build/py_pubsub/install.log'
[1.740s] Invoked command in '/home/vboxuser/autocar/src/py_pubsub' returned '0': PYTHONPATH=/home/vboxuser/autocar/build/py_pubsub/prefix_override:/home/vboxuser/autocar/install/py_pubsub/lib/python3.8/site-packages:${PYTHONPATH} /usr/bin/python3 setup.py egg_info --egg-base ../../build/py_pubsub build --build-base /home/vboxuser/autocar/build/py_pubsub/build install --record /home/vboxuser/autocar/build/py_pubsub/install.log --single-version-externally-managed
