[1.127s] Invoking command in '/home/vboxuser/autocar/src/py_pubsub': AMENT_PREFIX_PATH=/home/vboxuser/autocar/install/eufs_msgs:${AMENT_PREFIX_PATH} CMAKE_PREFIX_PATH=/home/vboxuser/autocar/install/eufs_msgs:${CMAKE_PREFIX_PATH} LD_LIBRARY_PATH=/home/vboxuser/autocar/install/eufs_msgs/lib:${LD_LIBRARY_PATH} PYTHONPATH=/home/vboxuser/autocar/build/py_pubsub/prefix_override:/home/vboxuser/autocar/install/py_pubsub/lib/python3.8/site-packages:/home/vboxuser/autocar/install/eufs_msgs/lib/python3.8/site-packages:${PYTHONPATH} /usr/bin/python3 setup.py egg_info --egg-base ../../build/py_pubsub build --build-base /home/vboxuser/autocar/build/py_pubsub/build install --record /home/vboxuser/autocar/build/py_pubsub/install.log --single-version-externally-managed
[1.483s] running egg_info
[1.489s] writing ../../build/py_pubsub/py_pubsub.egg-info/PKG-INFO
[1.489s] writing dependency_links to ../../build/py_pubsub/py_pubsub.egg-info/dependency_links.txt
[1.489s] writing entry points to ../../build/py_pubsub/py_pubsub.egg-info/entry_points.txt
[1.489s] writing requirements to ../../build/py_pubsub/py_pubsub.egg-info/requires.txt
[1.490s] writing top-level names to ../../build/py_pubsub/py_pubsub.egg-info/top_level.txt
[1.551s] reading manifest file '../../build/py_pubsub/py_pubsub.egg-info/SOURCES.txt'
[1.552s] writing manifest file '../../build/py_pubsub/py_pubsub.egg-info/SOURCES.txt'
[1.552s] running build
[1.552s] running build_py
[1.552s] copying py_pubsub/cmd_subscriber_function.py -> /home/vboxuser/autocar/build/py_pubsub/build/lib/py_pubsub
[1.552s] running install
[1.553s] running install_lib
[1.555s] copying /home/vboxuser/autocar/build/py_pubsub/build/lib/py_pubsub/cmd_subscriber_function.py -> /home/vboxuser/autocar/install/py_pubsub/lib/python3.8/site-packages/py_pubsub
[1.557s] byte-compiling /home/vboxuser/autocar/install/py_pubsub/lib/python3.8/site-packages/py_pubsub/cmd_subscriber_function.py to cmd_subscriber_function.cpython-38.pyc
[1.564s] running install_data
[1.564s] running install_egg_info
[1.564s] removing '/home/vboxuser/autocar/install/py_pubsub/lib/python3.8/site-packages/py_pubsub-0.0.0-py3.8.egg-info' (and everything under it)
[1.564s] Copying ../../build/py_pubsub/py_pubsub.egg-info to /home/vboxuser/autocar/install/py_pubsub/lib/python3.8/site-packages/py_pubsub-0.0.0-py3.8.egg-info
[1.565s] running install_scripts
[1.582s] Installing cmd_listener script to /home/vboxuser/autocar/install/py_pubsub/lib/py_pubsub
[1.582s] Installing cone_listener script to /home/vboxuser/autocar/install/py_pubsub/lib/py_pubsub
[1.582s] Installing talker script to /home/vboxuser/autocar/install/py_pubsub/lib/py_pubsub
[1.583s] writing list of installed files to '/home/vboxuser/autocar/build/py_pubsub/install.log'
[1.644s] Invoked command in '/home/vboxuser/autocar/src/py_pubsub' returned '0': AMENT_PREFIX_PATH=/home/vboxuser/autocar/install/eufs_msgs:${AMENT_PREFIX_PATH} CMAKE_PREFIX_PATH=/home/vboxuser/autocar/install/eufs_msgs:${CMAKE_PREFIX_PATH} LD_LIBRARY_PATH=/home/vboxuser/autocar/install/eufs_msgs/lib:${LD_LIBRARY_PATH} PYTHONPATH=/home/vboxuser/autocar/build/py_pubsub/prefix_override:/home/vboxuser/autocar/install/py_pubsub/lib/python3.8/site-packages:/home/vboxuser/autocar/install/eufs_msgs/lib/python3.8/site-packages:${PYTHONPATH} /usr/bin/python3 setup.py egg_info --egg-base ../../build/py_pubsub build --build-base /home/vboxuser/autocar/build/py_pubsub/build install --record /home/vboxuser/autocar/build/py_pubsub/install.log --single-version-externally-managed
