[0.522s] DEBUG:colcon:Command line arguments: ['/usr/bin/colcon', 'build', '--packages-select', 'py_pubsub']
[0.522s] DEBUG:colcon:Parsed command line arguments: Namespace(allow_overriding=[], ament_cmake_args=None, base_paths=['.'], build_base='build', catkin_cmake_args=None, catkin_skip_building_tests=False, cmake_args=None, cmake_clean_cache=False, cmake_clean_first=False, cmake_force_configure=False, cmake_target=None, cmake_target_skip_unavailable=False, continue_on_error=False, event_handlers=None, executor='parallel', ignore_user_meta=False, install_base='install', log_base=None, log_level=None, main=<bound method BuildVerb.main of <colcon_core.verb.build.BuildVerb object at 0x7effb8071160>>, merge_install=False, metas=['./colcon.meta'], packages_above=None, packages_above_and_dependencies=None, packages_above_depth=None, packages_end=None, packages_ignore=None, packages_ignore_regex=None, packages_select=['py_pubsub'], packages_select_build_failed=False, packages_select_by_dep=None, packages_select_regex=None, packages_select_test_failures=False, packages_skip=None, packages_skip_build_finished=False, packages_skip_by_dep=None, packages_skip_regex=None, packages_skip_test_passed=False, packages_skip_up_to=None, packages_start=None, packages_up_to=None, packages_up_to_regex=None, parallel_workers=8, paths=None, symlink_install=<colcon_core.argument_default.BooleanDefaultValue object at 0x7effb87dfa60>, test_result_base=None, verb_extension=<colcon_core.verb.build.BuildVerb object at 0x7effb8071160>, verb_name='build', verb_parser=<colcon_defaults.argument_parser.defaults.DefaultArgumentsDecorator object at 0x7effb80716a0>)
[0.567s] Level 1:colcon.colcon_core.package_discovery:discover_packages(colcon_meta) check parameters
[0.567s] Level 1:colcon.colcon_core.package_discovery:discover_packages(recursive) check parameters
[0.567s] Level 1:colcon.colcon_core.package_discovery:discover_packages(ignore) check parameters
[0.567s] Level 1:colcon.colcon_core.package_discovery:discover_packages(path) check parameters
[0.567s] Level 1:colcon.colcon_core.package_discovery:discover_packages(colcon_meta) discover
[0.567s] Level 1:colcon.colcon_core.package_discovery:discover_packages(recursive) discover
[0.567s] INFO:colcon.colcon_core.package_discovery:Crawling recursively for packages in '/home/vboxuser/autocar'
[0.567s] Level 1:colcon.colcon_core.package_identification:_identify(.) by extensions ['ignore', 'ignore_ament_install']
[0.568s] Level 1:colcon.colcon_core.package_identification:_identify(.) by extension 'ignore'
[0.568s] Level 1:colcon.colcon_core.package_identification:_identify(.) by extension 'ignore_ament_install'
[0.568s] Level 1:colcon.colcon_core.package_identification:_identify(.) by extensions ['colcon_pkg']
[0.568s] Level 1:colcon.colcon_core.package_identification:_identify(.) by extension 'colcon_pkg'
[0.568s] Level 1:colcon.colcon_core.package_identification:_identify(.) by extensions ['colcon_meta']
[0.568s] Level 1:colcon.colcon_core.package_identification:_identify(.) by extension 'colcon_meta'
[0.568s] Level 1:colcon.colcon_core.package_identification:_identify(.) by extensions ['ros']
[0.568s] Level 1:colcon.colcon_core.package_identification:_identify(.) by extension 'ros'
[0.617s] Level 1:colcon.colcon_core.package_identification:_identify(.) by extensions ['cmake', 'python']
[0.618s] Level 1:colcon.colcon_core.package_identification:_identify(.) by extension 'cmake'
[0.618s] Level 1:colcon.colcon_core.package_identification:_identify(.) by extension 'python'
[0.618s] Level 1:colcon.colcon_core.package_identification:_identify(.) by extensions ['python_setup_py']
[0.618s] Level 1:colcon.colcon_core.package_identification:_identify(.) by extension 'python_setup_py'
[0.618s] Level 1:colcon.colcon_core.package_identification:_identify(build) by extensions ['ignore', 'ignore_ament_install']
[0.618s] Level 1:colcon.colcon_core.package_identification:_identify(build) by extension 'ignore'
[0.618s] Level 1:colcon.colcon_core.package_identification:_identify(build) ignored
[0.619s] Level 1:colcon.colcon_core.package_identification:_identify(install) by extensions ['ignore', 'ignore_ament_install']
[0.626s] Level 1:colcon.colcon_core.package_identification:_identify(install) by extension 'ignore'
[0.626s] Level 1:colcon.colcon_core.package_identification:_identify(install) ignored
[0.626s] Level 1:colcon.colcon_core.package_identification:_identify(log) by extensions ['ignore', 'ignore_ament_install']
[0.627s] Level 1:colcon.colcon_core.package_identification:_identify(log) by extension 'ignore'
[0.627s] Level 1:colcon.colcon_core.package_identification:_identify(log) ignored
[0.627s] Level 1:colcon.colcon_core.package_identification:_identify(src) by extensions ['ignore', 'ignore_ament_install']
[0.627s] Level 1:colcon.colcon_core.package_identification:_identify(src) by extension 'ignore'
[0.627s] Level 1:colcon.colcon_core.package_identification:_identify(src) by extension 'ignore_ament_install'
[0.627s] Level 1:colcon.colcon_core.package_identification:_identify(src) by extensions ['colcon_pkg']
[0.627s] Level 1:colcon.colcon_core.package_identification:_identify(src) by extension 'colcon_pkg'
[0.627s] Level 1:colcon.colcon_core.package_identification:_identify(src) by extensions ['colcon_meta']
[0.628s] Level 1:colcon.colcon_core.package_identification:_identify(src) by extension 'colcon_meta'
[0.628s] Level 1:colcon.colcon_core.package_identification:_identify(src) by extensions ['ros']
[0.628s] Level 1:colcon.colcon_core.package_identification:_identify(src) by extension 'ros'
[0.628s] Level 1:colcon.colcon_core.package_identification:_identify(src) by extensions ['cmake', 'python']
[0.628s] Level 1:colcon.colcon_core.package_identification:_identify(src) by extension 'cmake'
[0.628s] Level 1:colcon.colcon_core.package_identification:_identify(src) by extension 'python'
[0.628s] Level 1:colcon.colcon_core.package_identification:_identify(src) by extensions ['python_setup_py']
[0.628s] Level 1:colcon.colcon_core.package_identification:_identify(src) by extension 'python_setup_py'
[0.628s] Level 1:colcon.colcon_core.package_identification:_identify(src/eufs_msgs) by extensions ['ignore', 'ignore_ament_install']
[0.628s] Level 1:colcon.colcon_core.package_identification:_identify(src/eufs_msgs) by extension 'ignore'
[0.628s] Level 1:colcon.colcon_core.package_identification:_identify(src/eufs_msgs) by extension 'ignore_ament_install'
[0.628s] Level 1:colcon.colcon_core.package_identification:_identify(src/eufs_msgs) by extensions ['colcon_pkg']
[0.628s] Level 1:colcon.colcon_core.package_identification:_identify(src/eufs_msgs) by extension 'colcon_pkg'
[0.628s] Level 1:colcon.colcon_core.package_identification:_identify(src/eufs_msgs) by extensions ['colcon_meta']
[0.628s] Level 1:colcon.colcon_core.package_identification:_identify(src/eufs_msgs) by extension 'colcon_meta'
[0.628s] Level 1:colcon.colcon_core.package_identification:_identify(src/eufs_msgs) by extensions ['ros']
[0.628s] Level 1:colcon.colcon_core.package_identification:_identify(src/eufs_msgs) by extension 'ros'
[0.631s] DEBUG:colcon.colcon_core.package_identification:Package 'src/eufs_msgs' with type 'ros.ament_cmake' and name 'eufs_msgs'
[0.632s] Level 1:colcon.colcon_core.package_identification:_identify(src/py_pubsub) by extensions ['ignore', 'ignore_ament_install']
[0.632s] Level 1:colcon.colcon_core.package_identification:_identify(src/py_pubsub) by extension 'ignore'
[0.632s] Level 1:colcon.colcon_core.package_identification:_identify(src/py_pubsub) by extension 'ignore_ament_install'
[0.632s] Level 1:colcon.colcon_core.package_identification:_identify(src/py_pubsub) by extensions ['colcon_pkg']
[0.632s] Level 1:colcon.colcon_core.package_identification:_identify(src/py_pubsub) by extension 'colcon_pkg'
[0.632s] Level 1:colcon.colcon_core.package_identification:_identify(src/py_pubsub) by extensions ['colcon_meta']
[0.632s] Level 1:colcon.colcon_core.package_identification:_identify(src/py_pubsub) by extension 'colcon_meta'
[0.632s] Level 1:colcon.colcon_core.package_identification:_identify(src/py_pubsub) by extensions ['ros']
[0.632s] Level 1:colcon.colcon_core.package_identification:_identify(src/py_pubsub) by extension 'ros'
[0.633s] DEBUG:colcon.colcon_core.package_identification:Package 'src/py_pubsub' with type 'ros.ament_python' and name 'py_pubsub'
[0.633s] Level 1:colcon.colcon_core.package_discovery:discover_packages(recursive) using defaults
[0.633s] Level 1:colcon.colcon_core.package_discovery:discover_packages(ignore) discover
[0.634s] Level 1:colcon.colcon_core.package_discovery:discover_packages(ignore) using defaults
[0.634s] Level 1:colcon.colcon_core.package_discovery:discover_packages(path) discover
[0.634s] Level 1:colcon.colcon_core.package_discovery:discover_packages(path) using defaults
[0.678s] INFO:colcon.colcon_core.package_selection:Skipping not selected package 'eufs_msgs' in 'src/eufs_msgs'
[0.679s] Level 1:colcon.colcon_core.package_discovery:discover_packages(prefix_path) check parameters
[0.679s] Level 1:colcon.colcon_core.package_discovery:discover_packages(prefix_path) discover
[0.684s] DEBUG:colcon.colcon_installed_package_information.package_discovery:Found 4 installed packages in /home/vboxuser/autocar/install
[0.688s] DEBUG:colcon.colcon_installed_package_information.package_discovery:Found 9 installed packages in /home/vboxuser/sim/install
[0.691s] DEBUG:colcon.colcon_installed_package_information.package_discovery:Found 277 installed packages in /opt/ros/galactic
[0.693s] Level 1:colcon.colcon_core.package_discovery:discover_packages(prefix_path) using defaults
[0.839s] Level 5:colcon.colcon_core.verb:set package 'py_pubsub' build argument 'cmake_args' from command line to 'None'
[0.839s] Level 5:colcon.colcon_core.verb:set package 'py_pubsub' build argument 'cmake_target' from command line to 'None'
[0.839s] Level 5:colcon.colcon_core.verb:set package 'py_pubsub' build argument 'cmake_target_skip_unavailable' from command line to 'False'
[0.839s] Level 5:colcon.colcon_core.verb:set package 'py_pubsub' build argument 'cmake_clean_cache' from command line to 'False'
[0.839s] Level 5:colcon.colcon_core.verb:set package 'py_pubsub' build argument 'cmake_clean_first' from command line to 'False'
[0.840s] Level 5:colcon.colcon_core.verb:set package 'py_pubsub' build argument 'cmake_force_configure' from command line to 'False'
[0.840s] Level 5:colcon.colcon_core.verb:set package 'py_pubsub' build argument 'ament_cmake_args' from command line to 'None'
[0.840s] Level 5:colcon.colcon_core.verb:set package 'py_pubsub' build argument 'catkin_cmake_args' from command line to 'None'
[0.840s] Level 5:colcon.colcon_core.verb:set package 'py_pubsub' build argument 'catkin_skip_building_tests' from command line to 'False'
[0.840s] DEBUG:colcon.colcon_core.verb:Building package 'py_pubsub' with the following arguments: {'ament_cmake_args': None, 'build_base': '/home/vboxuser/autocar/build/py_pubsub', 'catkin_cmake_args': None, 'catkin_skip_building_tests': False, 'cmake_args': None, 'cmake_clean_cache': False, 'cmake_clean_first': False, 'cmake_force_configure': False, 'cmake_target': None, 'cmake_target_skip_unavailable': False, 'install_base': '/home/vboxuser/autocar/install/py_pubsub', 'merge_install': False, 'path': '/home/vboxuser/autocar/src/py_pubsub', 'symlink_install': <colcon_core.argument_default.BooleanDefaultValue object at 0x7effb87dfa60>, 'test_result_base': None}
[0.841s] INFO:colcon.colcon_core.executor:Executing jobs using 'parallel' executor
[0.847s] DEBUG:colcon.colcon_parallel_executor.executor.parallel:run_until_complete
[0.847s] INFO:colcon.colcon_ros.task.ament_python.build:Building ROS package in '/home/vboxuser/autocar/src/py_pubsub' with build type 'ament_python'
[0.848s] Level 1:colcon.colcon_core.shell:create_environment_hook('py_pubsub', 'ament_prefix_path')
[0.864s] INFO:colcon.colcon_core.plugin_system:Skipping extension 'colcon_core.shell.bat': Not used on non-Windows systems
[0.864s] INFO:colcon.colcon_core.shell:Creating environment hook '/home/vboxuser/autocar/install/py_pubsub/share/py_pubsub/hook/ament_prefix_path.ps1'
[0.865s] INFO:colcon.colcon_core.shell:Creating environment descriptor '/home/vboxuser/autocar/install/py_pubsub/share/py_pubsub/hook/ament_prefix_path.dsv'
[0.866s] INFO:colcon.colcon_core.shell:Creating environment hook '/home/vboxuser/autocar/install/py_pubsub/share/py_pubsub/hook/ament_prefix_path.sh'
[0.868s] INFO:colcon.colcon_core.shell:Skip shell extension 'powershell' for command environment: Not usable outside of PowerShell
[0.868s] DEBUG:colcon.colcon_core.shell:Skip shell extension 'dsv' for command environment
[1.359s] INFO:colcon.colcon_core.task.python.build:Building Python package in '/home/vboxuser/autocar/src/py_pubsub'
[1.361s] INFO:colcon.colcon_core.shell:Skip shell extension 'powershell' for command environment: Not usable outside of PowerShell
[1.361s] DEBUG:colcon.colcon_core.shell:Skip shell extension 'dsv' for command environment
[2.213s] DEBUG:colcon.colcon_core.event_handler.log_command:Invoking command in '/home/vboxuser/autocar/build/py_pubsub': CMAKE_PREFIX_PATH=/home/vboxuser/autocar/install/eufs_msgs:/home/vboxuser/autocar/install/turtlesim:/home/vboxuser/sim/install/eufs_sensors:/home/vboxuser/sim/install/eufs_rviz_plugins:/home/vboxuser/sim/install/eufs_plugins:/home/vboxuser/sim/install/eufs_models:/home/vboxuser/sim/install/eufs_msgs LD_LIBRARY_PATH=/home/vboxuser/autocar/install/eufs_msgs/lib:/home/vboxuser/autocar/install/turtlesim/lib:/home/vboxuser/sim/install/eufs_rviz_plugins/lib:/home/vboxuser/sim/install/eufs_plugins/lib:/home/vboxuser/sim/install/eufs_models/lib:/home/vboxuser/sim/install/eufs_msgs/lib:/usr/lib/x86_64-linux-gnu/gazebo-11/plugins:/opt/ros/galactic/opt/yaml_cpp_vendor/lib:/opt/ros/galactic/opt/rviz_ogre_vendor/lib:/opt/ros/galactic/lib/x86_64-linux-gnu:/opt/ros/galactic/lib PYTHONPATH=/home/vboxuser/autocar/build/py_pubsub/prefix_override:/home/vboxuser/autocar/install/py_pubsub/lib/python3.8/site-packages:/home/vboxuser/autocar/install/eufs_msgs/lib/python3.8/site-packages:/home/vboxuser/autocar/install/turtlesim/lib/python3.8/site-packages:/home/vboxuser/autocar/build/py_pubsub:/home/vboxuser/autocar/install/py_pubsub/lib/python3.8/site-packages:/home/vboxuser/autocar/install/my_package/lib/python3.8/site-packages:/home/vboxuser/sim/install/eufs_launcher/lib/python3.8/site-packages:/home/vboxuser/sim/install/eufs_tracks/lib/python3.8/site-packages:/home/vboxuser/sim/install/eufs_rqt/lib/python3.8/site-packages:/home/vboxuser/sim/install/eufs_racecar/lib/python3.8/site-packages:/home/vboxuser/sim/install/eufs_msgs/lib/python3.8/site-packages:/opt/ros/galactic/lib/python3.8/site-packages /usr/bin/python3 setup.py develop --editable --build-directory /home/vboxuser/autocar/build/py_pubsub/build --no-deps install_data
[3.111s] Level 1:colcon.colcon_core.shell:create_environment_hook('py_pubsub', 'pythonpath_develop')
[3.113s] INFO:colcon.colcon_core.shell:Creating environment hook '/home/vboxuser/autocar/build/py_pubsub/share/py_pubsub/hook/pythonpath_develop.ps1'
[3.113s] DEBUG:colcon.colcon_core.event_handler.log_command:Invoked command in '/home/vboxuser/autocar/build/py_pubsub' returned '0': CMAKE_PREFIX_PATH=/home/vboxuser/autocar/install/eufs_msgs:/home/vboxuser/autocar/install/turtlesim:/home/vboxuser/sim/install/eufs_sensors:/home/vboxuser/sim/install/eufs_rviz_plugins:/home/vboxuser/sim/install/eufs_plugins:/home/vboxuser/sim/install/eufs_models:/home/vboxuser/sim/install/eufs_msgs LD_LIBRARY_PATH=/home/vboxuser/autocar/install/eufs_msgs/lib:/home/vboxuser/autocar/install/turtlesim/lib:/home/vboxuser/sim/install/eufs_rviz_plugins/lib:/home/vboxuser/sim/install/eufs_plugins/lib:/home/vboxuser/sim/install/eufs_models/lib:/home/vboxuser/sim/install/eufs_msgs/lib:/usr/lib/x86_64-linux-gnu/gazebo-11/plugins:/opt/ros/galactic/opt/yaml_cpp_vendor/lib:/opt/ros/galactic/opt/rviz_ogre_vendor/lib:/opt/ros/galactic/lib/x86_64-linux-gnu:/opt/ros/galactic/lib PYTHONPATH=/home/vboxuser/autocar/build/py_pubsub/prefix_override:/home/vboxuser/autocar/install/py_pubsub/lib/python3.8/site-packages:/home/vboxuser/autocar/install/eufs_msgs/lib/python3.8/site-packages:/home/vboxuser/autocar/install/turtlesim/lib/python3.8/site-packages:/home/vboxuser/autocar/build/py_pubsub:/home/vboxuser/autocar/install/py_pubsub/lib/python3.8/site-packages:/home/vboxuser/autocar/install/my_package/lib/python3.8/site-packages:/home/vboxuser/sim/install/eufs_launcher/lib/python3.8/site-packages:/home/vboxuser/sim/install/eufs_tracks/lib/python3.8/site-packages:/home/vboxuser/sim/install/eufs_rqt/lib/python3.8/site-packages:/home/vboxuser/sim/install/eufs_racecar/lib/python3.8/site-packages:/home/vboxuser/sim/install/eufs_msgs/lib/python3.8/site-packages:/opt/ros/galactic/lib/python3.8/site-packages /usr/bin/python3 setup.py develop --editable --build-directory /home/vboxuser/autocar/build/py_pubsub/build --no-deps install_data
[3.114s] INFO:colcon.colcon_core.shell:Creating environment descriptor '/home/vboxuser/autocar/build/py_pubsub/share/py_pubsub/hook/pythonpath_develop.dsv'
[3.114s] INFO:colcon.colcon_core.shell:Creating environment hook '/home/vboxuser/autocar/build/py_pubsub/share/py_pubsub/hook/pythonpath_develop.sh'
[3.123s] Level 1:colcon.colcon_core.environment:checking '/home/vboxuser/autocar/install/py_pubsub' for CMake module files
[3.123s] Level 1:colcon.colcon_core.environment:checking '/home/vboxuser/autocar/install/py_pubsub' for CMake config files
[3.124s] Level 1:colcon.colcon_core.environment:checking '/home/vboxuser/autocar/install/py_pubsub/lib'
[3.124s] Level 1:colcon.colcon_core.environment:checking '/home/vboxuser/autocar/install/py_pubsub/bin'
[3.124s] Level 1:colcon.colcon_core.environment:checking '/home/vboxuser/autocar/install/py_pubsub/lib/pkgconfig/py_pubsub.pc'
[3.124s] Level 1:colcon.colcon_core.environment:checking '/home/vboxuser/autocar/install/py_pubsub/lib/python3.8/site-packages'
[3.124s] Level 1:colcon.colcon_core.shell:create_environment_hook('py_pubsub', 'pythonpath')
[3.126s] INFO:colcon.colcon_core.shell:Creating environment hook '/home/vboxuser/autocar/install/py_pubsub/share/py_pubsub/hook/pythonpath.ps1'
[3.126s] INFO:colcon.colcon_core.shell:Creating environment descriptor '/home/vboxuser/autocar/install/py_pubsub/share/py_pubsub/hook/pythonpath.dsv'
[3.126s] INFO:colcon.colcon_core.shell:Creating environment hook '/home/vboxuser/autocar/install/py_pubsub/share/py_pubsub/hook/pythonpath.sh'
[3.127s] Level 1:colcon.colcon_core.environment:checking '/home/vboxuser/autocar/install/py_pubsub/bin'
[3.127s] Level 1:colcon.colcon_core.environment:create_environment_scripts_only(py_pubsub)
[3.131s] INFO:colcon.colcon_core.shell:Creating package script '/home/vboxuser/autocar/install/py_pubsub/share/py_pubsub/package.ps1'
[3.133s] INFO:colcon.colcon_core.shell:Creating package descriptor '/home/vboxuser/autocar/install/py_pubsub/share/py_pubsub/package.dsv'
[3.134s] INFO:colcon.colcon_core.shell:Creating package script '/home/vboxuser/autocar/install/py_pubsub/share/py_pubsub/package.sh'
[3.135s] INFO:colcon.colcon_core.shell:Creating package script '/home/vboxuser/autocar/install/py_pubsub/share/py_pubsub/package.bash'
[3.137s] INFO:colcon.colcon_core.shell:Creating package script '/home/vboxuser/autocar/install/py_pubsub/share/py_pubsub/package.zsh'
[3.137s] Level 1:colcon.colcon_core.environment:create_file_with_runtime_dependencies(/home/vboxuser/autocar/install/py_pubsub/share/colcon-core/packages/py_pubsub)
[3.138s] DEBUG:colcon.colcon_parallel_executor.executor.parallel:closing loop
[3.138s] DEBUG:colcon.colcon_parallel_executor.executor.parallel:loop closed
[3.139s] DEBUG:colcon.colcon_parallel_executor.executor.parallel:run_until_complete finished with '0'
[3.139s] DEBUG:colcon.colcon_core.event_reactor:joining thread
[3.161s] INFO:colcon.colcon_core.plugin_system:Skipping extension 'colcon_notification.desktop_notification.terminal_notifier': Not used on non-Darwin systems
[3.162s] INFO:colcon.colcon_core.plugin_system:Skipping extension 'colcon_notification.desktop_notification.win32': Not used on non-Windows systems
[3.162s] INFO:colcon.colcon_notification.desktop_notification:Sending desktop notification using 'notify2'
[3.186s] DEBUG:colcon.colcon_core.event_reactor:joined thread
[3.188s] INFO:colcon.colcon_core.shell:Creating prefix script '/home/vboxuser/autocar/install/local_setup.ps1'
[3.190s] INFO:colcon.colcon_core.shell:Creating prefix util module '/home/vboxuser/autocar/install/_local_setup_util_ps1.py'
[3.191s] INFO:colcon.colcon_core.shell:Creating prefix chain script '/home/vboxuser/autocar/install/setup.ps1'
[3.194s] INFO:colcon.colcon_core.shell:Creating prefix script '/home/vboxuser/autocar/install/local_setup.sh'
[3.195s] INFO:colcon.colcon_core.shell:Creating prefix util module '/home/vboxuser/autocar/install/_local_setup_util_sh.py'
[3.196s] INFO:colcon.colcon_core.shell:Creating prefix chain script '/home/vboxuser/autocar/install/setup.sh'
[3.198s] INFO:colcon.colcon_core.shell:Creating prefix script '/home/vboxuser/autocar/install/local_setup.bash'
[3.198s] INFO:colcon.colcon_core.shell:Creating prefix chain script '/home/vboxuser/autocar/install/setup.bash'
[3.200s] INFO:colcon.colcon_core.shell:Creating prefix script '/home/vboxuser/autocar/install/local_setup.zsh'
[3.201s] INFO:colcon.colcon_core.shell:Creating prefix chain script '/home/vboxuser/autocar/install/setup.zsh'
