[0.015s] Invoking command in '/home/vboxuser/autocar/build/turtlesim': CMAKE_PREFIX_PATH=/opt/ros/galactic /usr/bin/cmake /home/vboxuser/autocar/src/ros_tutorials/turtlesim -DCMAKE_INSTALL_PREFIX=/home/vboxuser/autocar/install/turtlesim
[0.311s] -- The C compiler identification is GNU 9.4.0
[0.508s] -- The CXX compiler identification is GNU 9.4.0
[0.520s] -- Check for working C compiler: /usr/bin/cc
[0.579s] -- Check for working C compiler: /usr/bin/cc -- works
[0.581s] -- Detecting C compiler ABI info
[0.641s] -- Detecting C compiler ABI info - done
[0.652s] -- Detecting C compile features
[0.653s] -- Detecting C compile features - done
[0.657s] -- Check for working CXX compiler: /usr/bin/c++
[0.728s] -- Check for working CXX compiler: /usr/bin/c++ -- works
[0.729s] -- Detecting CXX compiler ABI info
[0.830s] -- Detecting CXX compiler ABI info - done
[0.844s] -- Detecting CXX compile features
[0.845s] -- Detecting CXX compile features - done
[0.870s] -- Found ament_cmake: 1.1.6 (/opt/ros/galactic/share/ament_cmake/cmake)
[0.912s] -- Found PythonInterp: /usr/bin/python3 (found suitable version "3.8.10", minimum required is "3") 
[0.912s] -- Using PYTHON_EXECUTABLE: /usr/bin/python3
[1.014s] -- Found ament_index_cpp: 1.2.0 (/opt/ros/galactic/share/ament_index_cpp/cmake)
[1.020s] -- Found geometry_msgs: 2.2.4 (/opt/ros/galactic/share/geometry_msgs/cmake)
[1.075s] -- Using all available rosidl_typesupport_c: rosidl_typesupport_fastrtps_c;rosidl_typesupport_introspection_c
[1.084s] -- Found rosidl_adapter: 2.2.3 (/opt/ros/galactic/share/rosidl_adapter/cmake)
[1.190s] -- Found OpenSSL: /usr/lib/x86_64-linux-gnu/libcrypto.so (found version "1.1.1f")  
[1.219s] -- Found FastRTPS: /opt/ros/galactic/include  
[1.302s] -- Using all available rosidl_typesupport_cpp: rosidl_typesupport_fastrtps_cpp;rosidl_typesupport_introspection_cpp
[1.490s] -- Found rclcpp: 9.2.2 (/opt/ros/galactic/share/rclcpp/cmake)
[1.611s] -- Found rmw_implementation_cmake: 3.3.1 (/opt/ros/galactic/share/rmw_implementation_cmake/cmake)
[1.616s] -- Found rmw_cyclonedds_cpp: 0.22.6 (/opt/ros/galactic/share/rmw_cyclonedds_cpp/cmake)
[1.640s] -- Using RMW implementation 'rmw_cyclonedds_cpp' as default
[1.642s] -- Looking for pthread.h
[1.716s] -- Looking for pthread.h - found
[1.716s] -- Performing Test CMAKE_HAVE_LIBC_PTHREAD
[1.776s] -- Performing Test CMAKE_HAVE_LIBC_PTHREAD - Failed
[1.776s] -- Looking for pthread_create in pthreads
[1.828s] -- Looking for pthread_create in pthreads - not found
[1.829s] -- Looking for pthread_create in pthread
[1.886s] -- Looking for pthread_create in pthread - found
[1.887s] -- Found Threads: TRUE  
[2.054s] -- Found rclcpp_action: 9.2.2 (/opt/ros/galactic/share/rclcpp_action/cmake)
[2.142s] -- Found rosidl_default_generators: 1.1.1 (/opt/ros/galactic/share/rosidl_default_generators/cmake)
[2.163s] -- Found std_srvs: 2.2.4 (/opt/ros/galactic/share/std_srvs/cmake)
[2.194s] -- Found PythonInterp: /usr/bin/python3 (found version "3.8.10") 
[2.358s] -- Found ament_cmake_ros: 0.9.2 (/opt/ros/galactic/share/ament_cmake_ros/cmake)
[2.487s] -- Using all available rosidl_typesupport_c: rosidl_typesupport_fastrtps_c;rosidl_typesupport_introspection_c
[2.510s] -- Using all available rosidl_typesupport_cpp: rosidl_typesupport_fastrtps_cpp;rosidl_typesupport_introspection_cpp
[2.528s] -- Found PythonInterp: /usr/bin/python3 (found suitable version "3.8.10", minimum required is "3.5") 
[2.530s] -- Found python_cmake_module: 0.8.1 (/opt/ros/galactic/share/python_cmake_module/cmake)
[2.557s] -- Found PythonLibs: /usr/lib/x86_64-linux-gnu/libpython3.8.so (found suitable version "3.8.10", minimum required is "3.5") 
[2.557s] -- Using PYTHON_EXECUTABLE: /usr/bin/python3
[2.557s] -- Using PYTHON_INCLUDE_DIRS: /usr/include/python3.8
[2.557s] -- Using PYTHON_LIBRARIES: /usr/lib/x86_64-linux-gnu/libpython3.8.so
[2.574s] -- Found PythonExtra: .so  
[2.645s] -- Configuring done
[2.733s] -- Generating done
[2.736s] -- Build files have been written to: /home/vboxuser/autocar/build/turtlesim
[2.744s] Invoked command in '/home/vboxuser/autocar/build/turtlesim' returned '0': CMAKE_PREFIX_PATH=/opt/ros/galactic /usr/bin/cmake /home/vboxuser/autocar/src/ros_tutorials/turtlesim -DCMAKE_INSTALL_PREFIX=/home/vboxuser/autocar/install/turtlesim
[2.747s] Invoking command in '/home/vboxuser/autocar/build/turtlesim': CMAKE_PREFIX_PATH=/opt/ros/galactic /usr/bin/cmake --build /home/vboxuser/autocar/build/turtlesim -- -j8 -l8
[2.784s] [  1%] [34m[1mGenerating C code for ROS interfaces[0m
[2.784s] [35m[1mScanning dependencies of target turtlesim__cpp[0m
[2.792s] [  2%] [34m[1mGenerating C++ code for ROS interfaces[0m
[3.638s] [  2%] Built target turtlesim__cpp
[3.658s] [  3%] [34m[1mGenerating C++ introspection for ROS interfaces[0m
[3.660s] [  4%] [34m[1mGenerating C++ type support for eProsima Fast-RTPS[0m
[3.662s] [  5%] [34m[1mGenerating C++ type support dispatch for ROS interfaces[0m
[3.794s] [35m[1mScanning dependencies of target turtlesim__rosidl_generator_c[0m
[3.814s] [  7%] [32mBuilding C object CMakeFiles/turtlesim__rosidl_generator_c.dir/rosidl_generator_c/turtlesim/msg/detail/color__functions.c.o[0m
[3.814s] [  7%] [32mBuilding C object CMakeFiles/turtlesim__rosidl_generator_c.dir/rosidl_generator_c/turtlesim/msg/detail/pose__functions.c.o[0m
[3.816s] [  8%] [32mBuilding C object CMakeFiles/turtlesim__rosidl_generator_c.dir/rosidl_generator_c/turtlesim/action/detail/rotate_absolute__functions.c.o[0m
[3.816s] [  9%] [32mBuilding C object CMakeFiles/turtlesim__rosidl_generator_c.dir/rosidl_generator_c/turtlesim/srv/detail/kill__functions.c.o[0m
[3.823s] [ 10%] [32mBuilding C object CMakeFiles/turtlesim__rosidl_generator_c.dir/rosidl_generator_c/turtlesim/srv/detail/set_pen__functions.c.o[0m
[3.862s] [ 11%] [32mBuilding C object CMakeFiles/turtlesim__rosidl_generator_c.dir/rosidl_generator_c/turtlesim/srv/detail/spawn__functions.c.o[0m
[3.872s] [ 12%] [32mBuilding C object CMakeFiles/turtlesim__rosidl_generator_c.dir/rosidl_generator_c/turtlesim/srv/detail/teleport_absolute__functions.c.o[0m
[3.885s] [ 13%] [32mBuilding C object CMakeFiles/turtlesim__rosidl_generator_c.dir/rosidl_generator_c/turtlesim/srv/detail/teleport_relative__functions.c.o[0m
[3.942s] [ 14%] [32m[1mLinking C shared library libturtlesim__rosidl_generator_c.so[0m
[4.002s] [ 14%] Built target turtlesim__rosidl_generator_c
[4.010s] [ 15%] [34m[1mGenerating C type support dispatch for ROS interfaces[0m
[4.010s] [ 16%] [34m[1mGenerating C introspection for ROS interfaces[0m
[4.165s] [35m[1mScanning dependencies of target turtlesim__rosidl_typesupport_cpp[0m
[4.199s] [ 17%] [32mBuilding CXX object CMakeFiles/turtlesim__rosidl_typesupport_cpp.dir/rosidl_typesupport_cpp/turtlesim/msg/color__type_support.cpp.o[0m
[4.200s] [ 18%] [32mBuilding CXX object CMakeFiles/turtlesim__rosidl_typesupport_cpp.dir/rosidl_typesupport_cpp/turtlesim/action/rotate_absolute__type_support.cpp.o[0m
[4.201s] [ 19%] [32mBuilding CXX object CMakeFiles/turtlesim__rosidl_typesupport_cpp.dir/rosidl_typesupport_cpp/turtlesim/msg/pose__type_support.cpp.o[0m
[4.201s] [ 20%] [32mBuilding CXX object CMakeFiles/turtlesim__rosidl_typesupport_cpp.dir/rosidl_typesupport_cpp/turtlesim/srv/kill__type_support.cpp.o[0m
[4.380s] [35m[1mScanning dependencies of target turtlesim__rosidl_typesupport_introspection_cpp[0m
[4.407s] [ 21%] [32mBuilding CXX object CMakeFiles/turtlesim__rosidl_typesupport_introspection_cpp.dir/rosidl_typesupport_introspection_cpp/turtlesim/action/detail/rotate_absolute__type_support.cpp.o[0m
[4.667s] [ 22%] [32mBuilding CXX object CMakeFiles/turtlesim__rosidl_typesupport_cpp.dir/rosidl_typesupport_cpp/turtlesim/srv/set_pen__type_support.cpp.o[0m
[4.671s] [35m[1mScanning dependencies of target turtlesim__rosidl_typesupport_c[0m
[4.713s] [ 23%] [32mBuilding CXX object CMakeFiles/turtlesim__rosidl_typesupport_cpp.dir/rosidl_typesupport_cpp/turtlesim/srv/spawn__type_support.cpp.o[0m
[4.716s] [ 24%] [32mBuilding CXX object CMakeFiles/turtlesim__rosidl_typesupport_c.dir/rosidl_typesupport_c/turtlesim/action/rotate_absolute__type_support.cpp.o[0m
[4.751s] [ 25%] [32mBuilding CXX object CMakeFiles/turtlesim__rosidl_typesupport_cpp.dir/rosidl_typesupport_cpp/turtlesim/srv/teleport_absolute__type_support.cpp.o[0m
[4.821s] [35m[1mScanning dependencies of target turtlesim__rosidl_typesupport_fastrtps_cpp[0m
[4.844s] [ 26%] [32mBuilding CXX object CMakeFiles/turtlesim__rosidl_typesupport_c.dir/rosidl_typesupport_c/turtlesim/msg/color__type_support.cpp.o[0m
[4.897s] [ 27%] [32mBuilding CXX object CMakeFiles/turtlesim__rosidl_typesupport_c.dir/rosidl_typesupport_c/turtlesim/msg/pose__type_support.cpp.o[0m
[4.933s] [ 28%] [32mBuilding CXX object CMakeFiles/turtlesim__rosidl_typesupport_fastrtps_cpp.dir/rosidl_typesupport_fastrtps_cpp/turtlesim/action/detail/dds_fastrtps/rotate_absolute__type_support.cpp.o[0m
[4.977s] [ 29%] [32mBuilding CXX object CMakeFiles/turtlesim__rosidl_typesupport_c.dir/rosidl_typesupport_c/turtlesim/srv/kill__type_support.cpp.o[0m
[5.076s] [ 30%] [32mBuilding CXX object CMakeFiles/turtlesim__rosidl_typesupport_c.dir/rosidl_typesupport_c/turtlesim/srv/set_pen__type_support.cpp.o[0m
[5.109s] [ 31%] [32mBuilding CXX object CMakeFiles/turtlesim__rosidl_typesupport_cpp.dir/rosidl_typesupport_cpp/turtlesim/srv/teleport_relative__type_support.cpp.o[0m
[5.114s] [ 32%] [32mBuilding CXX object CMakeFiles/turtlesim__rosidl_typesupport_c.dir/rosidl_typesupport_c/turtlesim/srv/spawn__type_support.cpp.o[0m
[5.126s] [ 33%] [32mBuilding CXX object CMakeFiles/turtlesim__rosidl_typesupport_c.dir/rosidl_typesupport_c/turtlesim/srv/teleport_absolute__type_support.cpp.o[0m
[5.127s] [35m[1mScanning dependencies of target turtlesim__rosidl_typesupport_introspection_c[0m
[5.163s] [ 34%] [32mBuilding C object CMakeFiles/turtlesim__rosidl_typesupport_introspection_c.dir/rosidl_typesupport_introspection_c/turtlesim/action/detail/rotate_absolute__type_support.c.o[0m
[5.164s] [ 35%] [32mBuilding CXX object CMakeFiles/turtlesim__rosidl_typesupport_c.dir/rosidl_typesupport_c/turtlesim/srv/teleport_relative__type_support.cpp.o[0m
[5.175s] [ 36%] [32mBuilding CXX object CMakeFiles/turtlesim__rosidl_typesupport_introspection_cpp.dir/rosidl_typesupport_introspection_cpp/turtlesim/msg/detail/color__type_support.cpp.o[0m
[5.183s] [ 37%] [32mBuilding CXX object CMakeFiles/turtlesim__rosidl_typesupport_fastrtps_cpp.dir/rosidl_typesupport_fastrtps_cpp/turtlesim/msg/detail/dds_fastrtps/color__type_support.cpp.o[0m
[5.202s] [ 38%] [32m[1mLinking CXX shared library libturtlesim__rosidl_typesupport_c.so[0m
[5.210s] [ 39%] [32mBuilding C object CMakeFiles/turtlesim__rosidl_typesupport_introspection_c.dir/rosidl_typesupport_introspection_c/turtlesim/msg/detail/color__type_support.c.o[0m
[5.224s] [ 40%] [32mBuilding CXX object CMakeFiles/turtlesim__rosidl_typesupport_introspection_cpp.dir/rosidl_typesupport_introspection_cpp/turtlesim/msg/detail/pose__type_support.cpp.o[0m
[5.239s] [ 40%] Built target turtlesim__rosidl_typesupport_c
[5.248s] [ 41%] [32mBuilding CXX object CMakeFiles/turtlesim__rosidl_typesupport_introspection_cpp.dir/rosidl_typesupport_introspection_cpp/turtlesim/srv/detail/set_pen__type_support.cpp.o[0m
[5.250s] [ 42%] [32mBuilding CXX object CMakeFiles/turtlesim__rosidl_typesupport_introspection_cpp.dir/rosidl_typesupport_introspection_cpp/turtlesim/srv/detail/kill__type_support.cpp.o[0m
[5.257s] [ 43%] [32mBuilding C object CMakeFiles/turtlesim__rosidl_typesupport_introspection_c.dir/rosidl_typesupport_introspection_c/turtlesim/msg/detail/pose__type_support.c.o[0m
[5.291s] [ 44%] [32mBuilding C object CMakeFiles/turtlesim__rosidl_typesupport_introspection_c.dir/rosidl_typesupport_introspection_c/turtlesim/srv/detail/kill__type_support.c.o[0m
[5.326s] [ 45%] [32mBuilding C object CMakeFiles/turtlesim__rosidl_typesupport_introspection_c.dir/rosidl_typesupport_introspection_c/turtlesim/srv/detail/set_pen__type_support.c.o[0m
[5.359s] [ 46%] [32mBuilding C object CMakeFiles/turtlesim__rosidl_typesupport_introspection_c.dir/rosidl_typesupport_introspection_c/turtlesim/srv/detail/spawn__type_support.c.o[0m
[5.402s] [ 47%] [32mBuilding C object CMakeFiles/turtlesim__rosidl_typesupport_introspection_c.dir/rosidl_typesupport_introspection_c/turtlesim/srv/detail/teleport_absolute__type_support.c.o[0m
[5.406s] [ 48%] [32m[1mLinking CXX shared library libturtlesim__rosidl_typesupport_cpp.so[0m
[5.436s] [ 49%] [32mBuilding C object CMakeFiles/turtlesim__rosidl_typesupport_introspection_c.dir/rosidl_typesupport_introspection_c/turtlesim/srv/detail/teleport_relative__type_support.c.o[0m
[5.457s] [ 49%] Built target turtlesim__rosidl_typesupport_cpp
[5.463s] [ 50%] [32m[1mLinking C shared library libturtlesim__rosidl_typesupport_introspection_c.so[0m
[5.465s] [ 51%] [32mBuilding CXX object CMakeFiles/turtlesim__rosidl_typesupport_introspection_cpp.dir/rosidl_typesupport_introspection_cpp/turtlesim/srv/detail/spawn__type_support.cpp.o[0m
[5.500s] [ 52%] [32mBuilding CXX object CMakeFiles/turtlesim__rosidl_typesupport_introspection_cpp.dir/rosidl_typesupport_introspection_cpp/turtlesim/srv/detail/teleport_absolute__type_support.cpp.o[0m
[5.514s] [ 52%] Built target turtlesim__rosidl_typesupport_introspection_c
[5.524s] [ 53%] [32mBuilding CXX object CMakeFiles/turtlesim__rosidl_typesupport_introspection_cpp.dir/rosidl_typesupport_introspection_cpp/turtlesim/srv/detail/teleport_relative__type_support.cpp.o[0m
[5.575s] [ 54%] [32mBuilding CXX object CMakeFiles/turtlesim__rosidl_typesupport_fastrtps_cpp.dir/rosidl_typesupport_fastrtps_cpp/turtlesim/msg/detail/dds_fastrtps/pose__type_support.cpp.o[0m
[5.594s] [ 55%] [32mBuilding CXX object CMakeFiles/turtlesim__rosidl_typesupport_fastrtps_cpp.dir/rosidl_typesupport_fastrtps_cpp/turtlesim/srv/detail/dds_fastrtps/kill__type_support.cpp.o[0m
[5.599s] [ 56%] [32mBuilding CXX object CMakeFiles/turtlesim__rosidl_typesupport_fastrtps_cpp.dir/rosidl_typesupport_fastrtps_cpp/turtlesim/srv/detail/dds_fastrtps/set_pen__type_support.cpp.o[0m
[5.652s] [ 57%] [32mBuilding CXX object CMakeFiles/turtlesim__rosidl_typesupport_fastrtps_cpp.dir/rosidl_typesupport_fastrtps_cpp/turtlesim/srv/detail/dds_fastrtps/spawn__type_support.cpp.o[0m
[5.785s] [ 58%] [32mBuilding CXX object CMakeFiles/turtlesim__rosidl_typesupport_fastrtps_cpp.dir/rosidl_typesupport_fastrtps_cpp/turtlesim/srv/detail/dds_fastrtps/teleport_absolute__type_support.cpp.o[0m
[5.890s] [ 59%] [32mBuilding CXX object CMakeFiles/turtlesim__rosidl_typesupport_fastrtps_cpp.dir/rosidl_typesupport_fastrtps_cpp/turtlesim/srv/detail/dds_fastrtps/teleport_relative__type_support.cpp.o[0m
[6.045s] [ 60%] [32m[1mLinking CXX shared library libturtlesim__rosidl_typesupport_introspection_cpp.so[0m
[6.147s] [ 60%] Built target turtlesim__rosidl_typesupport_introspection_cpp
[6.366s] [ 61%] [32m[1mLinking CXX shared library libturtlesim__rosidl_typesupport_fastrtps_cpp.so[0m
[6.453s] [ 61%] Built target turtlesim__rosidl_typesupport_fastrtps_cpp
[6.460s] [ 62%] [34m[1mGenerating C type support for eProsima Fast-RTPS[0m
[7.041s] [35m[1mScanning dependencies of target turtlesim__rosidl_typesupport_fastrtps_c[0m
[7.068s] [ 66%] [32mBuilding CXX object CMakeFiles/turtlesim__rosidl_typesupport_fastrtps_c.dir/rosidl_typesupport_fastrtps_c/turtlesim/msg/detail/color__type_support_c.cpp.o[0m
[7.069s] [ 66%] [32mBuilding CXX object CMakeFiles/turtlesim__rosidl_typesupport_fastrtps_c.dir/rosidl_typesupport_fastrtps_c/turtlesim/action/detail/rotate_absolute__type_support_c.cpp.o[0m
[7.069s] [ 66%] [32mBuilding CXX object CMakeFiles/turtlesim__rosidl_typesupport_fastrtps_c.dir/rosidl_typesupport_fastrtps_c/turtlesim/srv/detail/kill__type_support_c.cpp.o[0m
[7.069s] [ 66%] [32mBuilding CXX object CMakeFiles/turtlesim__rosidl_typesupport_fastrtps_c.dir/rosidl_typesupport_fastrtps_c/turtlesim/msg/detail/pose__type_support_c.cpp.o[0m
[7.069s] [ 67%] [32mBuilding CXX object CMakeFiles/turtlesim__rosidl_typesupport_fastrtps_c.dir/rosidl_typesupport_fastrtps_c/turtlesim/srv/detail/set_pen__type_support_c.cpp.o[0m
[7.071s] [ 68%] [32mBuilding CXX object CMakeFiles/turtlesim__rosidl_typesupport_fastrtps_c.dir/rosidl_typesupport_fastrtps_c/turtlesim/srv/detail/spawn__type_support_c.cpp.o[0m
[7.078s] [ 69%] [32mBuilding CXX object CMakeFiles/turtlesim__rosidl_typesupport_fastrtps_c.dir/rosidl_typesupport_fastrtps_c/turtlesim/srv/detail/teleport_absolute__type_support_c.cpp.o[0m
[7.078s] [ 70%] [32mBuilding CXX object CMakeFiles/turtlesim__rosidl_typesupport_fastrtps_c.dir/rosidl_typesupport_fastrtps_c/turtlesim/srv/detail/teleport_relative__type_support_c.cpp.o[0m
[7.506s] [ 71%] [32m[1mLinking CXX shared library libturtlesim__rosidl_typesupport_fastrtps_c.so[0m
[7.572s] [ 71%] Built target turtlesim__rosidl_typesupport_fastrtps_c
[7.579s] [35m[1mScanning dependencies of target turtlesim[0m
[7.587s] [ 71%] Built target turtlesim
[7.595s] [ 72%] [34m[1mGenerating include/turtlesim/moc_turtle_frame.cpp[0m
[7.595s] [35m[1mScanning dependencies of target turtle_teleop_key[0m
[7.596s] [35m[1mScanning dependencies of target draw_square[0m
[7.596s] [35m[1mScanning dependencies of target mimic[0m
[7.596s] [35m[1mScanning dependencies of target turtlesim__py[0m
[7.609s] [ 73%] [34m[1mGenerating Python code for ROS interfaces[0m
[7.701s] [35m[1mScanning dependencies of target turtlesim_node[0m
[7.748s] [ 76%] [32mBuilding CXX object CMakeFiles/mimic.dir/tutorials/mimic.cpp.o[0m
[7.748s] [ 76%] [32mBuilding CXX object CMakeFiles/draw_square.dir/tutorials/draw_square.cpp.o[0m
[7.749s] [ 76%] [32mBuilding CXX object CMakeFiles/turtle_teleop_key.dir/tutorials/teleop_turtle_key.cpp.o[0m
[7.778s] [ 77%] [32mBuilding CXX object CMakeFiles/turtlesim_node.dir/src/turtlesim.cpp.o[0m
[7.778s] [ 78%] [32mBuilding CXX object CMakeFiles/turtlesim_node.dir/include/turtlesim/moc_turtle_frame.cpp.o[0m
[7.778s] [ 79%] [32mBuilding CXX object CMakeFiles/turtlesim_node.dir/src/turtle.cpp.o[0m
[7.785s] [ 80%] [32mBuilding CXX object CMakeFiles/turtlesim_node.dir/src/turtle_frame.cpp.o[0m
[9.756s] [ 80%] Built target turtlesim__py
[9.768s] [35m[1mScanning dependencies of target turtlesim__python[0m
[9.843s] [ 81%] [32mBuilding C object CMakeFiles/turtlesim__python.dir/rosidl_generator_py/turtlesim/action/_rotate_absolute_s.c.o[0m
[10.004s] [ 82%] [32mBuilding C object CMakeFiles/turtlesim__python.dir/rosidl_generator_py/turtlesim/msg/_color_s.c.o[0m
[10.113s] [ 83%] [32mBuilding C object CMakeFiles/turtlesim__python.dir/rosidl_generator_py/turtlesim/msg/_pose_s.c.o[0m
[10.211s] [ 84%] [32mBuilding C object CMakeFiles/turtlesim__python.dir/rosidl_generator_py/turtlesim/srv/_kill_s.c.o[0m
[10.315s] [ 85%] [32mBuilding C object CMakeFiles/turtlesim__python.dir/rosidl_generator_py/turtlesim/srv/_set_pen_s.c.o[0m
[10.416s] [ 86%] [32mBuilding C object CMakeFiles/turtlesim__python.dir/rosidl_generator_py/turtlesim/srv/_spawn_s.c.o[0m
[10.528s] [ 87%] [32mBuilding C object CMakeFiles/turtlesim__python.dir/rosidl_generator_py/turtlesim/srv/_teleport_absolute_s.c.o[0m
[10.620s] [ 88%] [32mBuilding C object CMakeFiles/turtlesim__python.dir/rosidl_generator_py/turtlesim/srv/_teleport_relative_s.c.o[0m
[10.699s] [ 89%] [32m[1mLinking C shared library rosidl_generator_py/turtlesim/libturtlesim__python.so[0m
[10.752s] [ 89%] Built target turtlesim__python
[10.764s] [35m[1mScanning dependencies of target turtlesim__rosidl_typesupport_introspection_c__pyext[0m
[10.789s] [ 90%] [32mBuilding C object CMakeFiles/turtlesim__rosidl_typesupport_introspection_c__pyext.dir/rosidl_generator_py/turtlesim/_turtlesim_s.ep.rosidl_typesupport_introspection_c.c.o[0m
[10.930s] [ 91%] [32m[1mLinking C shared library rosidl_generator_py/turtlesim/turtlesim_s__rosidl_typesupport_introspection_c.cpython-38-x86_64-linux-gnu.so[0m
[10.974s] [ 91%] Built target turtlesim__rosidl_typesupport_introspection_c__pyext
[10.984s] [35m[1mScanning dependencies of target turtlesim__rosidl_typesupport_fastrtps_c__pyext[0m
[11.008s] [ 92%] [32mBuilding C object CMakeFiles/turtlesim__rosidl_typesupport_fastrtps_c__pyext.dir/rosidl_generator_py/turtlesim/_turtlesim_s.ep.rosidl_typesupport_fastrtps_c.c.o[0m
[11.147s] [ 93%] [32m[1mLinking CXX shared library rosidl_generator_py/turtlesim/turtlesim_s__rosidl_typesupport_fastrtps_c.cpython-38-x86_64-linux-gnu.so[0m
[11.217s] [ 93%] Built target turtlesim__rosidl_typesupport_fastrtps_c__pyext
[11.229s] [35m[1mScanning dependencies of target turtlesim__rosidl_typesupport_c__pyext[0m
[11.254s] [ 94%] [32mBuilding C object CMakeFiles/turtlesim__rosidl_typesupport_c__pyext.dir/rosidl_generator_py/turtlesim/_turtlesim_s.ep.rosidl_typesupport_c.c.o[0m
[11.383s] [ 95%] [32m[1mLinking C shared library rosidl_generator_py/turtlesim/turtlesim_s__rosidl_typesupport_c.cpython-38-x86_64-linux-gnu.so[0m
[11.415s] [ 95%] Built target turtlesim__rosidl_typesupport_c__pyext
[12.975s] [ 96%] [32m[1mLinking CXX executable turtle_teleop_key[0m
[13.237s] [ 96%] Built target turtle_teleop_key
[15.820s] [ 97%] [32m[1mLinking CXX executable mimic[0m
[16.143s] [ 97%] Built target mimic
[16.198s] [ 98%] [32m[1mLinking CXX executable draw_square[0m
[16.666s] [ 98%] Built target draw_square
[17.953s] [100%] [32m[1mLinking CXX executable turtlesim_node[0m
[19.531s] [100%] Built target turtlesim_node
[19.541s] Invoked command in '/home/vboxuser/autocar/build/turtlesim' returned '0': CMAKE_PREFIX_PATH=/opt/ros/galactic /usr/bin/cmake --build /home/vboxuser/autocar/build/turtlesim -- -j8 -l8
[19.682s] Invoking command in '/home/vboxuser/autocar/build/turtlesim': CMAKE_PREFIX_PATH=/opt/ros/galactic /usr/bin/cmake --install /home/vboxuser/autocar/build/turtlesim
[19.695s] -- Install configuration: ""
[19.696s] -- Installing: /home/vboxuser/autocar/install/turtlesim/share/ament_index/resource_index/rosidl_interfaces/turtlesim
[19.696s] -- Installing: /home/vboxuser/autocar/install/turtlesim/include/turtlesim
[19.696s] -- Installing: /home/vboxuser/autocar/install/turtlesim/include/turtlesim/srv
[19.696s] -- Installing: /home/vboxuser/autocar/install/turtlesim/include/turtlesim/srv/detail
[19.696s] -- Installing: /home/vboxuser/autocar/install/turtlesim/include/turtlesim/srv/detail/teleport_relative__functions.h
[19.696s] -- Installing: /home/vboxuser/autocar/install/turtlesim/include/turtlesim/srv/detail/teleport_relative__struct.h
[19.697s] -- Installing: /home/vboxuser/autocar/install/turtlesim/include/turtlesim/srv/detail/set_pen__functions.c
[19.697s] -- Installing: /home/vboxuser/autocar/install/turtlesim/include/turtlesim/srv/detail/kill__type_support.h
[19.697s] -- Installing: /home/vboxuser/autocar/install/turtlesim/include/turtlesim/srv/detail/spawn__type_support.h
[19.697s] -- Installing: /home/vboxuser/autocar/install/turtlesim/include/turtlesim/srv/detail/set_pen__type_support.h
[19.697s] -- Installing: /home/vboxuser/autocar/install/turtlesim/include/turtlesim/srv/detail/teleport_absolute__functions.c
[19.697s] -- Installing: /home/vboxuser/autocar/install/turtlesim/include/turtlesim/srv/detail/teleport_absolute__functions.h
[19.698s] -- Installing: /home/vboxuser/autocar/install/turtlesim/include/turtlesim/srv/detail/teleport_absolute__struct.h
[19.698s] -- Installing: /home/vboxuser/autocar/install/turtlesim/include/turtlesim/srv/detail/teleport_relative__type_support.h
[19.698s] -- Installing: /home/vboxuser/autocar/install/turtlesim/include/turtlesim/srv/detail/teleport_relative__functions.c
[19.698s] -- Installing: /home/vboxuser/autocar/install/turtlesim/include/turtlesim/srv/detail/set_pen__struct.h
[19.698s] -- Installing: /home/vboxuser/autocar/install/turtlesim/include/turtlesim/srv/detail/set_pen__functions.h
[19.698s] -- Installing: /home/vboxuser/autocar/install/turtlesim/include/turtlesim/srv/detail/kill__struct.h
[19.698s] -- Installing: /home/vboxuser/autocar/install/turtlesim/include/turtlesim/srv/detail/kill__functions.h
[19.698s] -- Installing: /home/vboxuser/autocar/install/turtlesim/include/turtlesim/srv/detail/kill__functions.c
[19.698s] -- Installing: /home/vboxuser/autocar/install/turtlesim/include/turtlesim/srv/detail/spawn__struct.h
[19.699s] -- Installing: /home/vboxuser/autocar/install/turtlesim/include/turtlesim/srv/detail/teleport_absolute__type_support.h
[19.699s] -- Installing: /home/vboxuser/autocar/install/turtlesim/include/turtlesim/srv/detail/spawn__functions.c
[19.699s] -- Installing: /home/vboxuser/autocar/install/turtlesim/include/turtlesim/srv/detail/spawn__functions.h
[19.699s] -- Installing: /home/vboxuser/autocar/install/turtlesim/include/turtlesim/srv/teleport_absolute.h
[19.699s] -- Installing: /home/vboxuser/autocar/install/turtlesim/include/turtlesim/srv/set_pen.h
[19.699s] -- Installing: /home/vboxuser/autocar/install/turtlesim/include/turtlesim/srv/teleport_relative.h
[19.699s] -- Installing: /home/vboxuser/autocar/install/turtlesim/include/turtlesim/srv/kill.h
[19.699s] -- Installing: /home/vboxuser/autocar/install/turtlesim/include/turtlesim/srv/spawn.h
[19.699s] -- Installing: /home/vboxuser/autocar/install/turtlesim/include/turtlesim/msg
[19.699s] -- Installing: /home/vboxuser/autocar/install/turtlesim/include/turtlesim/msg/detail
[19.700s] -- Installing: /home/vboxuser/autocar/install/turtlesim/include/turtlesim/msg/detail/color__struct.h
[19.700s] -- Installing: /home/vboxuser/autocar/install/turtlesim/include/turtlesim/msg/detail/pose__functions.h
[19.700s] -- Installing: /home/vboxuser/autocar/install/turtlesim/include/turtlesim/msg/detail/pose__struct.h
[19.700s] -- Installing: /home/vboxuser/autocar/install/turtlesim/include/turtlesim/msg/detail/color__functions.c
[19.700s] -- Installing: /home/vboxuser/autocar/install/turtlesim/include/turtlesim/msg/detail/color__functions.h
[19.700s] -- Installing: /home/vboxuser/autocar/install/turtlesim/include/turtlesim/msg/detail/pose__type_support.h
[19.700s] -- Installing: /home/vboxuser/autocar/install/turtlesim/include/turtlesim/msg/detail/pose__functions.c
[19.700s] -- Installing: /home/vboxuser/autocar/install/turtlesim/include/turtlesim/msg/detail/color__type_support.h
[19.700s] -- Installing: /home/vboxuser/autocar/install/turtlesim/include/turtlesim/msg/color.h
[19.701s] -- Installing: /home/vboxuser/autocar/install/turtlesim/include/turtlesim/msg/rosidl_generator_c__visibility_control.h
[19.701s] -- Installing: /home/vboxuser/autocar/install/turtlesim/include/turtlesim/msg/pose.h
[19.701s] -- Installing: /home/vboxuser/autocar/install/turtlesim/include/turtlesim/action
[19.701s] -- Installing: /home/vboxuser/autocar/install/turtlesim/include/turtlesim/action/detail
[19.701s] -- Installing: /home/vboxuser/autocar/install/turtlesim/include/turtlesim/action/detail/rotate_absolute__type_support.h
[19.701s] -- Installing: /home/vboxuser/autocar/install/turtlesim/include/turtlesim/action/detail/rotate_absolute__struct.h
[19.701s] -- Installing: /home/vboxuser/autocar/install/turtlesim/include/turtlesim/action/detail/rotate_absolute__functions.h
[19.701s] -- Installing: /home/vboxuser/autocar/install/turtlesim/include/turtlesim/action/detail/rotate_absolute__functions.c
[19.701s] -- Installing: /home/vboxuser/autocar/install/turtlesim/include/turtlesim/action/rotate_absolute.h
[19.701s] -- Installing: /home/vboxuser/autocar/install/turtlesim/share/turtlesim/environment/library_path.sh
[19.701s] -- Installing: /home/vboxuser/autocar/install/turtlesim/share/turtlesim/environment/library_path.dsv
[19.702s] -- Installing: /home/vboxuser/autocar/install/turtlesim/lib/libturtlesim__rosidl_generator_c.so
[19.702s] -- Set runtime path of "/home/vboxuser/autocar/install/turtlesim/lib/libturtlesim__rosidl_generator_c.so" to ""
[19.702s] -- Up-to-date: /home/vboxuser/autocar/install/turtlesim/include/turtlesim
[19.702s] -- Up-to-date: /home/vboxuser/autocar/install/turtlesim/include/turtlesim/srv
[19.702s] -- Up-to-date: /home/vboxuser/autocar/install/turtlesim/include/turtlesim/srv/detail
[19.702s] -- Installing: /home/vboxuser/autocar/install/turtlesim/include/turtlesim/srv/detail/kill__rosidl_typesupport_fastrtps_c.h
[19.702s] -- Installing: /home/vboxuser/autocar/install/turtlesim/include/turtlesim/srv/detail/set_pen__rosidl_typesupport_fastrtps_c.h
[19.702s] -- Installing: /home/vboxuser/autocar/install/turtlesim/include/turtlesim/srv/detail/spawn__rosidl_typesupport_fastrtps_c.h
[19.702s] -- Installing: /home/vboxuser/autocar/install/turtlesim/include/turtlesim/srv/detail/teleport_relative__rosidl_typesupport_fastrtps_c.h
[19.702s] -- Installing: /home/vboxuser/autocar/install/turtlesim/include/turtlesim/srv/detail/teleport_absolute__rosidl_typesupport_fastrtps_c.h
[19.703s] -- Up-to-date: /home/vboxuser/autocar/install/turtlesim/include/turtlesim/msg
[19.703s] -- Up-to-date: /home/vboxuser/autocar/install/turtlesim/include/turtlesim/msg/detail
[19.703s] -- Installing: /home/vboxuser/autocar/install/turtlesim/include/turtlesim/msg/detail/pose__rosidl_typesupport_fastrtps_c.h
[19.703s] -- Installing: /home/vboxuser/autocar/install/turtlesim/include/turtlesim/msg/detail/color__rosidl_typesupport_fastrtps_c.h
[19.703s] -- Installing: /home/vboxuser/autocar/install/turtlesim/include/turtlesim/msg/rosidl_typesupport_fastrtps_c__visibility_control.h
[19.703s] -- Up-to-date: /home/vboxuser/autocar/install/turtlesim/include/turtlesim/action
[19.703s] -- Up-to-date: /home/vboxuser/autocar/install/turtlesim/include/turtlesim/action/detail
[19.703s] -- Installing: /home/vboxuser/autocar/install/turtlesim/include/turtlesim/action/detail/rotate_absolute__rosidl_typesupport_fastrtps_c.h
[19.703s] -- Installing: /home/vboxuser/autocar/install/turtlesim/lib/libturtlesim__rosidl_typesupport_fastrtps_c.so
[19.703s] -- Set runtime path of "/home/vboxuser/autocar/install/turtlesim/lib/libturtlesim__rosidl_typesupport_fastrtps_c.so" to ""
[19.703s] -- Up-to-date: /home/vboxuser/autocar/install/turtlesim/include/turtlesim
[19.703s] -- Up-to-date: /home/vboxuser/autocar/install/turtlesim/include/turtlesim/srv
[19.703s] -- Up-to-date: /home/vboxuser/autocar/install/turtlesim/include/turtlesim/srv/detail
[19.704s] -- Installing: /home/vboxuser/autocar/install/turtlesim/include/turtlesim/srv/detail/set_pen__rosidl_typesupport_fastrtps_cpp.hpp
[19.704s] -- Installing: /home/vboxuser/autocar/install/turtlesim/include/turtlesim/srv/detail/dds_fastrtps
[19.704s] -- Installing: /home/vboxuser/autocar/install/turtlesim/include/turtlesim/srv/detail/teleport_relative__rosidl_typesupport_fastrtps_cpp.hpp
[19.704s] -- Installing: /home/vboxuser/autocar/install/turtlesim/include/turtlesim/srv/detail/spawn__rosidl_typesupport_fastrtps_cpp.hpp
[19.706s] -- Installing: /home/vboxuser/autocar/install/turtlesim/include/turtlesim/srv/detail/kill__rosidl_typesupport_fastrtps_cpp.hpp
[19.706s] -- Installing: /home/vboxuser/autocar/install/turtlesim/include/turtlesim/srv/detail/teleport_absolute__rosidl_typesupport_fastrtps_cpp.hpp
[19.706s] -- Up-to-date: /home/vboxuser/autocar/install/turtlesim/include/turtlesim/msg
[19.707s] -- Up-to-date: /home/vboxuser/autocar/install/turtlesim/include/turtlesim/msg/detail
[19.707s] -- Installing: /home/vboxuser/autocar/install/turtlesim/include/turtlesim/msg/detail/dds_fastrtps
[19.707s] -- Installing: /home/vboxuser/autocar/install/turtlesim/include/turtlesim/msg/detail/pose__rosidl_typesupport_fastrtps_cpp.hpp
[19.707s] -- Installing: /home/vboxuser/autocar/install/turtlesim/include/turtlesim/msg/detail/color__rosidl_typesupport_fastrtps_cpp.hpp
[19.707s] -- Installing: /home/vboxuser/autocar/install/turtlesim/include/turtlesim/msg/rosidl_typesupport_fastrtps_cpp__visibility_control.h
[19.707s] -- Up-to-date: /home/vboxuser/autocar/install/turtlesim/include/turtlesim/action
[19.707s] -- Up-to-date: /home/vboxuser/autocar/install/turtlesim/include/turtlesim/action/detail
[19.708s] -- Installing: /home/vboxuser/autocar/install/turtlesim/include/turtlesim/action/detail/dds_fastrtps
[19.708s] -- Installing: /home/vboxuser/autocar/install/turtlesim/include/turtlesim/action/detail/rotate_absolute__rosidl_typesupport_fastrtps_cpp.hpp
[19.708s] -- Installing: /home/vboxuser/autocar/install/turtlesim/lib/libturtlesim__rosidl_typesupport_fastrtps_cpp.so
[19.709s] -- Set runtime path of "/home/vboxuser/autocar/install/turtlesim/lib/libturtlesim__rosidl_typesupport_fastrtps_cpp.so" to ""
[19.709s] -- Up-to-date: /home/vboxuser/autocar/install/turtlesim/include/turtlesim
[19.709s] -- Up-to-date: /home/vboxuser/autocar/install/turtlesim/include/turtlesim/srv
[19.709s] -- Up-to-date: /home/vboxuser/autocar/install/turtlesim/include/turtlesim/srv/detail
[19.709s] -- Installing: /home/vboxuser/autocar/install/turtlesim/include/turtlesim/srv/detail/kill__rosidl_typesupport_introspection_c.h
[19.709s] -- Installing: /home/vboxuser/autocar/install/turtlesim/include/turtlesim/srv/detail/kill__type_support.c
[19.709s] -- Installing: /home/vboxuser/autocar/install/turtlesim/include/turtlesim/srv/detail/spawn__type_support.c
[19.709s] -- Installing: /home/vboxuser/autocar/install/turtlesim/include/turtlesim/srv/detail/teleport_relative__rosidl_typesupport_introspection_c.h
[19.709s] -- Installing: /home/vboxuser/autocar/install/turtlesim/include/turtlesim/srv/detail/teleport_relative__type_support.c
[19.709s] -- Installing: /home/vboxuser/autocar/install/turtlesim/include/turtlesim/srv/detail/teleport_absolute__rosidl_typesupport_introspection_c.h
[19.709s] -- Installing: /home/vboxuser/autocar/install/turtlesim/include/turtlesim/srv/detail/teleport_absolute__type_support.c
[19.710s] -- Installing: /home/vboxuser/autocar/install/turtlesim/include/turtlesim/srv/detail/spawn__rosidl_typesupport_introspection_c.h
[19.710s] -- Installing: /home/vboxuser/autocar/install/turtlesim/include/turtlesim/srv/detail/set_pen__type_support.c
[19.710s] -- Installing: /home/vboxuser/autocar/install/turtlesim/include/turtlesim/srv/detail/set_pen__rosidl_typesupport_introspection_c.h
[19.710s] -- Up-to-date: /home/vboxuser/autocar/install/turtlesim/include/turtlesim/msg
[19.710s] -- Up-to-date: /home/vboxuser/autocar/install/turtlesim/include/turtlesim/msg/detail
[19.710s] -- Installing: /home/vboxuser/autocar/install/turtlesim/include/turtlesim/msg/detail/color__type_support.c
[19.710s] -- Installing: /home/vboxuser/autocar/install/turtlesim/include/turtlesim/msg/detail/pose__rosidl_typesupport_introspection_c.h
[19.710s] -- Installing: /home/vboxuser/autocar/install/turtlesim/include/turtlesim/msg/detail/color__rosidl_typesupport_introspection_c.h
[19.710s] -- Installing: /home/vboxuser/autocar/install/turtlesim/include/turtlesim/msg/detail/pose__type_support.c
[19.710s] -- Installing: /home/vboxuser/autocar/install/turtlesim/include/turtlesim/msg/rosidl_typesupport_introspection_c__visibility_control.h
[19.711s] -- Up-to-date: /home/vboxuser/autocar/install/turtlesim/include/turtlesim/action
[19.711s] -- Up-to-date: /home/vboxuser/autocar/install/turtlesim/include/turtlesim/action/detail
[19.711s] -- Installing: /home/vboxuser/autocar/install/turtlesim/include/turtlesim/action/detail/rotate_absolute__rosidl_typesupport_introspection_c.h
[19.711s] -- Installing: /home/vboxuser/autocar/install/turtlesim/include/turtlesim/action/detail/rotate_absolute__type_support.c
[19.711s] -- Installing: /home/vboxuser/autocar/install/turtlesim/lib/libturtlesim__rosidl_typesupport_introspection_c.so
[19.711s] -- Set runtime path of "/home/vboxuser/autocar/install/turtlesim/lib/libturtlesim__rosidl_typesupport_introspection_c.so" to ""
[19.711s] -- Installing: /home/vboxuser/autocar/install/turtlesim/lib/libturtlesim__rosidl_typesupport_c.so
[19.711s] -- Set runtime path of "/home/vboxuser/autocar/install/turtlesim/lib/libturtlesim__rosidl_typesupport_c.so" to ""
[19.714s] -- Up-to-date: /home/vboxuser/autocar/install/turtlesim/include/turtlesim
[19.714s] -- Up-to-date: /home/vboxuser/autocar/install/turtlesim/include/turtlesim/srv
[19.714s] -- Installing: /home/vboxuser/autocar/install/turtlesim/include/turtlesim/srv/teleport_relative.hpp
[19.714s] -- Up-to-date: /home/vboxuser/autocar/install/turtlesim/include/turtlesim/srv/detail
[19.714s] -- Installing: /home/vboxuser/autocar/install/turtlesim/include/turtlesim/srv/detail/kill__builder.hpp
[19.714s] -- Installing: /home/vboxuser/autocar/install/turtlesim/include/turtlesim/srv/detail/set_pen__traits.hpp
[19.714s] -- Installing: /home/vboxuser/autocar/install/turtlesim/include/turtlesim/srv/detail/teleport_relative__struct.hpp
[19.714s] -- Installing: /home/vboxuser/autocar/install/turtlesim/include/turtlesim/srv/detail/spawn__builder.hpp
[19.715s] -- Installing: /home/vboxuser/autocar/install/turtlesim/include/turtlesim/srv/detail/teleport_relative__builder.hpp
[19.715s] -- Installing: /home/vboxuser/autocar/install/turtlesim/include/turtlesim/srv/detail/teleport_relative__traits.hpp
[19.715s] -- Installing: /home/vboxuser/autocar/install/turtlesim/include/turtlesim/srv/detail/spawn__struct.hpp
[19.715s] -- Installing: /home/vboxuser/autocar/install/turtlesim/include/turtlesim/srv/detail/set_pen__builder.hpp
[19.715s] -- Installing: /home/vboxuser/autocar/install/turtlesim/include/turtlesim/srv/detail/spawn__traits.hpp
[19.715s] -- Installing: /home/vboxuser/autocar/install/turtlesim/include/turtlesim/srv/detail/teleport_absolute__traits.hpp
[19.715s] -- Installing: /home/vboxuser/autocar/install/turtlesim/include/turtlesim/srv/detail/kill__traits.hpp
[19.715s] -- Installing: /home/vboxuser/autocar/install/turtlesim/include/turtlesim/srv/detail/teleport_absolute__builder.hpp
[19.715s] -- Installing: /home/vboxuser/autocar/install/turtlesim/include/turtlesim/srv/detail/teleport_absolute__struct.hpp
[19.715s] -- Installing: /home/vboxuser/autocar/install/turtlesim/include/turtlesim/srv/detail/kill__struct.hpp
[19.715s] -- Installing: /home/vboxuser/autocar/install/turtlesim/include/turtlesim/srv/detail/set_pen__struct.hpp
[19.715s] -- Installing: /home/vboxuser/autocar/install/turtlesim/include/turtlesim/srv/set_pen.hpp
[19.715s] -- Installing: /home/vboxuser/autocar/install/turtlesim/include/turtlesim/srv/teleport_absolute.hpp
[19.716s] -- Installing: /home/vboxuser/autocar/install/turtlesim/include/turtlesim/srv/kill.hpp
[19.716s] -- Installing: /home/vboxuser/autocar/install/turtlesim/include/turtlesim/srv/spawn.hpp
[19.716s] -- Up-to-date: /home/vboxuser/autocar/install/turtlesim/include/turtlesim/msg
[19.716s] -- Up-to-date: /home/vboxuser/autocar/install/turtlesim/include/turtlesim/msg/detail
[19.716s] -- Installing: /home/vboxuser/autocar/install/turtlesim/include/turtlesim/msg/detail/pose__builder.hpp
[19.716s] -- Installing: /home/vboxuser/autocar/install/turtlesim/include/turtlesim/msg/detail/pose__traits.hpp
[19.716s] -- Installing: /home/vboxuser/autocar/install/turtlesim/include/turtlesim/msg/detail/pose__struct.hpp
[19.716s] -- Installing: /home/vboxuser/autocar/install/turtlesim/include/turtlesim/msg/detail/color__struct.hpp
[19.716s] -- Installing: /home/vboxuser/autocar/install/turtlesim/include/turtlesim/msg/detail/color__builder.hpp
[19.716s] -- Installing: /home/vboxuser/autocar/install/turtlesim/include/turtlesim/msg/detail/color__traits.hpp
[19.716s] -- Installing: /home/vboxuser/autocar/install/turtlesim/include/turtlesim/msg/color.hpp
[19.716s] -- Installing: /home/vboxuser/autocar/install/turtlesim/include/turtlesim/msg/pose.hpp
[19.716s] -- Up-to-date: /home/vboxuser/autocar/install/turtlesim/include/turtlesim/action
[19.716s] -- Up-to-date: /home/vboxuser/autocar/install/turtlesim/include/turtlesim/action/detail
[19.717s] -- Installing: /home/vboxuser/autocar/install/turtlesim/include/turtlesim/action/detail/rotate_absolute__traits.hpp
[19.717s] -- Installing: /home/vboxuser/autocar/install/turtlesim/include/turtlesim/action/detail/rotate_absolute__builder.hpp
[19.717s] -- Installing: /home/vboxuser/autocar/install/turtlesim/include/turtlesim/action/detail/rotate_absolute__struct.hpp
[19.717s] -- Installing: /home/vboxuser/autocar/install/turtlesim/include/turtlesim/action/rotate_absolute.hpp
[19.717s] -- Up-to-date: /home/vboxuser/autocar/install/turtlesim/include/turtlesim
[19.717s] -- Up-to-date: /home/vboxuser/autocar/install/turtlesim/include/turtlesim/srv
[19.717s] -- Up-to-date: /home/vboxuser/autocar/install/turtlesim/include/turtlesim/srv/detail
[19.717s] -- Installing: /home/vboxuser/autocar/install/turtlesim/include/turtlesim/srv/detail/kill__type_support.cpp
[19.717s] -- Installing: /home/vboxuser/autocar/install/turtlesim/include/turtlesim/srv/detail/set_pen__type_support.cpp
[19.717s] -- Installing: /home/vboxuser/autocar/install/turtlesim/include/turtlesim/srv/detail/spawn__rosidl_typesupport_introspection_cpp.hpp
[19.717s] -- Installing: /home/vboxuser/autocar/install/turtlesim/include/turtlesim/srv/detail/set_pen__rosidl_typesupport_introspection_cpp.hpp
[19.717s] -- Installing: /home/vboxuser/autocar/install/turtlesim/include/turtlesim/srv/detail/teleport_relative__type_support.cpp
[19.717s] -- Installing: /home/vboxuser/autocar/install/turtlesim/include/turtlesim/srv/detail/spawn__type_support.cpp
[19.717s] -- Installing: /home/vboxuser/autocar/install/turtlesim/include/turtlesim/srv/detail/teleport_absolute__rosidl_typesupport_introspection_cpp.hpp
[19.718s] -- Installing: /home/vboxuser/autocar/install/turtlesim/include/turtlesim/srv/detail/kill__rosidl_typesupport_introspection_cpp.hpp
[19.718s] -- Installing: /home/vboxuser/autocar/install/turtlesim/include/turtlesim/srv/detail/teleport_relative__rosidl_typesupport_introspection_cpp.hpp
[19.718s] -- Installing: /home/vboxuser/autocar/install/turtlesim/include/turtlesim/srv/detail/teleport_absolute__type_support.cpp
[19.718s] -- Up-to-date: /home/vboxuser/autocar/install/turtlesim/include/turtlesim/msg
[19.718s] -- Up-to-date: /home/vboxuser/autocar/install/turtlesim/include/turtlesim/msg/detail
[19.718s] -- Installing: /home/vboxuser/autocar/install/turtlesim/include/turtlesim/msg/detail/color__rosidl_typesupport_introspection_cpp.hpp
[19.718s] -- Installing: /home/vboxuser/autocar/install/turtlesim/include/turtlesim/msg/detail/pose__type_support.cpp
[19.718s] -- Installing: /home/vboxuser/autocar/install/turtlesim/include/turtlesim/msg/detail/pose__rosidl_typesupport_introspection_cpp.hpp
[19.718s] -- Installing: /home/vboxuser/autocar/install/turtlesim/include/turtlesim/msg/detail/color__type_support.cpp
[19.718s] -- Up-to-date: /home/vboxuser/autocar/install/turtlesim/include/turtlesim/action
[19.718s] -- Up-to-date: /home/vboxuser/autocar/install/turtlesim/include/turtlesim/action/detail
[19.718s] -- Installing: /home/vboxuser/autocar/install/turtlesim/include/turtlesim/action/detail/rotate_absolute__type_support.cpp
[19.719s] -- Installing: /home/vboxuser/autocar/install/turtlesim/include/turtlesim/action/detail/rotate_absolute__rosidl_typesupport_introspection_cpp.hpp
[19.719s] -- Installing: /home/vboxuser/autocar/install/turtlesim/lib/libturtlesim__rosidl_typesupport_introspection_cpp.so
[19.719s] -- Set runtime path of "/home/vboxuser/autocar/install/turtlesim/lib/libturtlesim__rosidl_typesupport_introspection_cpp.so" to ""
[19.719s] -- Installing: /home/vboxuser/autocar/install/turtlesim/lib/libturtlesim__rosidl_typesupport_cpp.so
[19.719s] -- Set runtime path of "/home/vboxuser/autocar/install/turtlesim/lib/libturtlesim__rosidl_typesupport_cpp.so" to ""
[19.719s] -- Installing: /home/vboxuser/autocar/install/turtlesim/share/turtlesim/environment/pythonpath.sh
[19.719s] -- Installing: /home/vboxuser/autocar/install/turtlesim/share/turtlesim/environment/pythonpath.dsv
[19.719s] -- Installing: /home/vboxuser/autocar/install/turtlesim/lib/python3.8/site-packages/turtlesim/__init__.py
[19.750s] Compiling '/home/vboxuser/autocar/install/turtlesim/lib/python3.8/site-packages/turtlesim/__init__.py'...
[19.761s] -- Installing: /home/vboxuser/autocar/install/turtlesim/lib/python3.8/site-packages/turtlesim/action
[19.762s] -- Installing: /home/vboxuser/autocar/install/turtlesim/lib/python3.8/site-packages/turtlesim/action/_rotate_absolute_s.c
[19.763s] -- Installing: /home/vboxuser/autocar/install/turtlesim/lib/python3.8/site-packages/turtlesim/action/_rotate_absolute.py
[19.763s] -- Installing: /home/vboxuser/autocar/install/turtlesim/lib/python3.8/site-packages/turtlesim/action/__init__.py
[19.764s] -- Installing: /home/vboxuser/autocar/install/turtlesim/lib/python3.8/site-packages/turtlesim/msg
[19.764s] -- Installing: /home/vboxuser/autocar/install/turtlesim/lib/python3.8/site-packages/turtlesim/msg/_pose.py
[19.764s] -- Installing: /home/vboxuser/autocar/install/turtlesim/lib/python3.8/site-packages/turtlesim/msg/_color_s.c
[19.764s] -- Installing: /home/vboxuser/autocar/install/turtlesim/lib/python3.8/site-packages/turtlesim/msg/_pose_s.c
[19.764s] -- Installing: /home/vboxuser/autocar/install/turtlesim/lib/python3.8/site-packages/turtlesim/msg/_color.py
[19.764s] -- Installing: /home/vboxuser/autocar/install/turtlesim/lib/python3.8/site-packages/turtlesim/msg/__init__.py
[19.764s] -- Installing: /home/vboxuser/autocar/install/turtlesim/lib/python3.8/site-packages/turtlesim/srv
[19.764s] -- Installing: /home/vboxuser/autocar/install/turtlesim/lib/python3.8/site-packages/turtlesim/srv/_teleport_relative_s.c
[19.765s] -- Installing: /home/vboxuser/autocar/install/turtlesim/lib/python3.8/site-packages/turtlesim/srv/_teleport_relative.py
[19.765s] -- Installing: /home/vboxuser/autocar/install/turtlesim/lib/python3.8/site-packages/turtlesim/srv/_set_pen.py
[19.765s] -- Installing: /home/vboxuser/autocar/install/turtlesim/lib/python3.8/site-packages/turtlesim/srv/_teleport_absolute_s.c
[19.765s] -- Installing: /home/vboxuser/autocar/install/turtlesim/lib/python3.8/site-packages/turtlesim/srv/_teleport_absolute.py
[19.765s] -- Installing: /home/vboxuser/autocar/install/turtlesim/lib/python3.8/site-packages/turtlesim/srv/_kill_s.c
[19.765s] -- Installing: /home/vboxuser/autocar/install/turtlesim/lib/python3.8/site-packages/turtlesim/srv/_set_pen_s.c
[19.765s] -- Installing: /home/vboxuser/autocar/install/turtlesim/lib/python3.8/site-packages/turtlesim/srv/_spawn_s.c
[19.765s] -- Installing: /home/vboxuser/autocar/install/turtlesim/lib/python3.8/site-packages/turtlesim/srv/_kill.py
[19.765s] -- Installing: /home/vboxuser/autocar/install/turtlesim/lib/python3.8/site-packages/turtlesim/srv/_spawn.py
[19.765s] -- Installing: /home/vboxuser/autocar/install/turtlesim/lib/python3.8/site-packages/turtlesim/srv/__init__.py
[19.766s] -- Installing: /home/vboxuser/autocar/install/turtlesim/lib/python3.8/site-packages/turtlesim/turtlesim_s__rosidl_typesupport_fastrtps_c.cpython-38-x86_64-linux-gnu.so
[19.766s] -- Set runtime path of "/home/vboxuser/autocar/install/turtlesim/lib/python3.8/site-packages/turtlesim/turtlesim_s__rosidl_typesupport_fastrtps_c.cpython-38-x86_64-linux-gnu.so" to ""
[19.768s] -- Installing: /home/vboxuser/autocar/install/turtlesim/lib/python3.8/site-packages/turtlesim/turtlesim_s__rosidl_typesupport_introspection_c.cpython-38-x86_64-linux-gnu.so
[19.768s] -- Set runtime path of "/home/vboxuser/autocar/install/turtlesim/lib/python3.8/site-packages/turtlesim/turtlesim_s__rosidl_typesupport_introspection_c.cpython-38-x86_64-linux-gnu.so" to ""
[19.768s] -- Installing: /home/vboxuser/autocar/install/turtlesim/lib/python3.8/site-packages/turtlesim/turtlesim_s__rosidl_typesupport_c.cpython-38-x86_64-linux-gnu.so
[19.768s] -- Set runtime path of "/home/vboxuser/autocar/install/turtlesim/lib/python3.8/site-packages/turtlesim/turtlesim_s__rosidl_typesupport_c.cpython-38-x86_64-linux-gnu.so" to ""
[19.768s] -- Installing: /home/vboxuser/autocar/install/turtlesim/lib/libturtlesim__python.so
[19.768s] -- Set runtime path of "/home/vboxuser/autocar/install/turtlesim/lib/libturtlesim__python.so" to ""
[19.768s] -- Installing: /home/vboxuser/autocar/install/turtlesim/share/turtlesim/action/RotateAbsolute.idl
[19.768s] -- Installing: /home/vboxuser/autocar/install/turtlesim/share/turtlesim/msg/Color.idl
[19.768s] -- Installing: /home/vboxuser/autocar/install/turtlesim/share/turtlesim/msg/Pose.idl
[19.769s] -- Installing: /home/vboxuser/autocar/install/turtlesim/share/turtlesim/srv/Kill.idl
[19.769s] -- Installing: /home/vboxuser/autocar/install/turtlesim/share/turtlesim/srv/SetPen.idl
[19.769s] -- Installing: /home/vboxuser/autocar/install/turtlesim/share/turtlesim/srv/Spawn.idl
[19.769s] -- Installing: /home/vboxuser/autocar/install/turtlesim/share/turtlesim/srv/TeleportAbsolute.idl
[19.770s] -- Installing: /home/vboxuser/autocar/install/turtlesim/share/turtlesim/srv/TeleportRelative.idl
[19.770s] -- Installing: /home/vboxuser/autocar/install/turtlesim/share/turtlesim/action/RotateAbsolute.action
[19.770s] -- Installing: /home/vboxuser/autocar/install/turtlesim/share/turtlesim/msg/Color.msg
[19.770s] -- Installing: /home/vboxuser/autocar/install/turtlesim/share/turtlesim/msg/Pose.msg
[19.770s] -- Installing: /home/vboxuser/autocar/install/turtlesim/share/turtlesim/srv/Kill.srv
[19.770s] -- Installing: /home/vboxuser/autocar/install/turtlesim/share/turtlesim/srv/Kill_Request.msg
[19.770s] -- Installing: /home/vboxuser/autocar/install/turtlesim/share/turtlesim/srv/Kill_Response.msg
[19.771s] -- Installing: /home/vboxuser/autocar/install/turtlesim/share/turtlesim/srv/SetPen.srv
[19.771s] -- Installing: /home/vboxuser/autocar/install/turtlesim/share/turtlesim/srv/SetPen_Request.msg
[19.771s] -- Installing: /home/vboxuser/autocar/install/turtlesim/share/turtlesim/srv/SetPen_Response.msg
[19.771s] -- Installing: /home/vboxuser/autocar/install/turtlesim/share/turtlesim/srv/Spawn.srv
[19.771s] -- Installing: /home/vboxuser/autocar/install/turtlesim/share/turtlesim/srv/Spawn_Request.msg
[19.771s] -- Installing: /home/vboxuser/autocar/install/turtlesim/share/turtlesim/srv/Spawn_Response.msg
[19.771s] -- Installing: /home/vboxuser/autocar/install/turtlesim/share/turtlesim/srv/TeleportAbsolute.srv
[19.772s] -- Installing: /home/vboxuser/autocar/install/turtlesim/share/turtlesim/srv/TeleportAbsolute_Request.msg
[19.772s] -- Installing: /home/vboxuser/autocar/install/turtlesim/share/turtlesim/srv/TeleportAbsolute_Response.msg
[19.772s] -- Installing: /home/vboxuser/autocar/install/turtlesim/share/turtlesim/srv/TeleportRelative.srv
[19.772s] -- Installing: /home/vboxuser/autocar/install/turtlesim/share/turtlesim/srv/TeleportRelative_Request.msg
[19.772s] -- Installing: /home/vboxuser/autocar/install/turtlesim/share/turtlesim/srv/TeleportRelative_Response.msg
[19.772s] -- Installing: /home/vboxuser/autocar/install/turtlesim/lib/turtlesim/turtlesim_node
[19.779s] -- Set runtime path of "/home/vboxuser/autocar/install/turtlesim/lib/turtlesim/turtlesim_node" to ""
[19.779s] -- Installing: /home/vboxuser/autocar/install/turtlesim/lib/turtlesim/turtle_teleop_key
[19.782s] -- Set runtime path of "/home/vboxuser/autocar/install/turtlesim/lib/turtlesim/turtle_teleop_key" to ""
[19.782s] -- Installing: /home/vboxuser/autocar/install/turtlesim/lib/turtlesim/draw_square
[19.785s] -- Set runtime path of "/home/vboxuser/autocar/install/turtlesim/lib/turtlesim/draw_square" to ""
[19.785s] -- Installing: /home/vboxuser/autocar/install/turtlesim/lib/turtlesim/mimic
[19.788s] -- Set runtime path of "/home/vboxuser/autocar/install/turtlesim/lib/turtlesim/mimic" to ""
[19.788s] -- Installing: /home/vboxuser/autocar/install/turtlesim/share/turtlesim/images
[19.788s] -- Installing: /home/vboxuser/autocar/install/turtlesim/share/turtlesim/images/eloquent.png
[19.789s] -- Installing: /home/vboxuser/autocar/install/turtlesim/share/turtlesim/images/bouncy.png
[19.789s] -- Installing: /home/vboxuser/autocar/install/turtlesim/share/turtlesim/images/dashing.png
[19.789s] -- Installing: /home/vboxuser/autocar/install/turtlesim/share/turtlesim/images/galactic.png
[19.789s] -- Installing: /home/vboxuser/autocar/install/turtlesim/share/turtlesim/images/crystal.png
[19.789s] -- Installing: /home/vboxuser/autocar/install/turtlesim/share/turtlesim/images/ardent.png
[19.789s] -- Installing: /home/vboxuser/autocar/install/turtlesim/share/turtlesim/images/foxy.png
[19.789s] -- Installing: /home/vboxuser/autocar/install/turtlesim/share/turtlesim/launch
[19.789s] -- Installing: /home/vboxuser/autocar/install/turtlesim/share/turtlesim/launch/multisim.launch.py
[19.791s] -- Installing: /home/vboxuser/autocar/install/turtlesim/share/ament_index/resource_index/package_run_dependencies/turtlesim
[19.791s] -- Installing: /home/vboxuser/autocar/install/turtlesim/share/ament_index/resource_index/parent_prefix_path/turtlesim
[19.791s] -- Installing: /home/vboxuser/autocar/install/turtlesim/share/turtlesim/environment/ament_prefix_path.sh
[19.791s] -- Installing: /home/vboxuser/autocar/install/turtlesim/share/turtlesim/environment/ament_prefix_path.dsv
[19.791s] -- Installing: /home/vboxuser/autocar/install/turtlesim/share/turtlesim/environment/path.sh
[19.791s] -- Installing: /home/vboxuser/autocar/install/turtlesim/share/turtlesim/environment/path.dsv
[19.791s] -- Installing: /home/vboxuser/autocar/install/turtlesim/share/turtlesim/local_setup.bash
[19.791s] -- Installing: /home/vboxuser/autocar/install/turtlesim/share/turtlesim/local_setup.sh
[19.792s] -- Installing: /home/vboxuser/autocar/install/turtlesim/share/turtlesim/local_setup.zsh
[19.792s] -- Installing: /home/vboxuser/autocar/install/turtlesim/share/turtlesim/local_setup.dsv
[19.792s] -- Installing: /home/vboxuser/autocar/install/turtlesim/share/turtlesim/package.dsv
[19.792s] -- Installing: /home/vboxuser/autocar/install/turtlesim/share/ament_index/resource_index/packages/turtlesim
[19.792s] -- Installing: /home/vboxuser/autocar/install/turtlesim/share/turtlesim/cmake/turtlesim__rosidl_generator_cExport.cmake
[19.792s] -- Installing: /home/vboxuser/autocar/install/turtlesim/share/turtlesim/cmake/turtlesim__rosidl_generator_cExport-noconfig.cmake
[19.792s] -- Installing: /home/vboxuser/autocar/install/turtlesim/share/turtlesim/cmake/turtlesim__rosidl_typesupport_introspection_cExport.cmake
[19.793s] -- Installing: /home/vboxuser/autocar/install/turtlesim/share/turtlesim/cmake/turtlesim__rosidl_typesupport_introspection_cExport-noconfig.cmake
[19.793s] -- Installing: /home/vboxuser/autocar/install/turtlesim/share/turtlesim/cmake/turtlesim__rosidl_typesupport_cExport.cmake
[19.793s] -- Installing: /home/vboxuser/autocar/install/turtlesim/share/turtlesim/cmake/turtlesim__rosidl_typesupport_cExport-noconfig.cmake
[19.794s] -- Installing: /home/vboxuser/autocar/install/turtlesim/share/turtlesim/cmake/turtlesim__rosidl_generator_cppExport.cmake
[19.794s] -- Installing: /home/vboxuser/autocar/install/turtlesim/share/turtlesim/cmake/turtlesim__rosidl_typesupport_introspection_cppExport.cmake
[19.799s] -- Installing: /home/vboxuser/autocar/install/turtlesim/share/turtlesim/cmake/turtlesim__rosidl_typesupport_introspection_cppExport-noconfig.cmake
[19.808s] -- Installing: /home/vboxuser/autocar/install/turtlesim/share/turtlesim/cmake/turtlesim__rosidl_typesupport_cppExport.cmake
[19.808s] -- Installing: /home/vboxuser/autocar/install/turtlesim/share/turtlesim/cmake/turtlesim__rosidl_typesupport_cppExport-noconfig.cmake
[19.811s] -- Installing: /home/vboxuser/autocar/install/turtlesim/share/turtlesim/cmake/rosidl_cmake-extras.cmake
[19.811s] -- Installing: /home/vboxuser/autocar/install/turtlesim/share/turtlesim/cmake/ament_cmake_export_dependencies-extras.cmake
[19.811s] -- Installing: /home/vboxuser/autocar/install/turtlesim/share/turtlesim/cmake/ament_cmake_export_libraries-extras.cmake
[19.811s] -- Installing: /home/vboxuser/autocar/install/turtlesim/share/turtlesim/cmake/ament_cmake_export_targets-extras.cmake
[19.811s] -- Installing: /home/vboxuser/autocar/install/turtlesim/share/turtlesim/cmake/ament_cmake_export_include_directories-extras.cmake
[19.812s] -- Installing: /home/vboxuser/autocar/install/turtlesim/share/turtlesim/cmake/rosidl_cmake_export_typesupport_libraries-extras.cmake
[19.812s] -- Installing: /home/vboxuser/autocar/install/turtlesim/share/turtlesim/cmake/rosidl_cmake_export_typesupport_targets-extras.cmake
[19.812s] -- Installing: /home/vboxuser/autocar/install/turtlesim/share/turtlesim/cmake/turtlesimConfig.cmake
[19.812s] -- Installing: /home/vboxuser/autocar/install/turtlesim/share/turtlesim/cmake/turtlesimConfig-version.cmake
[19.812s] -- Installing: /home/vboxuser/autocar/install/turtlesim/share/turtlesim/package.xml
[19.812s] Invoked command in '/home/vboxuser/autocar/build/turtlesim' returned '0': CMAKE_PREFIX_PATH=/opt/ros/galactic /usr/bin/cmake --install /home/vboxuser/autocar/build/turtlesim
