/home/vboxuser/autocar/install/py_pubsub/lib/python3.8/site-packages/py_pubsub/publisher_member_function.py
/home/vboxuser/autocar/install/py_pubsub/lib/python3.8/site-packages/py_pubsub/cmd_subscriber_function.py
/home/vboxuser/autocar/install/py_pubsub/lib/python3.8/site-packages/py_pubsub/cone_subscriber_function.py
/home/vboxuser/autocar/install/py_pubsub/lib/python3.8/site-packages/py_pubsub/__init__.py
/home/vboxuser/autocar/install/py_pubsub/lib/python3.8/site-packages/py_pubsub/__pycache__/publisher_member_function.cpython-38.pyc
/home/vboxuser/autocar/install/py_pubsub/lib/python3.8/site-packages/py_pubsub/__pycache__/cmd_subscriber_function.cpython-38.pyc
/home/vboxuser/autocar/install/py_pubsub/lib/python3.8/site-packages/py_pubsub/__pycache__/cone_subscriber_function.cpython-38.pyc
/home/vboxuser/autocar/install/py_pubsub/lib/python3.8/site-packages/py_pubsub/__pycache__/__init__.cpython-38.pyc
/home/vboxuser/autocar/install/py_pubsub/share/ament_index/resource_index/packages/py_pubsub
/home/vboxuser/autocar/install/py_pubsub/share/py_pubsub/package.xml
/home/vboxuser/autocar/install/py_pubsub/lib/python3.8/site-packages/py_pubsub-0.0.0-py3.8.egg-info/SOURCES.txt
/home/vboxuser/autocar/install/py_pubsub/lib/python3.8/site-packages/py_pubsub-0.0.0-py3.8.egg-info/requires.txt
/home/vboxuser/autocar/install/py_pubsub/lib/python3.8/site-packages/py_pubsub-0.0.0-py3.8.egg-info/dependency_links.txt
/home/vboxuser/autocar/install/py_pubsub/lib/python3.8/site-packages/py_pubsub-0.0.0-py3.8.egg-info/zip-safe
/home/vboxuser/autocar/install/py_pubsub/lib/python3.8/site-packages/py_pubsub-0.0.0-py3.8.egg-info/entry_points.txt
/home/vboxuser/autocar/install/py_pubsub/lib/python3.8/site-packages/py_pubsub-0.0.0-py3.8.egg-info/PKG-INFO
/home/vboxuser/autocar/install/py_pubsub/lib/python3.8/site-packages/py_pubsub-0.0.0-py3.8.egg-info/top_level.txt
/home/vboxuser/autocar/install/py_pubsub/lib/py_pubsub/cmd_listener
/home/vboxuser/autocar/install/py_pubsub/lib/py_pubsub/cone_listener
/home/vboxuser/autocar/install/py_pubsub/lib/py_pubsub/talker
