[0.989s] Invoking command in '/home/vboxuser/autocar/src/py_pubsub': CMAKE_PREFIX_PATH=/home/vboxuser/autocar/install/eufs_msgs:/home/vboxuser/autocar/install/turtlesim:/home/vboxuser/sim/install/eufs_sensors:/home/vboxuser/sim/install/eufs_rviz_plugins:/home/vboxuser/sim/install/eufs_plugins:/home/vboxuser/sim/install/eufs_models:/home/vboxuser/sim/install/eufs_msgs LD_LIBRARY_PATH=/home/vboxuser/autocar/install/eufs_msgs/lib:/home/vboxuser/autocar/install/turtlesim/lib:/home/vboxuser/sim/install/eufs_rviz_plugins/lib:/home/vboxuser/sim/install/eufs_plugins/lib:/home/vboxuser/sim/install/eufs_models/lib:/home/vboxuser/sim/install/eufs_msgs/lib:/usr/lib/x86_64-linux-gnu/gazebo-11/plugins:/opt/ros/galactic/opt/yaml_cpp_vendor/lib:/opt/ros/galactic/opt/rviz_ogre_vendor/lib:/opt/ros/galactic/lib/x86_64-linux-gnu:/opt/ros/galactic/lib PYTHONPATH=/home/vboxuser/autocar/build/py_pubsub/prefix_override:/home/vboxuser/autocar/install/py_pubsub/lib/python3.8/site-packages:/home/vboxuser/autocar/install/eufs_msgs/lib/python3.8/site-packages:/home/vboxuser/autocar/install/turtlesim/lib/python3.8/site-packages:/home/vboxuser/autocar/install/py_pubsub/lib/python3.8/site-packages:/home/vboxuser/autocar/install/my_package/lib/python3.8/site-packages:/home/vboxuser/sim/install/eufs_launcher/lib/python3.8/site-packages:/home/vboxuser/sim/install/eufs_tracks/lib/python3.8/site-packages:/home/vboxuser/sim/install/eufs_rqt/lib/python3.8/site-packages:/home/vboxuser/sim/install/eufs_racecar/lib/python3.8/site-packages:/home/vboxuser/sim/install/eufs_msgs/lib/python3.8/site-packages:/opt/ros/galactic/lib/python3.8/site-packages /usr/bin/python3 setup.py egg_info --egg-base ../../build/py_pubsub build --build-base /home/vboxuser/autocar/build/py_pubsub/build install --record /home/vboxuser/autocar/build/py_pubsub/install.log --single-version-externally-managed
[1.307s] running egg_info
[1.308s] writing ../../build/py_pubsub/py_pubsub.egg-info/PKG-INFO
[1.308s] writing dependency_links to ../../build/py_pubsub/py_pubsub.egg-info/dependency_links.txt
[1.308s] writing entry points to ../../build/py_pubsub/py_pubsub.egg-info/entry_points.txt
[1.308s] writing requirements to ../../build/py_pubsub/py_pubsub.egg-info/requires.txt
[1.308s] writing top-level names to ../../build/py_pubsub/py_pubsub.egg-info/top_level.txt
[1.363s] reading manifest file '../../build/py_pubsub/py_pubsub.egg-info/SOURCES.txt'
[1.364s] writing manifest file '../../build/py_pubsub/py_pubsub.egg-info/SOURCES.txt'
[1.524s] running build
[1.524s] running build_py
[1.524s] copying py_pubsub/cone_subscriber_function.py -> /home/vboxuser/autocar/build/py_pubsub/build/lib/py_pubsub
[1.524s] running install
[1.526s] running install_lib
[1.526s] copying /home/vboxuser/autocar/build/py_pubsub/build/lib/py_pubsub/cone_subscriber_function.py -> /home/vboxuser/autocar/install/py_pubsub/lib/python3.8/site-packages/py_pubsub
[1.526s] byte-compiling /home/vboxuser/autocar/install/py_pubsub/lib/python3.8/site-packages/py_pubsub/cone_subscriber_function.py to cone_subscriber_function.cpython-38.pyc
[1.671s] running install_data
[1.671s] running install_egg_info
[1.671s] removing '/home/vboxuser/autocar/install/py_pubsub/lib/python3.8/site-packages/py_pubsub-0.0.0-py3.8.egg-info' (and everything under it)
[1.672s] Copying ../../build/py_pubsub/py_pubsub.egg-info to /home/vboxuser/autocar/install/py_pubsub/lib/python3.8/site-packages/py_pubsub-0.0.0-py3.8.egg-info
[1.672s] running install_scripts
[1.692s] Installing cmd_listener script to /home/vboxuser/autocar/install/py_pubsub/lib/py_pubsub
[1.794s] Installing cone_listener script to /home/vboxuser/autocar/install/py_pubsub/lib/py_pubsub
[1.794s] Installing talker script to /home/vboxuser/autocar/install/py_pubsub/lib/py_pubsub
[1.794s] writing list of installed files to '/home/vboxuser/autocar/build/py_pubsub/install.log'
[1.835s] Invoked command in '/home/vboxuser/autocar/src/py_pubsub' returned '0': CMAKE_PREFIX_PATH=/home/vboxuser/autocar/install/eufs_msgs:/home/vboxuser/autocar/install/turtlesim:/home/vboxuser/sim/install/eufs_sensors:/home/vboxuser/sim/install/eufs_rviz_plugins:/home/vboxuser/sim/install/eufs_plugins:/home/vboxuser/sim/install/eufs_models:/home/vboxuser/sim/install/eufs_msgs LD_LIBRARY_PATH=/home/vboxuser/autocar/install/eufs_msgs/lib:/home/vboxuser/autocar/install/turtlesim/lib:/home/vboxuser/sim/install/eufs_rviz_plugins/lib:/home/vboxuser/sim/install/eufs_plugins/lib:/home/vboxuser/sim/install/eufs_models/lib:/home/vboxuser/sim/install/eufs_msgs/lib:/usr/lib/x86_64-linux-gnu/gazebo-11/plugins:/opt/ros/galactic/opt/yaml_cpp_vendor/lib:/opt/ros/galactic/opt/rviz_ogre_vendor/lib:/opt/ros/galactic/lib/x86_64-linux-gnu:/opt/ros/galactic/lib PYTHONPATH=/home/vboxuser/autocar/build/py_pubsub/prefix_override:/home/vboxuser/autocar/install/py_pubsub/lib/python3.8/site-packages:/home/vboxuser/autocar/install/eufs_msgs/lib/python3.8/site-packages:/home/vboxuser/autocar/install/turtlesim/lib/python3.8/site-packages:/home/vboxuser/autocar/install/py_pubsub/lib/python3.8/site-packages:/home/vboxuser/autocar/install/my_package/lib/python3.8/site-packages:/home/vboxuser/sim/install/eufs_launcher/lib/python3.8/site-packages:/home/vboxuser/sim/install/eufs_tracks/lib/python3.8/site-packages:/home/vboxuser/sim/install/eufs_rqt/lib/python3.8/site-packages:/home/vboxuser/sim/install/eufs_racecar/lib/python3.8/site-packages:/home/vboxuser/sim/install/eufs_msgs/lib/python3.8/site-packages:/opt/ros/galactic/lib/python3.8/site-packages /usr/bin/python3 setup.py egg_info --egg-base ../../build/py_pubsub build --build-base /home/vboxuser/autocar/build/py_pubsub/build install --record /home/vboxuser/autocar/build/py_pubsub/install.log --single-version-externally-managed
