[0.547s] DEBUG:colcon:Command line arguments: ['/usr/bin/colcon', 'build']
[0.547s] DEBUG:colcon:Parsed command line arguments: Namespace(allow_overriding=[], ament_cmake_args=None, base_paths=['.'], build_base='build', catkin_cmake_args=None, catkin_skip_building_tests=False, cmake_args=None, cmake_clean_cache=False, cmake_clean_first=False, cmake_force_configure=False, cmake_target=None, cmake_target_skip_unavailable=False, continue_on_error=False, event_handlers=None, executor='parallel', ignore_user_meta=False, install_base='install', log_base=None, log_level=None, main=<bound method BuildVerb.main of <colcon_core.verb.build.BuildVerb object at 0x7ff2dadc8e20>>, merge_install=False, metas=['./colcon.meta'], packages_above=None, packages_above_and_dependencies=None, packages_above_depth=None, packages_end=None, packages_ignore=None, packages_ignore_regex=None, packages_select=None, packages_select_build_failed=False, packages_select_by_dep=None, packages_select_regex=None, packages_select_test_failures=False, packages_skip=None, packages_skip_build_finished=False, packages_skip_by_dep=None, packages_skip_regex=None, packages_skip_test_passed=False, packages_skip_up_to=None, packages_start=None, packages_up_to=None, packages_up_to_regex=None, parallel_workers=8, paths=None, symlink_install=False, test_result_base=None, verb_extension=<colcon_core.verb.build.BuildVerb object at 0x7ff2dadc8e20>, verb_name='build', verb_parser=<colcon_defaults.argument_parser.defaults.DefaultArgumentsDecorator object at 0x7ff2dadd23d0>)
[0.591s] Level 1:colcon.colcon_core.package_discovery:discover_packages(colcon_meta) check parameters
[0.591s] Level 1:colcon.colcon_core.package_discovery:discover_packages(recursive) check parameters
[0.591s] Level 1:colcon.colcon_core.package_discovery:discover_packages(ignore) check parameters
[0.591s] Level 1:colcon.colcon_core.package_discovery:discover_packages(path) check parameters
[0.591s] Level 1:colcon.colcon_core.package_discovery:discover_packages(colcon_meta) discover
[0.591s] Level 1:colcon.colcon_core.package_discovery:discover_packages(recursive) discover
[0.591s] INFO:colcon.colcon_core.package_discovery:Crawling recursively for packages in '/home/vboxuser/autocar'
[0.591s] Level 1:colcon.colcon_core.package_identification:_identify(.) by extensions ['ignore', 'ignore_ament_install']
[0.591s] Level 1:colcon.colcon_core.package_identification:_identify(.) by extension 'ignore'
[0.591s] Level 1:colcon.colcon_core.package_identification:_identify(.) by extension 'ignore_ament_install'
[0.591s] Level 1:colcon.colcon_core.package_identification:_identify(.) by extensions ['colcon_pkg']
[0.591s] Level 1:colcon.colcon_core.package_identification:_identify(.) by extension 'colcon_pkg'
[0.592s] Level 1:colcon.colcon_core.package_identification:_identify(.) by extensions ['colcon_meta']
[0.592s] Level 1:colcon.colcon_core.package_identification:_identify(.) by extension 'colcon_meta'
[0.592s] Level 1:colcon.colcon_core.package_identification:_identify(.) by extensions ['ros']
[0.592s] Level 1:colcon.colcon_core.package_identification:_identify(.) by extension 'ros'
[0.626s] Level 1:colcon.colcon_core.package_identification:_identify(.) by extensions ['cmake', 'python']
[0.627s] Level 1:colcon.colcon_core.package_identification:_identify(.) by extension 'cmake'
[0.627s] Level 1:colcon.colcon_core.package_identification:_identify(.) by extension 'python'
[0.627s] Level 1:colcon.colcon_core.package_identification:_identify(.) by extensions ['python_setup_py']
[0.627s] Level 1:colcon.colcon_core.package_identification:_identify(.) by extension 'python_setup_py'
[0.627s] Level 1:colcon.colcon_core.package_identification:_identify(build) by extensions ['ignore', 'ignore_ament_install']
[0.627s] Level 1:colcon.colcon_core.package_identification:_identify(build) by extension 'ignore'
[0.627s] Level 1:colcon.colcon_core.package_identification:_identify(build) ignored
[0.627s] Level 1:colcon.colcon_core.package_identification:_identify(install) by extensions ['ignore', 'ignore_ament_install']
[0.627s] Level 1:colcon.colcon_core.package_identification:_identify(install) by extension 'ignore'
[0.628s] Level 1:colcon.colcon_core.package_identification:_identify(install) ignored
[0.628s] Level 1:colcon.colcon_core.package_identification:_identify(log) by extensions ['ignore', 'ignore_ament_install']
[0.628s] Level 1:colcon.colcon_core.package_identification:_identify(log) by extension 'ignore'
[0.628s] Level 1:colcon.colcon_core.package_identification:_identify(log) ignored
[0.628s] Level 1:colcon.colcon_core.package_identification:_identify(src) by extensions ['ignore', 'ignore_ament_install']
[0.628s] Level 1:colcon.colcon_core.package_identification:_identify(src) by extension 'ignore'
[0.628s] Level 1:colcon.colcon_core.package_identification:_identify(src) by extension 'ignore_ament_install'
[0.629s] Level 1:colcon.colcon_core.package_identification:_identify(src) by extensions ['colcon_pkg']
[0.629s] Level 1:colcon.colcon_core.package_identification:_identify(src) by extension 'colcon_pkg'
[0.629s] Level 1:colcon.colcon_core.package_identification:_identify(src) by extensions ['colcon_meta']
[0.629s] Level 1:colcon.colcon_core.package_identification:_identify(src) by extension 'colcon_meta'
[0.629s] Level 1:colcon.colcon_core.package_identification:_identify(src) by extensions ['ros']
[0.629s] Level 1:colcon.colcon_core.package_identification:_identify(src) by extension 'ros'
[0.629s] Level 1:colcon.colcon_core.package_identification:_identify(src) by extensions ['cmake', 'python']
[0.629s] Level 1:colcon.colcon_core.package_identification:_identify(src) by extension 'cmake'
[0.629s] Level 1:colcon.colcon_core.package_identification:_identify(src) by extension 'python'
[0.629s] Level 1:colcon.colcon_core.package_identification:_identify(src) by extensions ['python_setup_py']
[0.629s] Level 1:colcon.colcon_core.package_identification:_identify(src) by extension 'python_setup_py'
[0.629s] Level 1:colcon.colcon_core.package_identification:_identify(src/eufs_msgs) by extensions ['ignore', 'ignore_ament_install']
[0.630s] Level 1:colcon.colcon_core.package_identification:_identify(src/eufs_msgs) by extension 'ignore'
[0.630s] Level 1:colcon.colcon_core.package_identification:_identify(src/eufs_msgs) by extension 'ignore_ament_install'
[0.630s] Level 1:colcon.colcon_core.package_identification:_identify(src/eufs_msgs) by extensions ['colcon_pkg']
[0.630s] Level 1:colcon.colcon_core.package_identification:_identify(src/eufs_msgs) by extension 'colcon_pkg'
[0.630s] Level 1:colcon.colcon_core.package_identification:_identify(src/eufs_msgs) by extensions ['colcon_meta']
[0.630s] Level 1:colcon.colcon_core.package_identification:_identify(src/eufs_msgs) by extension 'colcon_meta'
[0.630s] Level 1:colcon.colcon_core.package_identification:_identify(src/eufs_msgs) by extensions ['ros']
[0.630s] Level 1:colcon.colcon_core.package_identification:_identify(src/eufs_msgs) by extension 'ros'
[0.637s] DEBUG:colcon.colcon_core.package_identification:Package 'src/eufs_msgs' with type 'ros.ament_cmake' and name 'eufs_msgs'
[0.638s] Level 1:colcon.colcon_core.package_identification:_identify(src/py_pubsub) by extensions ['ignore', 'ignore_ament_install']
[0.638s] Level 1:colcon.colcon_core.package_identification:_identify(src/py_pubsub) by extension 'ignore'
[0.638s] Level 1:colcon.colcon_core.package_identification:_identify(src/py_pubsub) by extension 'ignore_ament_install'
[0.638s] Level 1:colcon.colcon_core.package_identification:_identify(src/py_pubsub) by extensions ['colcon_pkg']
[0.638s] Level 1:colcon.colcon_core.package_identification:_identify(src/py_pubsub) by extension 'colcon_pkg'
[0.638s] Level 1:colcon.colcon_core.package_identification:_identify(src/py_pubsub) by extensions ['colcon_meta']
[0.638s] Level 1:colcon.colcon_core.package_identification:_identify(src/py_pubsub) by extension 'colcon_meta'
[0.638s] Level 1:colcon.colcon_core.package_identification:_identify(src/py_pubsub) by extensions ['ros']
[0.638s] Level 1:colcon.colcon_core.package_identification:_identify(src/py_pubsub) by extension 'ros'
[0.639s] DEBUG:colcon.colcon_core.package_identification:Package 'src/py_pubsub' with type 'ros.ament_python' and name 'py_pubsub'
[0.639s] Level 1:colcon.colcon_core.package_discovery:discover_packages(recursive) using defaults
[0.640s] Level 1:colcon.colcon_core.package_discovery:discover_packages(ignore) discover
[0.640s] Level 1:colcon.colcon_core.package_discovery:discover_packages(ignore) using defaults
[0.640s] Level 1:colcon.colcon_core.package_discovery:discover_packages(path) discover
[0.640s] Level 1:colcon.colcon_core.package_discovery:discover_packages(path) using defaults
[0.676s] Level 1:colcon.colcon_core.package_discovery:discover_packages(prefix_path) check parameters
[0.682s] Level 1:colcon.colcon_core.package_discovery:discover_packages(prefix_path) discover
[0.688s] DEBUG:colcon.colcon_installed_package_information.package_discovery:Found 4 installed packages in /home/vboxuser/autocar/install
[0.691s] DEBUG:colcon.colcon_installed_package_information.package_discovery:Found 277 installed packages in /opt/ros/galactic
[0.700s] Level 1:colcon.colcon_core.package_discovery:discover_packages(prefix_path) using defaults
[0.834s] Level 5:colcon.colcon_core.verb:set package 'eufs_msgs' build argument 'cmake_args' from command line to 'None'
[0.834s] Level 5:colcon.colcon_core.verb:set package 'eufs_msgs' build argument 'cmake_target' from command line to 'None'
[0.834s] Level 5:colcon.colcon_core.verb:set package 'eufs_msgs' build argument 'cmake_target_skip_unavailable' from command line to 'False'
[0.834s] Level 5:colcon.colcon_core.verb:set package 'eufs_msgs' build argument 'cmake_clean_cache' from command line to 'False'
[0.834s] Level 5:colcon.colcon_core.verb:set package 'eufs_msgs' build argument 'cmake_clean_first' from command line to 'False'
[0.834s] Level 5:colcon.colcon_core.verb:set package 'eufs_msgs' build argument 'cmake_force_configure' from command line to 'False'
[0.834s] Level 5:colcon.colcon_core.verb:set package 'eufs_msgs' build argument 'ament_cmake_args' from command line to 'None'
[0.834s] Level 5:colcon.colcon_core.verb:set package 'eufs_msgs' build argument 'catkin_cmake_args' from command line to 'None'
[0.834s] Level 5:colcon.colcon_core.verb:set package 'eufs_msgs' build argument 'catkin_skip_building_tests' from command line to 'False'
[0.834s] DEBUG:colcon.colcon_core.verb:Building package 'eufs_msgs' with the following arguments: {'ament_cmake_args': None, 'build_base': '/home/vboxuser/autocar/build/eufs_msgs', 'catkin_cmake_args': None, 'catkin_skip_building_tests': False, 'cmake_args': None, 'cmake_clean_cache': False, 'cmake_clean_first': False, 'cmake_force_configure': False, 'cmake_target': None, 'cmake_target_skip_unavailable': False, 'install_base': '/home/vboxuser/autocar/install/eufs_msgs', 'merge_install': False, 'path': '/home/vboxuser/autocar/src/eufs_msgs', 'symlink_install': False, 'test_result_base': None}
[0.836s] Level 5:colcon.colcon_core.verb:set package 'py_pubsub' build argument 'cmake_args' from command line to 'None'
[0.836s] Level 5:colcon.colcon_core.verb:set package 'py_pubsub' build argument 'cmake_target' from command line to 'None'
[0.836s] Level 5:colcon.colcon_core.verb:set package 'py_pubsub' build argument 'cmake_target_skip_unavailable' from command line to 'False'
[0.838s] Level 5:colcon.colcon_core.verb:set package 'py_pubsub' build argument 'cmake_clean_cache' from command line to 'False'
[0.838s] Level 5:colcon.colcon_core.verb:set package 'py_pubsub' build argument 'cmake_clean_first' from command line to 'False'
[0.838s] Level 5:colcon.colcon_core.verb:set package 'py_pubsub' build argument 'cmake_force_configure' from command line to 'False'
[0.838s] Level 5:colcon.colcon_core.verb:set package 'py_pubsub' build argument 'ament_cmake_args' from command line to 'None'
[0.838s] Level 5:colcon.colcon_core.verb:set package 'py_pubsub' build argument 'catkin_cmake_args' from command line to 'None'
[0.838s] Level 5:colcon.colcon_core.verb:set package 'py_pubsub' build argument 'catkin_skip_building_tests' from command line to 'False'
[0.838s] DEBUG:colcon.colcon_core.verb:Building package 'py_pubsub' with the following arguments: {'ament_cmake_args': None, 'build_base': '/home/vboxuser/autocar/build/py_pubsub', 'catkin_cmake_args': None, 'catkin_skip_building_tests': False, 'cmake_args': None, 'cmake_clean_cache': False, 'cmake_clean_first': False, 'cmake_force_configure': False, 'cmake_target': None, 'cmake_target_skip_unavailable': False, 'install_base': '/home/vboxuser/autocar/install/py_pubsub', 'merge_install': False, 'path': '/home/vboxuser/autocar/src/py_pubsub', 'symlink_install': False, 'test_result_base': None}
[0.842s] INFO:colcon.colcon_core.executor:Executing jobs using 'parallel' executor
[0.846s] DEBUG:colcon.colcon_parallel_executor.executor.parallel:run_until_complete
[0.847s] INFO:colcon.colcon_ros.task.ament_cmake.build:Building ROS package in '/home/vboxuser/autocar/src/eufs_msgs' with build type 'ament_cmake'
[0.847s] INFO:colcon.colcon_cmake.task.cmake.build:Building CMake package in '/home/vboxuser/autocar/src/eufs_msgs'
[0.855s] INFO:colcon.colcon_core.plugin_system:Skipping extension 'colcon_core.shell.bat': Not used on non-Windows systems
[0.856s] INFO:colcon.colcon_core.shell:Skip shell extension 'powershell' for command environment: Not usable outside of PowerShell
[0.856s] DEBUG:colcon.colcon_core.shell:Skip shell extension 'dsv' for command environment
[0.887s] DEBUG:colcon.colcon_core.event_handler.log_command:Invoking command in '/home/vboxuser/autocar/build/eufs_msgs': CMAKE_PREFIX_PATH=${CMAKE_PREFIX_PATH}:/opt/ros/galactic:/home/vboxuser/autocar/install/py_pubsub:/home/vboxuser/autocar/install/my_package /usr/bin/cmake --build /home/vboxuser/autocar/build/eufs_msgs -- -j8 -l8
[1.558s] DEBUG:colcon.colcon_core.event_handler.log_command:Invoked command in '/home/vboxuser/autocar/build/eufs_msgs' returned '0': CMAKE_PREFIX_PATH=${CMAKE_PREFIX_PATH}:/opt/ros/galactic:/home/vboxuser/autocar/install/py_pubsub:/home/vboxuser/autocar/install/my_package /usr/bin/cmake --build /home/vboxuser/autocar/build/eufs_msgs -- -j8 -l8
[2.866s] DEBUG:colcon.colcon_core.event_handler.log_command:Invoking command in '/home/vboxuser/autocar/build/eufs_msgs': CMAKE_PREFIX_PATH=${CMAKE_PREFIX_PATH}:/opt/ros/galactic:/home/vboxuser/autocar/install/py_pubsub:/home/vboxuser/autocar/install/my_package /usr/bin/cmake --install /home/vboxuser/autocar/build/eufs_msgs
[3.025s] Level 1:colcon.colcon_core.environment:create_environment_scripts_only(eufs_msgs)
[3.041s] DEBUG:colcon.colcon_core.event_handler.log_command:Invoked command in '/home/vboxuser/autocar/build/eufs_msgs' returned '0': CMAKE_PREFIX_PATH=${CMAKE_PREFIX_PATH}:/opt/ros/galactic:/home/vboxuser/autocar/install/py_pubsub:/home/vboxuser/autocar/install/my_package /usr/bin/cmake --install /home/vboxuser/autocar/build/eufs_msgs
[3.048s] Level 1:colcon.colcon_core.environment:checking '/home/vboxuser/autocar/install/eufs_msgs' for CMake module files
[3.050s] Level 1:colcon.colcon_core.environment:checking '/home/vboxuser/autocar/install/eufs_msgs' for CMake config files
[3.050s] Level 1:colcon.colcon_core.shell:create_environment_hook('eufs_msgs', 'cmake_prefix_path')
[3.053s] INFO:colcon.colcon_core.shell:Creating environment hook '/home/vboxuser/autocar/install/eufs_msgs/share/eufs_msgs/hook/cmake_prefix_path.ps1'
[3.054s] INFO:colcon.colcon_core.shell:Creating environment descriptor '/home/vboxuser/autocar/install/eufs_msgs/share/eufs_msgs/hook/cmake_prefix_path.dsv'
[3.054s] INFO:colcon.colcon_core.shell:Creating environment hook '/home/vboxuser/autocar/install/eufs_msgs/share/eufs_msgs/hook/cmake_prefix_path.sh'
[3.056s] Level 1:colcon.colcon_core.environment:checking '/home/vboxuser/autocar/install/eufs_msgs/lib'
[3.056s] Level 1:colcon.colcon_core.shell:create_environment_hook('eufs_msgs', 'ld_library_path_lib')
[3.058s] INFO:colcon.colcon_core.shell:Creating environment hook '/home/vboxuser/autocar/install/eufs_msgs/share/eufs_msgs/hook/ld_library_path_lib.ps1'
[3.059s] INFO:colcon.colcon_core.shell:Creating environment descriptor '/home/vboxuser/autocar/install/eufs_msgs/share/eufs_msgs/hook/ld_library_path_lib.dsv'
[3.060s] INFO:colcon.colcon_core.shell:Creating environment hook '/home/vboxuser/autocar/install/eufs_msgs/share/eufs_msgs/hook/ld_library_path_lib.sh'
[3.060s] Level 1:colcon.colcon_core.environment:checking '/home/vboxuser/autocar/install/eufs_msgs/bin'
[3.060s] Level 1:colcon.colcon_core.environment:checking '/home/vboxuser/autocar/install/eufs_msgs/lib/pkgconfig/eufs_msgs.pc'
[3.061s] Level 1:colcon.colcon_core.environment:checking '/home/vboxuser/autocar/install/eufs_msgs/lib/python3.8/site-packages'
[3.061s] Level 1:colcon.colcon_core.shell:create_environment_hook('eufs_msgs', 'pythonpath')
[3.069s] INFO:colcon.colcon_core.shell:Creating environment hook '/home/vboxuser/autocar/install/eufs_msgs/share/eufs_msgs/hook/pythonpath.ps1'
[3.070s] INFO:colcon.colcon_core.shell:Creating environment descriptor '/home/vboxuser/autocar/install/eufs_msgs/share/eufs_msgs/hook/pythonpath.dsv'
[3.070s] INFO:colcon.colcon_core.shell:Creating environment hook '/home/vboxuser/autocar/install/eufs_msgs/share/eufs_msgs/hook/pythonpath.sh'
[3.071s] Level 1:colcon.colcon_core.environment:checking '/home/vboxuser/autocar/install/eufs_msgs/bin'
[3.073s] INFO:colcon.colcon_core.shell:Creating package script '/home/vboxuser/autocar/install/eufs_msgs/share/eufs_msgs/package.ps1'
[3.075s] INFO:colcon.colcon_core.shell:Creating package descriptor '/home/vboxuser/autocar/install/eufs_msgs/share/eufs_msgs/package.dsv'
[3.075s] INFO:colcon.colcon_core.shell:Creating package script '/home/vboxuser/autocar/install/eufs_msgs/share/eufs_msgs/package.sh'
[3.077s] INFO:colcon.colcon_core.shell:Creating package script '/home/vboxuser/autocar/install/eufs_msgs/share/eufs_msgs/package.bash'
[3.078s] INFO:colcon.colcon_core.shell:Creating package script '/home/vboxuser/autocar/install/eufs_msgs/share/eufs_msgs/package.zsh'
[3.079s] Level 1:colcon.colcon_core.environment:create_file_with_runtime_dependencies(/home/vboxuser/autocar/install/eufs_msgs/share/colcon-core/packages/eufs_msgs)
[4.120s] Level 1:colcon.colcon_core.environment:create_environment_scripts_only(eufs_msgs)
[4.124s] Level 1:colcon.colcon_core.environment:checking '/home/vboxuser/autocar/install/eufs_msgs' for CMake module files
[4.125s] Level 1:colcon.colcon_core.environment:checking '/home/vboxuser/autocar/install/eufs_msgs' for CMake config files
[4.125s] Level 1:colcon.colcon_core.shell:create_environment_hook('eufs_msgs', 'cmake_prefix_path')
[4.127s] INFO:colcon.colcon_core.shell:Creating environment hook '/home/vboxuser/autocar/install/eufs_msgs/share/eufs_msgs/hook/cmake_prefix_path.ps1'
[4.128s] INFO:colcon.colcon_core.shell:Creating environment descriptor '/home/vboxuser/autocar/install/eufs_msgs/share/eufs_msgs/hook/cmake_prefix_path.dsv'
[4.128s] INFO:colcon.colcon_core.shell:Creating environment hook '/home/vboxuser/autocar/install/eufs_msgs/share/eufs_msgs/hook/cmake_prefix_path.sh'
[4.129s] Level 1:colcon.colcon_core.environment:checking '/home/vboxuser/autocar/install/eufs_msgs/lib'
[4.129s] Level 1:colcon.colcon_core.shell:create_environment_hook('eufs_msgs', 'ld_library_path_lib')
[4.133s] INFO:colcon.colcon_core.shell:Creating environment hook '/home/vboxuser/autocar/install/eufs_msgs/share/eufs_msgs/hook/ld_library_path_lib.ps1'
[4.134s] INFO:colcon.colcon_core.shell:Creating environment descriptor '/home/vboxuser/autocar/install/eufs_msgs/share/eufs_msgs/hook/ld_library_path_lib.dsv'
[4.134s] INFO:colcon.colcon_core.shell:Creating environment hook '/home/vboxuser/autocar/install/eufs_msgs/share/eufs_msgs/hook/ld_library_path_lib.sh'
[4.135s] Level 1:colcon.colcon_core.environment:checking '/home/vboxuser/autocar/install/eufs_msgs/bin'
[4.135s] Level 1:colcon.colcon_core.environment:checking '/home/vboxuser/autocar/install/eufs_msgs/lib/pkgconfig/eufs_msgs.pc'
[4.135s] Level 1:colcon.colcon_core.environment:checking '/home/vboxuser/autocar/install/eufs_msgs/lib/python3.8/site-packages'
[4.136s] Level 1:colcon.colcon_core.shell:create_environment_hook('eufs_msgs', 'pythonpath')
[4.138s] INFO:colcon.colcon_core.shell:Creating environment hook '/home/vboxuser/autocar/install/eufs_msgs/share/eufs_msgs/hook/pythonpath.ps1'
[4.140s] INFO:colcon.colcon_core.shell:Creating environment descriptor '/home/vboxuser/autocar/install/eufs_msgs/share/eufs_msgs/hook/pythonpath.dsv'
[4.140s] INFO:colcon.colcon_core.shell:Creating environment hook '/home/vboxuser/autocar/install/eufs_msgs/share/eufs_msgs/hook/pythonpath.sh'
[4.141s] Level 1:colcon.colcon_core.environment:checking '/home/vboxuser/autocar/install/eufs_msgs/bin'
[4.145s] INFO:colcon.colcon_core.shell:Creating package script '/home/vboxuser/autocar/install/eufs_msgs/share/eufs_msgs/package.ps1'
[4.146s] INFO:colcon.colcon_core.shell:Creating package descriptor '/home/vboxuser/autocar/install/eufs_msgs/share/eufs_msgs/package.dsv'
[4.147s] INFO:colcon.colcon_core.shell:Creating package script '/home/vboxuser/autocar/install/eufs_msgs/share/eufs_msgs/package.sh'
[4.148s] INFO:colcon.colcon_core.shell:Creating package script '/home/vboxuser/autocar/install/eufs_msgs/share/eufs_msgs/package.bash'
[4.148s] INFO:colcon.colcon_core.shell:Creating package script '/home/vboxuser/autocar/install/eufs_msgs/share/eufs_msgs/package.zsh'
[4.149s] Level 1:colcon.colcon_core.environment:create_file_with_runtime_dependencies(/home/vboxuser/autocar/install/eufs_msgs/share/colcon-core/packages/eufs_msgs)
[4.149s] INFO:colcon.colcon_ros.task.ament_python.build:Building ROS package in '/home/vboxuser/autocar/src/py_pubsub' with build type 'ament_python'
[4.150s] Level 1:colcon.colcon_core.shell:create_environment_hook('py_pubsub', 'ament_prefix_path')
[4.159s] INFO:colcon.colcon_core.shell:Creating environment hook '/home/vboxuser/autocar/install/py_pubsub/share/py_pubsub/hook/ament_prefix_path.ps1'
[4.161s] INFO:colcon.colcon_core.shell:Creating environment descriptor '/home/vboxuser/autocar/install/py_pubsub/share/py_pubsub/hook/ament_prefix_path.dsv'
[4.168s] INFO:colcon.colcon_core.shell:Creating environment hook '/home/vboxuser/autocar/install/py_pubsub/share/py_pubsub/hook/ament_prefix_path.sh'
[4.173s] INFO:colcon.colcon_core.shell:Skip shell extension 'powershell' for command environment: Not usable outside of PowerShell
[4.174s] DEBUG:colcon.colcon_core.shell:Skip shell extension 'dsv' for command environment
[4.606s] INFO:colcon.colcon_core.task.python.build:Building Python package in '/home/vboxuser/autocar/src/py_pubsub'
[4.611s] INFO:colcon.colcon_core.shell:Skip shell extension 'powershell' for command environment: Not usable outside of PowerShell
[4.611s] DEBUG:colcon.colcon_core.shell:Skip shell extension 'dsv' for command environment
[5.280s] DEBUG:colcon.colcon_core.event_handler.log_command:Invoking command in '/home/vboxuser/autocar/src/py_pubsub': AMENT_PREFIX_PATH=/home/vboxuser/autocar/install/eufs_msgs:${AMENT_PREFIX_PATH} CMAKE_PREFIX_PATH=/home/vboxuser/autocar/install/eufs_msgs:${CMAKE_PREFIX_PATH} LD_LIBRARY_PATH=/home/vboxuser/autocar/install/eufs_msgs/lib:${LD_LIBRARY_PATH} PYTHONPATH=/home/vboxuser/autocar/build/py_pubsub/prefix_override:/home/vboxuser/autocar/install/py_pubsub/lib/python3.8/site-packages:/home/vboxuser/autocar/install/eufs_msgs/lib/python3.8/site-packages:${PYTHONPATH} /usr/bin/python3 setup.py egg_info --egg-base ../../build/py_pubsub build --build-base /home/vboxuser/autocar/build/py_pubsub/build install --record /home/vboxuser/autocar/build/py_pubsub/install.log --single-version-externally-managed
[5.698s] Level 1:colcon.colcon_core.environment:checking '/home/vboxuser/autocar/install/py_pubsub' for CMake module files
[5.699s] DEBUG:colcon.colcon_core.event_handler.log_command:Invoked command in '/home/vboxuser/autocar/src/py_pubsub' returned '0': AMENT_PREFIX_PATH=/home/vboxuser/autocar/install/eufs_msgs:${AMENT_PREFIX_PATH} CMAKE_PREFIX_PATH=/home/vboxuser/autocar/install/eufs_msgs:${CMAKE_PREFIX_PATH} LD_LIBRARY_PATH=/home/vboxuser/autocar/install/eufs_msgs/lib:${LD_LIBRARY_PATH} PYTHONPATH=/home/vboxuser/autocar/build/py_pubsub/prefix_override:/home/vboxuser/autocar/install/py_pubsub/lib/python3.8/site-packages:/home/vboxuser/autocar/install/eufs_msgs/lib/python3.8/site-packages:${PYTHONPATH} /usr/bin/python3 setup.py egg_info --egg-base ../../build/py_pubsub build --build-base /home/vboxuser/autocar/build/py_pubsub/build install --record /home/vboxuser/autocar/build/py_pubsub/install.log --single-version-externally-managed
[5.699s] Level 1:colcon.colcon_core.environment:checking '/home/vboxuser/autocar/install/py_pubsub' for CMake config files
[5.700s] Level 1:colcon.colcon_core.environment:checking '/home/vboxuser/autocar/install/py_pubsub/lib'
[5.700s] Level 1:colcon.colcon_core.environment:checking '/home/vboxuser/autocar/install/py_pubsub/bin'
[5.700s] Level 1:colcon.colcon_core.environment:checking '/home/vboxuser/autocar/install/py_pubsub/lib/pkgconfig/py_pubsub.pc'
[5.701s] Level 1:colcon.colcon_core.environment:checking '/home/vboxuser/autocar/install/py_pubsub/lib/python3.8/site-packages'
[5.701s] Level 1:colcon.colcon_core.shell:create_environment_hook('py_pubsub', 'pythonpath')
[5.702s] INFO:colcon.colcon_core.shell:Creating environment hook '/home/vboxuser/autocar/install/py_pubsub/share/py_pubsub/hook/pythonpath.ps1'
[5.703s] INFO:colcon.colcon_core.shell:Creating environment descriptor '/home/vboxuser/autocar/install/py_pubsub/share/py_pubsub/hook/pythonpath.dsv'
[5.703s] INFO:colcon.colcon_core.shell:Creating environment hook '/home/vboxuser/autocar/install/py_pubsub/share/py_pubsub/hook/pythonpath.sh'
[5.704s] Level 1:colcon.colcon_core.environment:checking '/home/vboxuser/autocar/install/py_pubsub/bin'
[5.704s] Level 1:colcon.colcon_core.environment:create_environment_scripts_only(py_pubsub)
[5.705s] INFO:colcon.colcon_core.shell:Creating package script '/home/vboxuser/autocar/install/py_pubsub/share/py_pubsub/package.ps1'
[5.706s] INFO:colcon.colcon_core.shell:Creating package descriptor '/home/vboxuser/autocar/install/py_pubsub/share/py_pubsub/package.dsv'
[5.706s] INFO:colcon.colcon_core.shell:Creating package script '/home/vboxuser/autocar/install/py_pubsub/share/py_pubsub/package.sh'
[5.706s] INFO:colcon.colcon_core.shell:Creating package script '/home/vboxuser/autocar/install/py_pubsub/share/py_pubsub/package.bash'
[5.707s] INFO:colcon.colcon_core.shell:Creating package script '/home/vboxuser/autocar/install/py_pubsub/share/py_pubsub/package.zsh'
[5.707s] Level 1:colcon.colcon_core.environment:create_file_with_runtime_dependencies(/home/vboxuser/autocar/install/py_pubsub/share/colcon-core/packages/py_pubsub)
[5.707s] DEBUG:colcon.colcon_parallel_executor.executor.parallel:closing loop
[5.708s] DEBUG:colcon.colcon_parallel_executor.executor.parallel:loop closed
[5.708s] DEBUG:colcon.colcon_parallel_executor.executor.parallel:run_until_complete finished with '0'
[5.708s] DEBUG:colcon.colcon_core.event_reactor:joining thread
[5.718s] INFO:colcon.colcon_core.plugin_system:Skipping extension 'colcon_notification.desktop_notification.terminal_notifier': Not used on non-Darwin systems
[5.718s] INFO:colcon.colcon_core.plugin_system:Skipping extension 'colcon_notification.desktop_notification.win32': Not used on non-Windows systems
[5.718s] INFO:colcon.colcon_notification.desktop_notification:Sending desktop notification using 'notify2'
[5.796s] DEBUG:colcon.colcon_core.event_reactor:joined thread
[5.805s] INFO:colcon.colcon_core.shell:Creating prefix script '/home/vboxuser/autocar/install/local_setup.ps1'
[5.806s] INFO:colcon.colcon_core.shell:Creating prefix util module '/home/vboxuser/autocar/install/_local_setup_util_ps1.py'
[5.807s] INFO:colcon.colcon_core.shell:Creating prefix chain script '/home/vboxuser/autocar/install/setup.ps1'
[5.810s] INFO:colcon.colcon_core.shell:Creating prefix script '/home/vboxuser/autocar/install/local_setup.sh'
[5.810s] INFO:colcon.colcon_core.shell:Creating prefix util module '/home/vboxuser/autocar/install/_local_setup_util_sh.py'
[5.811s] INFO:colcon.colcon_core.shell:Creating prefix chain script '/home/vboxuser/autocar/install/setup.sh'
[5.812s] INFO:colcon.colcon_core.shell:Creating prefix script '/home/vboxuser/autocar/install/local_setup.bash'
[5.813s] INFO:colcon.colcon_core.shell:Creating prefix chain script '/home/vboxuser/autocar/install/setup.bash'
[5.814s] INFO:colcon.colcon_core.shell:Creating prefix script '/home/vboxuser/autocar/install/local_setup.zsh'
[5.815s] INFO:colcon.colcon_core.shell:Creating prefix chain script '/home/vboxuser/autocar/install/setup.zsh'
