[0.344s] DEBUG:colcon:Command line arguments: ['/usr/bin/colcon', 'build']
[0.344s] DEBUG:colcon:Parsed command line arguments: Namespace(allow_overriding=[], ament_cmake_args=None, base_paths=['.'], build_base='build', catkin_cmake_args=None, catkin_skip_building_tests=False, cmake_args=None, cmake_clean_cache=False, cmake_clean_first=False, cmake_force_configure=False, cmake_target=None, cmake_target_skip_unavailable=False, continue_on_error=False, event_handlers=None, executor='parallel', ignore_user_meta=False, install_base='install', log_base=None, log_level=None, main=<bound method BuildVerb.main of <colcon_core.verb.build.BuildVerb object at 0x7fecc81ba1f0>>, merge_install=False, metas=['./colcon.meta'], packages_above=None, packages_above_and_dependencies=None, packages_above_depth=None, packages_end=None, packages_ignore=None, packages_ignore_regex=None, packages_select=None, packages_select_build_failed=False, packages_select_by_dep=None, packages_select_regex=None, packages_select_test_failures=False, packages_skip=None, packages_skip_build_finished=False, packages_skip_by_dep=None, packages_skip_regex=None, packages_skip_test_passed=False, packages_skip_up_to=None, packages_start=None, packages_up_to=None, packages_up_to_regex=None, parallel_workers=8, paths=None, symlink_install=False, test_result_base=None, verb_extension=<colcon_core.verb.build.BuildVerb object at 0x7fecc81ba1f0>, verb_name='build', verb_parser=<colcon_defaults.argument_parser.defaults.DefaultArgumentsDecorator object at 0x7fecc81ba730>)
[0.376s] Level 1:colcon.colcon_core.package_discovery:discover_packages(colcon_meta) check parameters
[0.376s] Level 1:colcon.colcon_core.package_discovery:discover_packages(recursive) check parameters
[0.376s] Level 1:colcon.colcon_core.package_discovery:discover_packages(ignore) check parameters
[0.376s] Level 1:colcon.colcon_core.package_discovery:discover_packages(path) check parameters
[0.376s] Level 1:colcon.colcon_core.package_discovery:discover_packages(colcon_meta) discover
[0.376s] Level 1:colcon.colcon_core.package_discovery:discover_packages(recursive) discover
[0.376s] INFO:colcon.colcon_core.package_discovery:Crawling recursively for packages in '/home/vboxuser/autocar'
[0.376s] Level 1:colcon.colcon_core.package_identification:_identify(.) by extensions ['ignore', 'ignore_ament_install']
[0.376s] Level 1:colcon.colcon_core.package_identification:_identify(.) by extension 'ignore'
[0.376s] Level 1:colcon.colcon_core.package_identification:_identify(.) by extension 'ignore_ament_install'
[0.376s] Level 1:colcon.colcon_core.package_identification:_identify(.) by extensions ['colcon_pkg']
[0.376s] Level 1:colcon.colcon_core.package_identification:_identify(.) by extension 'colcon_pkg'
[0.376s] Level 1:colcon.colcon_core.package_identification:_identify(.) by extensions ['colcon_meta']
[0.376s] Level 1:colcon.colcon_core.package_identification:_identify(.) by extension 'colcon_meta'
[0.376s] Level 1:colcon.colcon_core.package_identification:_identify(.) by extensions ['ros']
[0.376s] Level 1:colcon.colcon_core.package_identification:_identify(.) by extension 'ros'
[0.395s] Level 1:colcon.colcon_core.package_identification:_identify(.) by extensions ['cmake', 'python']
[0.395s] Level 1:colcon.colcon_core.package_identification:_identify(.) by extension 'cmake'
[0.395s] Level 1:colcon.colcon_core.package_identification:_identify(.) by extension 'python'
[0.395s] Level 1:colcon.colcon_core.package_identification:_identify(.) by extensions ['python_setup_py']
[0.395s] Level 1:colcon.colcon_core.package_identification:_identify(.) by extension 'python_setup_py'
[0.395s] Level 1:colcon.colcon_core.package_identification:_identify(build) by extensions ['ignore', 'ignore_ament_install']
[0.396s] Level 1:colcon.colcon_core.package_identification:_identify(build) by extension 'ignore'
[0.396s] Level 1:colcon.colcon_core.package_identification:_identify(build) ignored
[0.396s] Level 1:colcon.colcon_core.package_identification:_identify(install) by extensions ['ignore', 'ignore_ament_install']
[0.396s] Level 1:colcon.colcon_core.package_identification:_identify(install) by extension 'ignore'
[0.396s] Level 1:colcon.colcon_core.package_identification:_identify(install) ignored
[0.396s] Level 1:colcon.colcon_core.package_identification:_identify(log) by extensions ['ignore', 'ignore_ament_install']
[0.396s] Level 1:colcon.colcon_core.package_identification:_identify(log) by extension 'ignore'
[0.396s] Level 1:colcon.colcon_core.package_identification:_identify(log) ignored
[0.396s] Level 1:colcon.colcon_core.package_identification:_identify(src) by extensions ['ignore', 'ignore_ament_install']
[0.396s] Level 1:colcon.colcon_core.package_identification:_identify(src) by extension 'ignore'
[0.397s] Level 1:colcon.colcon_core.package_identification:_identify(src) by extension 'ignore_ament_install'
[0.397s] Level 1:colcon.colcon_core.package_identification:_identify(src) by extensions ['colcon_pkg']
[0.397s] Level 1:colcon.colcon_core.package_identification:_identify(src) by extension 'colcon_pkg'
[0.397s] Level 1:colcon.colcon_core.package_identification:_identify(src) by extensions ['colcon_meta']
[0.397s] Level 1:colcon.colcon_core.package_identification:_identify(src) by extension 'colcon_meta'
[0.397s] Level 1:colcon.colcon_core.package_identification:_identify(src) by extensions ['ros']
[0.397s] Level 1:colcon.colcon_core.package_identification:_identify(src) by extension 'ros'
[0.397s] Level 1:colcon.colcon_core.package_identification:_identify(src) by extensions ['cmake', 'python']
[0.397s] Level 1:colcon.colcon_core.package_identification:_identify(src) by extension 'cmake'
[0.397s] Level 1:colcon.colcon_core.package_identification:_identify(src) by extension 'python'
[0.397s] Level 1:colcon.colcon_core.package_identification:_identify(src) by extensions ['python_setup_py']
[0.397s] Level 1:colcon.colcon_core.package_identification:_identify(src) by extension 'python_setup_py'
[0.397s] Level 1:colcon.colcon_core.package_identification:_identify(src/eufs_msgs) by extensions ['ignore', 'ignore_ament_install']
[0.397s] Level 1:colcon.colcon_core.package_identification:_identify(src/eufs_msgs) by extension 'ignore'
[0.397s] Level 1:colcon.colcon_core.package_identification:_identify(src/eufs_msgs) by extension 'ignore_ament_install'
[0.397s] Level 1:colcon.colcon_core.package_identification:_identify(src/eufs_msgs) by extensions ['colcon_pkg']
[0.397s] Level 1:colcon.colcon_core.package_identification:_identify(src/eufs_msgs) by extension 'colcon_pkg'
[0.397s] Level 1:colcon.colcon_core.package_identification:_identify(src/eufs_msgs) by extensions ['colcon_meta']
[0.397s] Level 1:colcon.colcon_core.package_identification:_identify(src/eufs_msgs) by extension 'colcon_meta'
[0.398s] Level 1:colcon.colcon_core.package_identification:_identify(src/eufs_msgs) by extensions ['ros']
[0.398s] Level 1:colcon.colcon_core.package_identification:_identify(src/eufs_msgs) by extension 'ros'
[0.400s] DEBUG:colcon.colcon_core.package_identification:Package 'src/eufs_msgs' with type 'ros.ament_cmake' and name 'eufs_msgs'
[0.400s] Level 1:colcon.colcon_core.package_identification:_identify(src/py_pubsub) by extensions ['ignore', 'ignore_ament_install']
[0.400s] Level 1:colcon.colcon_core.package_identification:_identify(src/py_pubsub) by extension 'ignore'
[0.400s] Level 1:colcon.colcon_core.package_identification:_identify(src/py_pubsub) by extension 'ignore_ament_install'
[0.400s] Level 1:colcon.colcon_core.package_identification:_identify(src/py_pubsub) by extensions ['colcon_pkg']
[0.400s] Level 1:colcon.colcon_core.package_identification:_identify(src/py_pubsub) by extension 'colcon_pkg'
[0.400s] Level 1:colcon.colcon_core.package_identification:_identify(src/py_pubsub) by extensions ['colcon_meta']
[0.400s] Level 1:colcon.colcon_core.package_identification:_identify(src/py_pubsub) by extension 'colcon_meta'
[0.401s] Level 1:colcon.colcon_core.package_identification:_identify(src/py_pubsub) by extensions ['ros']
[0.401s] Level 1:colcon.colcon_core.package_identification:_identify(src/py_pubsub) by extension 'ros'
[0.401s] DEBUG:colcon.colcon_core.package_identification:Package 'src/py_pubsub' with type 'ros.ament_python' and name 'py_pubsub'
[0.401s] Level 1:colcon.colcon_core.package_discovery:discover_packages(recursive) using defaults
[0.401s] Level 1:colcon.colcon_core.package_discovery:discover_packages(ignore) discover
[0.401s] Level 1:colcon.colcon_core.package_discovery:discover_packages(ignore) using defaults
[0.401s] Level 1:colcon.colcon_core.package_discovery:discover_packages(path) discover
[0.401s] Level 1:colcon.colcon_core.package_discovery:discover_packages(path) using defaults
[0.423s] Level 1:colcon.colcon_core.package_discovery:discover_packages(prefix_path) check parameters
[0.423s] Level 1:colcon.colcon_core.package_discovery:discover_packages(prefix_path) discover
[0.427s] DEBUG:colcon.colcon_installed_package_information.package_discovery:Found 4 installed packages in /home/vboxuser/autocar/install
[0.428s] DEBUG:colcon.colcon_installed_package_information.package_discovery:Found 277 installed packages in /opt/ros/galactic
[0.430s] Level 1:colcon.colcon_core.package_discovery:discover_packages(prefix_path) using defaults
[0.502s] Level 5:colcon.colcon_core.verb:set package 'eufs_msgs' build argument 'cmake_args' from command line to 'None'
[0.503s] Level 5:colcon.colcon_core.verb:set package 'eufs_msgs' build argument 'cmake_target' from command line to 'None'
[0.503s] Level 5:colcon.colcon_core.verb:set package 'eufs_msgs' build argument 'cmake_target_skip_unavailable' from command line to 'False'
[0.503s] Level 5:colcon.colcon_core.verb:set package 'eufs_msgs' build argument 'cmake_clean_cache' from command line to 'False'
[0.503s] Level 5:colcon.colcon_core.verb:set package 'eufs_msgs' build argument 'cmake_clean_first' from command line to 'False'
[0.503s] Level 5:colcon.colcon_core.verb:set package 'eufs_msgs' build argument 'cmake_force_configure' from command line to 'False'
[0.503s] Level 5:colcon.colcon_core.verb:set package 'eufs_msgs' build argument 'ament_cmake_args' from command line to 'None'
[0.503s] Level 5:colcon.colcon_core.verb:set package 'eufs_msgs' build argument 'catkin_cmake_args' from command line to 'None'
[0.503s] Level 5:colcon.colcon_core.verb:set package 'eufs_msgs' build argument 'catkin_skip_building_tests' from command line to 'False'
[0.503s] DEBUG:colcon.colcon_core.verb:Building package 'eufs_msgs' with the following arguments: {'ament_cmake_args': None, 'build_base': '/home/vboxuser/autocar/build/eufs_msgs', 'catkin_cmake_args': None, 'catkin_skip_building_tests': False, 'cmake_args': None, 'cmake_clean_cache': False, 'cmake_clean_first': False, 'cmake_force_configure': False, 'cmake_target': None, 'cmake_target_skip_unavailable': False, 'install_base': '/home/vboxuser/autocar/install/eufs_msgs', 'merge_install': False, 'path': '/home/vboxuser/autocar/src/eufs_msgs', 'symlink_install': False, 'test_result_base': None}
[0.504s] Level 5:colcon.colcon_core.verb:set package 'py_pubsub' build argument 'cmake_args' from command line to 'None'
[0.504s] Level 5:colcon.colcon_core.verb:set package 'py_pubsub' build argument 'cmake_target' from command line to 'None'
[0.504s] Level 5:colcon.colcon_core.verb:set package 'py_pubsub' build argument 'cmake_target_skip_unavailable' from command line to 'False'
[0.504s] Level 5:colcon.colcon_core.verb:set package 'py_pubsub' build argument 'cmake_clean_cache' from command line to 'False'
[0.504s] Level 5:colcon.colcon_core.verb:set package 'py_pubsub' build argument 'cmake_clean_first' from command line to 'False'
[0.504s] Level 5:colcon.colcon_core.verb:set package 'py_pubsub' build argument 'cmake_force_configure' from command line to 'False'
[0.504s] Level 5:colcon.colcon_core.verb:set package 'py_pubsub' build argument 'ament_cmake_args' from command line to 'None'
[0.504s] Level 5:colcon.colcon_core.verb:set package 'py_pubsub' build argument 'catkin_cmake_args' from command line to 'None'
[0.504s] Level 5:colcon.colcon_core.verb:set package 'py_pubsub' build argument 'catkin_skip_building_tests' from command line to 'False'
[0.504s] DEBUG:colcon.colcon_core.verb:Building package 'py_pubsub' with the following arguments: {'ament_cmake_args': None, 'build_base': '/home/vboxuser/autocar/build/py_pubsub', 'catkin_cmake_args': None, 'catkin_skip_building_tests': False, 'cmake_args': None, 'cmake_clean_cache': False, 'cmake_clean_first': False, 'cmake_force_configure': False, 'cmake_target': None, 'cmake_target_skip_unavailable': False, 'install_base': '/home/vboxuser/autocar/install/py_pubsub', 'merge_install': False, 'path': '/home/vboxuser/autocar/src/py_pubsub', 'symlink_install': False, 'test_result_base': None}
[0.505s] INFO:colcon.colcon_core.executor:Executing jobs using 'parallel' executor
[0.508s] DEBUG:colcon.colcon_parallel_executor.executor.parallel:run_until_complete
[0.508s] INFO:colcon.colcon_ros.task.ament_cmake.build:Building ROS package in '/home/vboxuser/autocar/src/eufs_msgs' with build type 'ament_cmake'
[0.508s] INFO:colcon.colcon_cmake.task.cmake.build:Building CMake package in '/home/vboxuser/autocar/src/eufs_msgs'
[0.512s] INFO:colcon.colcon_core.plugin_system:Skipping extension 'colcon_core.shell.bat': Not used on non-Windows systems
[0.512s] INFO:colcon.colcon_core.shell:Skip shell extension 'powershell' for command environment: Not usable outside of PowerShell
[0.512s] DEBUG:colcon.colcon_core.shell:Skip shell extension 'dsv' for command environment
[0.530s] DEBUG:colcon.colcon_core.event_handler.log_command:Invoking command in '/home/vboxuser/autocar/build/eufs_msgs': CMAKE_PREFIX_PATH=${CMAKE_PREFIX_PATH}:/opt/ros/galactic:/home/vboxuser/autocar/install/py_pubsub:/home/vboxuser/autocar/install/my_package /usr/bin/cmake --build /home/vboxuser/autocar/build/eufs_msgs -- -j8 -l8
[0.919s] DEBUG:colcon.colcon_core.event_handler.log_command:Invoked command in '/home/vboxuser/autocar/build/eufs_msgs' returned '0': CMAKE_PREFIX_PATH=${CMAKE_PREFIX_PATH}:/opt/ros/galactic:/home/vboxuser/autocar/install/py_pubsub:/home/vboxuser/autocar/install/my_package /usr/bin/cmake --build /home/vboxuser/autocar/build/eufs_msgs -- -j8 -l8
[1.576s] DEBUG:colcon.colcon_core.event_handler.log_command:Invoking command in '/home/vboxuser/autocar/build/eufs_msgs': CMAKE_PREFIX_PATH=${CMAKE_PREFIX_PATH}:/opt/ros/galactic:/home/vboxuser/autocar/install/py_pubsub:/home/vboxuser/autocar/install/my_package /usr/bin/cmake --install /home/vboxuser/autocar/build/eufs_msgs
[1.663s] Level 1:colcon.colcon_core.environment:create_environment_scripts_only(eufs_msgs)
[1.667s] DEBUG:colcon.colcon_core.event_handler.log_command:Invoked command in '/home/vboxuser/autocar/build/eufs_msgs' returned '0': CMAKE_PREFIX_PATH=${CMAKE_PREFIX_PATH}:/opt/ros/galactic:/home/vboxuser/autocar/install/py_pubsub:/home/vboxuser/autocar/install/my_package /usr/bin/cmake --install /home/vboxuser/autocar/build/eufs_msgs
[1.669s] Level 1:colcon.colcon_core.environment:checking '/home/vboxuser/autocar/install/eufs_msgs' for CMake module files
[1.669s] Level 1:colcon.colcon_core.environment:checking '/home/vboxuser/autocar/install/eufs_msgs' for CMake config files
[1.669s] Level 1:colcon.colcon_core.shell:create_environment_hook('eufs_msgs', 'cmake_prefix_path')
[1.671s] INFO:colcon.colcon_core.shell:Creating environment hook '/home/vboxuser/autocar/install/eufs_msgs/share/eufs_msgs/hook/cmake_prefix_path.ps1'
[1.671s] INFO:colcon.colcon_core.shell:Creating environment descriptor '/home/vboxuser/autocar/install/eufs_msgs/share/eufs_msgs/hook/cmake_prefix_path.dsv'
[1.672s] INFO:colcon.colcon_core.shell:Creating environment hook '/home/vboxuser/autocar/install/eufs_msgs/share/eufs_msgs/hook/cmake_prefix_path.sh'
[1.673s] Level 1:colcon.colcon_core.environment:checking '/home/vboxuser/autocar/install/eufs_msgs/lib'
[1.673s] Level 1:colcon.colcon_core.shell:create_environment_hook('eufs_msgs', 'ld_library_path_lib')
[1.674s] INFO:colcon.colcon_core.shell:Creating environment hook '/home/vboxuser/autocar/install/eufs_msgs/share/eufs_msgs/hook/ld_library_path_lib.ps1'
[1.674s] INFO:colcon.colcon_core.shell:Creating environment descriptor '/home/vboxuser/autocar/install/eufs_msgs/share/eufs_msgs/hook/ld_library_path_lib.dsv'
[1.675s] INFO:colcon.colcon_core.shell:Creating environment hook '/home/vboxuser/autocar/install/eufs_msgs/share/eufs_msgs/hook/ld_library_path_lib.sh'
[1.675s] Level 1:colcon.colcon_core.environment:checking '/home/vboxuser/autocar/install/eufs_msgs/bin'
[1.675s] Level 1:colcon.colcon_core.environment:checking '/home/vboxuser/autocar/install/eufs_msgs/lib/pkgconfig/eufs_msgs.pc'
[1.675s] Level 1:colcon.colcon_core.environment:checking '/home/vboxuser/autocar/install/eufs_msgs/lib/python3.8/site-packages'
[1.675s] Level 1:colcon.colcon_core.shell:create_environment_hook('eufs_msgs', 'pythonpath')
[1.677s] INFO:colcon.colcon_core.shell:Creating environment hook '/home/vboxuser/autocar/install/eufs_msgs/share/eufs_msgs/hook/pythonpath.ps1'
[1.677s] INFO:colcon.colcon_core.shell:Creating environment descriptor '/home/vboxuser/autocar/install/eufs_msgs/share/eufs_msgs/hook/pythonpath.dsv'
[1.678s] INFO:colcon.colcon_core.shell:Creating environment hook '/home/vboxuser/autocar/install/eufs_msgs/share/eufs_msgs/hook/pythonpath.sh'
[1.678s] Level 1:colcon.colcon_core.environment:checking '/home/vboxuser/autocar/install/eufs_msgs/bin'
[1.679s] INFO:colcon.colcon_core.shell:Creating package script '/home/vboxuser/autocar/install/eufs_msgs/share/eufs_msgs/package.ps1'
[1.680s] INFO:colcon.colcon_core.shell:Creating package descriptor '/home/vboxuser/autocar/install/eufs_msgs/share/eufs_msgs/package.dsv'
[1.681s] INFO:colcon.colcon_core.shell:Creating package script '/home/vboxuser/autocar/install/eufs_msgs/share/eufs_msgs/package.sh'
[1.682s] INFO:colcon.colcon_core.shell:Creating package script '/home/vboxuser/autocar/install/eufs_msgs/share/eufs_msgs/package.bash'
[1.682s] INFO:colcon.colcon_core.shell:Creating package script '/home/vboxuser/autocar/install/eufs_msgs/share/eufs_msgs/package.zsh'
[1.683s] Level 1:colcon.colcon_core.environment:create_file_with_runtime_dependencies(/home/vboxuser/autocar/install/eufs_msgs/share/colcon-core/packages/eufs_msgs)
[2.351s] Level 1:colcon.colcon_core.environment:create_environment_scripts_only(eufs_msgs)
[2.353s] Level 1:colcon.colcon_core.environment:checking '/home/vboxuser/autocar/install/eufs_msgs' for CMake module files
[2.353s] Level 1:colcon.colcon_core.environment:checking '/home/vboxuser/autocar/install/eufs_msgs' for CMake config files
[2.354s] Level 1:colcon.colcon_core.shell:create_environment_hook('eufs_msgs', 'cmake_prefix_path')
[2.355s] INFO:colcon.colcon_core.shell:Creating environment hook '/home/vboxuser/autocar/install/eufs_msgs/share/eufs_msgs/hook/cmake_prefix_path.ps1'
[2.356s] INFO:colcon.colcon_core.shell:Creating environment descriptor '/home/vboxuser/autocar/install/eufs_msgs/share/eufs_msgs/hook/cmake_prefix_path.dsv'
[2.357s] INFO:colcon.colcon_core.shell:Creating environment hook '/home/vboxuser/autocar/install/eufs_msgs/share/eufs_msgs/hook/cmake_prefix_path.sh'
[2.357s] Level 1:colcon.colcon_core.environment:checking '/home/vboxuser/autocar/install/eufs_msgs/lib'
[2.357s] Level 1:colcon.colcon_core.shell:create_environment_hook('eufs_msgs', 'ld_library_path_lib')
[2.359s] INFO:colcon.colcon_core.shell:Creating environment hook '/home/vboxuser/autocar/install/eufs_msgs/share/eufs_msgs/hook/ld_library_path_lib.ps1'
[2.360s] INFO:colcon.colcon_core.shell:Creating environment descriptor '/home/vboxuser/autocar/install/eufs_msgs/share/eufs_msgs/hook/ld_library_path_lib.dsv'
[2.360s] INFO:colcon.colcon_core.shell:Creating environment hook '/home/vboxuser/autocar/install/eufs_msgs/share/eufs_msgs/hook/ld_library_path_lib.sh'
[2.360s] Level 1:colcon.colcon_core.environment:checking '/home/vboxuser/autocar/install/eufs_msgs/bin'
[2.360s] Level 1:colcon.colcon_core.environment:checking '/home/vboxuser/autocar/install/eufs_msgs/lib/pkgconfig/eufs_msgs.pc'
[2.360s] Level 1:colcon.colcon_core.environment:checking '/home/vboxuser/autocar/install/eufs_msgs/lib/python3.8/site-packages'
[2.361s] Level 1:colcon.colcon_core.shell:create_environment_hook('eufs_msgs', 'pythonpath')
[2.362s] INFO:colcon.colcon_core.shell:Creating environment hook '/home/vboxuser/autocar/install/eufs_msgs/share/eufs_msgs/hook/pythonpath.ps1'
[2.363s] INFO:colcon.colcon_core.shell:Creating environment descriptor '/home/vboxuser/autocar/install/eufs_msgs/share/eufs_msgs/hook/pythonpath.dsv'
[2.363s] INFO:colcon.colcon_core.shell:Creating environment hook '/home/vboxuser/autocar/install/eufs_msgs/share/eufs_msgs/hook/pythonpath.sh'
[2.364s] Level 1:colcon.colcon_core.environment:checking '/home/vboxuser/autocar/install/eufs_msgs/bin'
[2.366s] INFO:colcon.colcon_core.shell:Creating package script '/home/vboxuser/autocar/install/eufs_msgs/share/eufs_msgs/package.ps1'
[2.367s] INFO:colcon.colcon_core.shell:Creating package descriptor '/home/vboxuser/autocar/install/eufs_msgs/share/eufs_msgs/package.dsv'
[2.367s] INFO:colcon.colcon_core.shell:Creating package script '/home/vboxuser/autocar/install/eufs_msgs/share/eufs_msgs/package.sh'
[2.368s] INFO:colcon.colcon_core.shell:Creating package script '/home/vboxuser/autocar/install/eufs_msgs/share/eufs_msgs/package.bash'
[2.369s] INFO:colcon.colcon_core.shell:Creating package script '/home/vboxuser/autocar/install/eufs_msgs/share/eufs_msgs/package.zsh'
[2.369s] Level 1:colcon.colcon_core.environment:create_file_with_runtime_dependencies(/home/vboxuser/autocar/install/eufs_msgs/share/colcon-core/packages/eufs_msgs)
[2.370s] INFO:colcon.colcon_ros.task.ament_python.build:Building ROS package in '/home/vboxuser/autocar/src/py_pubsub' with build type 'ament_python'
[2.370s] Level 1:colcon.colcon_core.shell:create_environment_hook('py_pubsub', 'ament_prefix_path')
[2.372s] INFO:colcon.colcon_core.shell:Creating environment hook '/home/vboxuser/autocar/install/py_pubsub/share/py_pubsub/hook/ament_prefix_path.ps1'
[2.373s] INFO:colcon.colcon_core.shell:Creating environment descriptor '/home/vboxuser/autocar/install/py_pubsub/share/py_pubsub/hook/ament_prefix_path.dsv'
[2.374s] INFO:colcon.colcon_core.shell:Creating environment hook '/home/vboxuser/autocar/install/py_pubsub/share/py_pubsub/hook/ament_prefix_path.sh'
[2.376s] INFO:colcon.colcon_core.shell:Skip shell extension 'powershell' for command environment: Not usable outside of PowerShell
[2.376s] DEBUG:colcon.colcon_core.shell:Skip shell extension 'dsv' for command environment
[2.655s] INFO:colcon.colcon_core.task.python.build:Building Python package in '/home/vboxuser/autocar/src/py_pubsub'
[2.657s] INFO:colcon.colcon_core.shell:Skip shell extension 'powershell' for command environment: Not usable outside of PowerShell
[2.657s] DEBUG:colcon.colcon_core.shell:Skip shell extension 'dsv' for command environment
[3.094s] DEBUG:colcon.colcon_core.event_handler.log_command:Invoking command in '/home/vboxuser/autocar/src/py_pubsub': AMENT_PREFIX_PATH=/home/vboxuser/autocar/install/eufs_msgs:${AMENT_PREFIX_PATH} CMAKE_PREFIX_PATH=/home/vboxuser/autocar/install/eufs_msgs:${CMAKE_PREFIX_PATH} LD_LIBRARY_PATH=/home/vboxuser/autocar/install/eufs_msgs/lib:${LD_LIBRARY_PATH} PYTHONPATH=/home/vboxuser/autocar/build/py_pubsub/prefix_override:/home/vboxuser/autocar/install/py_pubsub/lib/python3.8/site-packages:/home/vboxuser/autocar/install/eufs_msgs/lib/python3.8/site-packages:${PYTHONPATH} /usr/bin/python3 setup.py egg_info --egg-base ../../build/py_pubsub build --build-base /home/vboxuser/autocar/build/py_pubsub/build install --record /home/vboxuser/autocar/build/py_pubsub/install.log --single-version-externally-managed
[3.424s] Level 1:colcon.colcon_core.environment:checking '/home/vboxuser/autocar/install/py_pubsub' for CMake module files
[3.424s] DEBUG:colcon.colcon_core.event_handler.log_command:Invoked command in '/home/vboxuser/autocar/src/py_pubsub' returned '0': AMENT_PREFIX_PATH=/home/vboxuser/autocar/install/eufs_msgs:${AMENT_PREFIX_PATH} CMAKE_PREFIX_PATH=/home/vboxuser/autocar/install/eufs_msgs:${CMAKE_PREFIX_PATH} LD_LIBRARY_PATH=/home/vboxuser/autocar/install/eufs_msgs/lib:${LD_LIBRARY_PATH} PYTHONPATH=/home/vboxuser/autocar/build/py_pubsub/prefix_override:/home/vboxuser/autocar/install/py_pubsub/lib/python3.8/site-packages:/home/vboxuser/autocar/install/eufs_msgs/lib/python3.8/site-packages:${PYTHONPATH} /usr/bin/python3 setup.py egg_info --egg-base ../../build/py_pubsub build --build-base /home/vboxuser/autocar/build/py_pubsub/build install --record /home/vboxuser/autocar/build/py_pubsub/install.log --single-version-externally-managed
[3.425s] Level 1:colcon.colcon_core.environment:checking '/home/vboxuser/autocar/install/py_pubsub' for CMake config files
[3.426s] Level 1:colcon.colcon_core.environment:checking '/home/vboxuser/autocar/install/py_pubsub/lib'
[3.426s] Level 1:colcon.colcon_core.environment:checking '/home/vboxuser/autocar/install/py_pubsub/bin'
[3.426s] Level 1:colcon.colcon_core.environment:checking '/home/vboxuser/autocar/install/py_pubsub/lib/pkgconfig/py_pubsub.pc'
[3.426s] Level 1:colcon.colcon_core.environment:checking '/home/vboxuser/autocar/install/py_pubsub/lib/python3.8/site-packages'
[3.426s] Level 1:colcon.colcon_core.shell:create_environment_hook('py_pubsub', 'pythonpath')
[3.428s] INFO:colcon.colcon_core.shell:Creating environment hook '/home/vboxuser/autocar/install/py_pubsub/share/py_pubsub/hook/pythonpath.ps1'
[3.428s] INFO:colcon.colcon_core.shell:Creating environment descriptor '/home/vboxuser/autocar/install/py_pubsub/share/py_pubsub/hook/pythonpath.dsv'
[3.429s] INFO:colcon.colcon_core.shell:Creating environment hook '/home/vboxuser/autocar/install/py_pubsub/share/py_pubsub/hook/pythonpath.sh'
[3.429s] Level 1:colcon.colcon_core.environment:checking '/home/vboxuser/autocar/install/py_pubsub/bin'
[3.430s] Level 1:colcon.colcon_core.environment:create_environment_scripts_only(py_pubsub)
[3.431s] INFO:colcon.colcon_core.shell:Creating package script '/home/vboxuser/autocar/install/py_pubsub/share/py_pubsub/package.ps1'
[3.432s] INFO:colcon.colcon_core.shell:Creating package descriptor '/home/vboxuser/autocar/install/py_pubsub/share/py_pubsub/package.dsv'
[3.432s] INFO:colcon.colcon_core.shell:Creating package script '/home/vboxuser/autocar/install/py_pubsub/share/py_pubsub/package.sh'
[3.433s] INFO:colcon.colcon_core.shell:Creating package script '/home/vboxuser/autocar/install/py_pubsub/share/py_pubsub/package.bash'
[3.433s] INFO:colcon.colcon_core.shell:Creating package script '/home/vboxuser/autocar/install/py_pubsub/share/py_pubsub/package.zsh'
[3.433s] Level 1:colcon.colcon_core.environment:create_file_with_runtime_dependencies(/home/vboxuser/autocar/install/py_pubsub/share/colcon-core/packages/py_pubsub)
[3.434s] DEBUG:colcon.colcon_parallel_executor.executor.parallel:closing loop
[3.434s] DEBUG:colcon.colcon_parallel_executor.executor.parallel:loop closed
[3.434s] DEBUG:colcon.colcon_parallel_executor.executor.parallel:run_until_complete finished with '0'
[3.434s] DEBUG:colcon.colcon_core.event_reactor:joining thread
[3.440s] INFO:colcon.colcon_core.plugin_system:Skipping extension 'colcon_notification.desktop_notification.terminal_notifier': Not used on non-Darwin systems
[3.440s] INFO:colcon.colcon_core.plugin_system:Skipping extension 'colcon_notification.desktop_notification.win32': Not used on non-Windows systems
[3.440s] INFO:colcon.colcon_notification.desktop_notification:Sending desktop notification using 'notify2'
[3.454s] DEBUG:colcon.colcon_core.event_reactor:joined thread
[3.456s] INFO:colcon.colcon_core.shell:Creating prefix script '/home/vboxuser/autocar/install/local_setup.ps1'
[3.457s] INFO:colcon.colcon_core.shell:Creating prefix util module '/home/vboxuser/autocar/install/_local_setup_util_ps1.py'
[3.458s] INFO:colcon.colcon_core.shell:Creating prefix chain script '/home/vboxuser/autocar/install/setup.ps1'
[3.460s] INFO:colcon.colcon_core.shell:Creating prefix script '/home/vboxuser/autocar/install/local_setup.sh'
[3.460s] INFO:colcon.colcon_core.shell:Creating prefix util module '/home/vboxuser/autocar/install/_local_setup_util_sh.py'
[3.461s] INFO:colcon.colcon_core.shell:Creating prefix chain script '/home/vboxuser/autocar/install/setup.sh'
[3.470s] INFO:colcon.colcon_core.shell:Creating prefix script '/home/vboxuser/autocar/install/local_setup.bash'
[3.470s] INFO:colcon.colcon_core.shell:Creating prefix chain script '/home/vboxuser/autocar/install/setup.bash'
[3.472s] INFO:colcon.colcon_core.shell:Creating prefix script '/home/vboxuser/autocar/install/local_setup.zsh'
[3.473s] INFO:colcon.colcon_core.shell:Creating prefix chain script '/home/vboxuser/autocar/install/setup.zsh'
