[0.644s] Invoking command in '/home/vboxuser/autocar/src/my_package': PYTHONPATH=/home/vboxuser/autocar/build/my_package/prefix_override:/home/vboxuser/autocar/install/my_package/lib/python3.8/site-packages:${PYTHONPATH} /usr/bin/python3 setup.py egg_info --egg-base ../../build/my_package build --build-base /home/vboxuser/autocar/build/my_package/build install --record /home/vboxuser/autocar/build/my_package/install.log --single-version-externally-managed
[0.923s] running egg_info
[0.923s] creating ../../build/my_package/my_package.egg-info
[0.923s] writing ../../build/my_package/my_package.egg-info/PKG-INFO
[0.924s] writing dependency_links to ../../build/my_package/my_package.egg-info/dependency_links.txt
[0.924s] writing entry points to ../../build/my_package/my_package.egg-info/entry_points.txt
[0.924s] writing requirements to ../../build/my_package/my_package.egg-info/requires.txt
[0.925s] writing top-level names to ../../build/my_package/my_package.egg-info/top_level.txt
[0.933s] writing manifest file '../../build/my_package/my_package.egg-info/SOURCES.txt'
[0.968s] reading manifest file '../../build/my_package/my_package.egg-info/SOURCES.txt'
[0.968s] writing manifest file '../../build/my_package/my_package.egg-info/SOURCES.txt'
[0.968s] running build
[0.968s] running build_py
[0.968s] creating /home/vboxuser/autocar/build/my_package/build
[0.968s] creating /home/vboxuser/autocar/build/my_package/build/lib
[0.969s] creating /home/vboxuser/autocar/build/my_package/build/lib/my_package
[0.969s] copying my_package/my_node.py -> /home/vboxuser/autocar/build/my_package/build/lib/my_package
[0.969s] copying my_package/__init__.py -> /home/vboxuser/autocar/build/my_package/build/lib/my_package
[0.969s] running install
[0.969s] running install_lib
[0.970s] creating /home/vboxuser/autocar/install/my_package/lib/python3.8/site-packages/my_package
[0.970s] copying /home/vboxuser/autocar/build/my_package/build/lib/my_package/my_node.py -> /home/vboxuser/autocar/install/my_package/lib/python3.8/site-packages/my_package
[0.970s] copying /home/vboxuser/autocar/build/my_package/build/lib/my_package/__init__.py -> /home/vboxuser/autocar/install/my_package/lib/python3.8/site-packages/my_package
[0.970s] byte-compiling /home/vboxuser/autocar/install/my_package/lib/python3.8/site-packages/my_package/my_node.py to my_node.cpython-38.pyc
[0.971s] byte-compiling /home/vboxuser/autocar/install/my_package/lib/python3.8/site-packages/my_package/__init__.py to __init__.cpython-38.pyc
[0.971s] running install_data
[0.972s] creating /home/vboxuser/autocar/install/my_package/share/ament_index
[0.972s] creating /home/vboxuser/autocar/install/my_package/share/ament_index/resource_index
[0.972s] creating /home/vboxuser/autocar/install/my_package/share/ament_index/resource_index/packages
[0.972s] copying resource/my_package -> /home/vboxuser/autocar/install/my_package/share/ament_index/resource_index/packages
[0.972s] copying package.xml -> /home/vboxuser/autocar/install/my_package/share/my_package
[0.972s] running install_egg_info
[0.973s] Copying ../../build/my_package/my_package.egg-info to /home/vboxuser/autocar/install/my_package/lib/python3.8/site-packages/my_package-0.0.0-py3.8.egg-info
[0.974s] running install_scripts
[0.987s] Installing my_node script to /home/vboxuser/autocar/install/my_package/lib/my_package
[0.987s] writing list of installed files to '/home/vboxuser/autocar/build/my_package/install.log'
[1.006s] Invoked command in '/home/vboxuser/autocar/src/my_package' returned '0': PYTHONPATH=/home/vboxuser/autocar/build/my_package/prefix_override:/home/vboxuser/autocar/install/my_package/lib/python3.8/site-packages:${PYTHONPATH} /usr/bin/python3 setup.py egg_info --egg-base ../../build/my_package build --build-base /home/vboxuser/autocar/build/my_package/build install --record /home/vboxuser/autocar/build/my_package/install.log --single-version-externally-managed
