[0.035s] Invoking command in '/home/vboxuser/autocar/build/eufs_msgs': CMAKE_PREFIX_PATH=${CMAKE_PREFIX_PATH}:/home/vboxuser/autocar/install/py_pubsub:/home/vboxuser/autocar/install/my_package:/home/vboxuser/sim/install/eufs_launcher:/home/vboxuser/sim/install/eufs_tracks:/home/vboxuser/sim/install/eufs_rqt:/home/vboxuser/sim/install/eufs_racecar:/opt/ros/galactic /usr/bin/cmake /home/vboxuser/autocar/src/eufs_msgs -DAMENT_CMAKE_SYMLINK_INSTALL=1 -DCMAKE_INSTALL_PREFIX=/home/vboxuser/autocar/install/eufs_msgs
[0.099s] -- Found ament_cmake: 1.1.6 (/opt/ros/galactic/share/ament_cmake/cmake)
[0.157s] -- Found PythonInterp: /usr/bin/python3 (found suitable version "3.8.10", minimum required is "3") 
[0.159s] -- Using PYTHON_EXECUTABLE: /usr/bin/python3
[0.264s] -- Override CMake install command with custom implementation using symlinks instead of copying resources
[0.309s] -- Found rosidl_default_generators: 1.1.1 (/opt/ros/galactic/share/rosidl_default_generators/cmake)
[0.312s] -- Using all available rosidl_typesupport_c: rosidl_typesupport_fastrtps_c;rosidl_typesupport_introspection_c
[0.319s] -- Found rosidl_adapter: 2.2.3 (/opt/ros/galactic/share/rosidl_adapter/cmake)
[0.628s] -- Using all available rosidl_typesupport_cpp: rosidl_typesupport_fastrtps_cpp;rosidl_typesupport_introspection_cpp
[0.673s] -- Found std_msgs: 2.2.4 (/opt/ros/galactic/share/std_msgs/cmake)
[0.763s] -- Found geometry_msgs: 2.2.4 (/opt/ros/galactic/share/geometry_msgs/cmake)
[0.806s] -- Found sensor_msgs: 2.2.4 (/opt/ros/galactic/share/sensor_msgs/cmake)
[0.970s] -- Found PythonInterp: /usr/bin/python3 (found version "3.8.10") 
[1.693s] -- Found ament_cmake_ros: 0.9.2 (/opt/ros/galactic/share/ament_cmake_ros/cmake)
[2.173s] -- Using all available rosidl_typesupport_c: rosidl_typesupport_fastrtps_c;rosidl_typesupport_introspection_c
[2.407s] -- Using all available rosidl_typesupport_cpp: rosidl_typesupport_fastrtps_cpp;rosidl_typesupport_introspection_cpp
[2.468s] -- Found PythonInterp: /usr/bin/python3 (found suitable version "3.8.10", minimum required is "3.5") 
[2.473s] -- Found python_cmake_module: 0.8.1 (/opt/ros/galactic/share/python_cmake_module/cmake)
[2.508s] -- Using PYTHON_EXECUTABLE: /usr/bin/python3
[2.508s] -- Using PYTHON_INCLUDE_DIRS: /usr/include/python3.8
[2.508s] -- Using PYTHON_LIBRARIES: /usr/lib/x86_64-linux-gnu/libpython3.8.so
[2.689s] -- Configuring done
[3.024s] -- Generating done
[3.030s] -- Build files have been written to: /home/vboxuser/autocar/build/eufs_msgs
[3.049s] Invoked command in '/home/vboxuser/autocar/build/eufs_msgs' returned '0': CMAKE_PREFIX_PATH=${CMAKE_PREFIX_PATH}:/home/vboxuser/autocar/install/py_pubsub:/home/vboxuser/autocar/install/my_package:/home/vboxuser/sim/install/eufs_launcher:/home/vboxuser/sim/install/eufs_tracks:/home/vboxuser/sim/install/eufs_rqt:/home/vboxuser/sim/install/eufs_racecar:/opt/ros/galactic /usr/bin/cmake /home/vboxuser/autocar/src/eufs_msgs -DAMENT_CMAKE_SYMLINK_INSTALL=1 -DCMAKE_INSTALL_PREFIX=/home/vboxuser/autocar/install/eufs_msgs
[3.055s] Invoking command in '/home/vboxuser/autocar/build/eufs_msgs': CMAKE_PREFIX_PATH=${CMAKE_PREFIX_PATH}:/home/vboxuser/autocar/install/py_pubsub:/home/vboxuser/autocar/install/my_package:/home/vboxuser/sim/install/eufs_launcher:/home/vboxuser/sim/install/eufs_tracks:/home/vboxuser/sim/install/eufs_rqt:/home/vboxuser/sim/install/eufs_racecar:/opt/ros/galactic /usr/bin/cmake --build /home/vboxuser/autocar/build/eufs_msgs -- -j8 -l8
[3.161s] [  0%] Built target eufs_msgs__cpp
[3.177s] [ 12%] Built target eufs_msgs__rosidl_generator_c
[3.253s] [ 25%] Built target eufs_msgs__rosidl_typesupport_introspection_cpp
[3.253s] [ 38%] Built target eufs_msgs__rosidl_typesupport_c
[3.257s] [ 57%] Built target eufs_msgs__rosidl_typesupport_cpp
[3.257s] [ 63%] Built target eufs_msgs__rosidl_typesupport_introspection_c
[3.270s] [ 63%] [32m[1mLinking CXX shared library libeufs_msgs__rosidl_typesupport_fastrtps_cpp.so[0m
[3.590s] [ 75%] Built target eufs_msgs__rosidl_typesupport_fastrtps_cpp
[3.653s] [ 76%] [32m[1mLinking CXX shared library libeufs_msgs__rosidl_typesupport_fastrtps_c.so[0m
[3.848s] make[2]: *** Deleting file 'libeufs_msgs__rosidl_typesupport_fastrtps_c.so'
[3.850s] make[2]: *** [CMakeFiles/eufs_msgs__rosidl_typesupport_fastrtps_c.dir/build.make:1112: libeufs_msgs__rosidl_typesupport_fastrtps_c.so] Interrupt
[3.850s] make[1]: *** [CMakeFiles/Makefile2:305: CMakeFiles/eufs_msgs__rosidl_typesupport_fastrtps_c.dir/all] Interrupt
[3.850s] make: *** [Makefile:141: all] Interrupt
[3.852s] Invoked command in '/home/vboxuser/autocar/build/eufs_msgs' returned '-2': CMAKE_PREFIX_PATH=${CMAKE_PREFIX_PATH}:/home/vboxuser/autocar/install/py_pubsub:/home/vboxuser/autocar/install/my_package:/home/vboxuser/sim/install/eufs_launcher:/home/vboxuser/sim/install/eufs_tracks:/home/vboxuser/sim/install/eufs_rqt:/home/vboxuser/sim/install/eufs_racecar:/opt/ros/galactic /usr/bin/cmake --build /home/vboxuser/autocar/build/eufs_msgs -- -j8 -l8
