[0.811s] Invoking command in '/home/vboxuser/autocar/src/my_package': PYTHONPATH=/home/vboxuser/autocar/build/my_package/prefix_override:/home/vboxuser/autocar/install/my_package/lib/python3.8/site-packages:${PYTHONPATH} /usr/bin/python3 setup.py egg_info --egg-base ../../build/my_package build --build-base /home/vboxuser/autocar/build/my_package/build install --record /home/vboxuser/autocar/build/my_package/install.log --single-version-externally-managed
[0.997s] running egg_info
[0.997s] writing ../../build/my_package/my_package.egg-info/PKG-INFO
[0.998s] writing dependency_links to ../../build/my_package/my_package.egg-info/dependency_links.txt
[0.998s] writing entry points to ../../build/my_package/my_package.egg-info/entry_points.txt
[0.998s] writing requirements to ../../build/my_package/my_package.egg-info/requires.txt
[0.998s] writing top-level names to ../../build/my_package/my_package.egg-info/top_level.txt
[1.034s] reading manifest file '../../build/my_package/my_package.egg-info/SOURCES.txt'
[1.034s] writing manifest file '../../build/my_package/my_package.egg-info/SOURCES.txt'
[1.037s] running build
[1.037s] running build_py
[1.037s] running install
[1.037s] running install_lib
[1.038s] running install_data
[1.038s] running install_egg_info
[1.040s] removing '/home/vboxuser/autocar/install/my_package/lib/python3.8/site-packages/my_package-0.0.0-py3.8.egg-info' (and everything under it)
[1.040s] Copying ../../build/my_package/my_package.egg-info to /home/vboxuser/autocar/install/my_package/lib/python3.8/site-packages/my_package-0.0.0-py3.8.egg-info
[1.041s] running install_scripts
[1.056s] Installing my_node script to /home/vboxuser/autocar/install/my_package/lib/my_package
[1.056s] writing list of installed files to '/home/vboxuser/autocar/build/my_package/install.log'
[1.075s] Invoked command in '/home/vboxuser/autocar/src/my_package' returned '0': PYTHONPATH=/home/vboxuser/autocar/build/my_package/prefix_override:/home/vboxuser/autocar/install/my_package/lib/python3.8/site-packages:${PYTHONPATH} /usr/bin/python3 setup.py egg_info --egg-base ../../build/my_package build --build-base /home/vboxuser/autocar/build/my_package/build install --record /home/vboxuser/autocar/build/my_package/install.log --single-version-externally-managed
