[1.022s] Invoking command in '/home/vboxuser/autocar/src/my_package': PYTHONPATH=/home/vboxuser/autocar/build/my_package/prefix_override:/home/vboxuser/autocar/install/my_package/lib/python3.8/site-packages:${PYTHONPATH} /usr/bin/python3 setup.py egg_info --egg-base ../../build/my_package build --build-base /home/vboxuser/autocar/build/my_package/build install --record /home/vboxuser/autocar/build/my_package/install.log --single-version-externally-managed
[1.319s] running egg_info
[1.320s] writing ../../build/my_package/my_package.egg-info/PKG-INFO
[1.320s] writing dependency_links to ../../build/my_package/my_package.egg-info/dependency_links.txt
[1.320s] writing entry points to ../../build/my_package/my_package.egg-info/entry_points.txt
[1.321s] writing requirements to ../../build/my_package/my_package.egg-info/requires.txt
[1.321s] writing top-level names to ../../build/my_package/my_package.egg-info/top_level.txt
[1.384s] reading manifest file '../../build/my_package/my_package.egg-info/SOURCES.txt'
[1.384s] writing manifest file '../../build/my_package/my_package.egg-info/SOURCES.txt'
[1.384s] running build
[1.384s] running build_py
[1.385s] running install
[1.385s] running install_lib
[1.387s] running install_data
[1.387s] running install_egg_info
[1.388s] removing '/home/vboxuser/autocar/install/my_package/lib/python3.8/site-packages/my_package-0.0.0-py3.8.egg-info' (and everything under it)
[1.389s] Copying ../../build/my_package/my_package.egg-info to /home/vboxuser/autocar/install/my_package/lib/python3.8/site-packages/my_package-0.0.0-py3.8.egg-info
[1.389s] running install_scripts
[1.407s] Installing my_node script to /home/vboxuser/autocar/install/my_package/lib/my_package
[1.408s] writing list of installed files to '/home/vboxuser/autocar/build/my_package/install.log'
[1.438s] Invoked command in '/home/vboxuser/autocar/src/my_package' returned '0': PYTHONPATH=/home/vboxuser/autocar/build/my_package/prefix_override:/home/vboxuser/autocar/install/my_package/lib/python3.8/site-packages:${PYTHONPATH} /usr/bin/python3 setup.py egg_info --egg-base ../../build/my_package build --build-base /home/vboxuser/autocar/build/my_package/build install --record /home/vboxuser/autocar/build/my_package/install.log --single-version-externally-managed
