[1.092s] Invoking command in '/home/vboxuser/autocar/src/py_pubsub': PYTHONPATH=/home/vboxuser/autocar/build/py_pubsub/prefix_override:/home/vboxuser/autocar/install/py_pubsub/lib/python3.8/site-packages:${PYTHONPATH} /usr/bin/python3 setup.py egg_info --egg-base ../../build/py_pubsub build --build-base /home/vboxuser/autocar/build/py_pubsub/build install --record /home/vboxuser/autocar/build/py_pubsub/install.log --single-version-externally-managed
[1.331s] running egg_info
[1.332s] writing ../../build/py_pubsub/py_pubsub.egg-info/PKG-INFO
[1.333s] writing dependency_links to ../../build/py_pubsub/py_pubsub.egg-info/dependency_links.txt
[1.346s] writing entry points to ../../build/py_pubsub/py_pubsub.egg-info/entry_points.txt
[1.347s] writing requirements to ../../build/py_pubsub/py_pubsub.egg-info/requires.txt
[1.347s] writing top-level names to ../../build/py_pubsub/py_pubsub.egg-info/top_level.txt
[1.399s] reading manifest file '../../build/py_pubsub/py_pubsub.egg-info/SOURCES.txt'
[1.399s] writing manifest file '../../build/py_pubsub/py_pubsub.egg-info/SOURCES.txt'
[1.400s] running build
[1.400s] running build_py
[1.400s] copying py_pubsub/subscriber_member_function.py -> /home/vboxuser/autocar/build/py_pubsub/build/lib/py_pubsub
[1.400s] running install
[1.402s] running install_lib
[1.402s] copying /home/vboxuser/autocar/build/py_pubsub/build/lib/py_pubsub/subscriber_member_function.py -> /home/vboxuser/autocar/install/py_pubsub/lib/python3.8/site-packages/py_pubsub
[1.403s] byte-compiling /home/vboxuser/autocar/install/py_pubsub/lib/python3.8/site-packages/py_pubsub/subscriber_member_function.py to subscriber_member_function.cpython-38.pyc
[1.404s] running install_data
[1.416s] running install_egg_info
[1.427s] removing '/home/vboxuser/autocar/install/py_pubsub/lib/python3.8/site-packages/py_pubsub-0.0.0-py3.8.egg-info' (and everything under it)
[1.427s] Copying ../../build/py_pubsub/py_pubsub.egg-info to /home/vboxuser/autocar/install/py_pubsub/lib/python3.8/site-packages/py_pubsub-0.0.0-py3.8.egg-info
[1.427s] running install_scripts
[1.447s] Installing listener script to /home/vboxuser/autocar/install/py_pubsub/lib/py_pubsub
[1.447s] Installing talker script to /home/vboxuser/autocar/install/py_pubsub/lib/py_pubsub
[1.447s] writing list of installed files to '/home/vboxuser/autocar/build/py_pubsub/install.log'
[1.494s] Invoked command in '/home/vboxuser/autocar/src/py_pubsub' returned '0': PYTHONPATH=/home/vboxuser/autocar/build/py_pubsub/prefix_override:/home/vboxuser/autocar/install/py_pubsub/lib/python3.8/site-packages:${PYTHONPATH} /usr/bin/python3 setup.py egg_info --egg-base ../../build/py_pubsub build --build-base /home/vboxuser/autocar/build/py_pubsub/build install --record /home/vboxuser/autocar/build/py_pubsub/install.log --single-version-externally-managed
