[0.407s] Invoking command in '/home/vboxuser/autocar/build/turtlesim': CMAKE_PREFIX_PATH=${CMAKE_PREFIX_PATH}:/opt/ros/galactic:/home/vboxuser/autocar/install/py_pubsub:/home/vboxuser/autocar/install/my_package /usr/bin/cmake --build /home/vboxuser/autocar/build/turtlesim -- -j8 -l8
[0.497s] [  1%] Built target turtlesim__cpp
[0.497s] [ 11%] Built target turtlesim__rosidl_generator_c
[0.553s] [ 21%] Built target turtlesim__rosidl_typesupport_introspection_cpp
[0.555s] [ 41%] Built target turtlesim__rosidl_typesupport_cpp
[0.556s] [ 41%] Built target turtlesim__rosidl_typesupport_c
[0.566s] [ 51%] Built target turtlesim__rosidl_typesupport_introspection_c
[0.570s] [ 61%] Built target turtlesim__rosidl_typesupport_fastrtps_cpp
[0.623s] [ 71%] Built target turtlesim__rosidl_typesupport_fastrtps_c
[0.648s] [ 71%] Built target turtlesim
[0.672s] [ 72%] Built target turtlesim__py
[0.675s] [ 74%] Built target turtle_teleop_key
[0.691s] [ 76%] Built target mimic
[0.700s] [ 82%] Built target turtlesim_node
[0.713s] [ 84%] Built target draw_square
[0.728s] [ 93%] Built target turtlesim__python
[0.765s] [ 95%] Built target turtlesim__rosidl_typesupport_c__pyext
[0.772s] [ 97%] Built target turtlesim__rosidl_typesupport_fastrtps_c__pyext
[0.772s] [100%] Built target turtlesim__rosidl_typesupport_introspection_c__pyext
[0.787s] Invoked command in '/home/vboxuser/autocar/build/turtlesim' returned '0': CMAKE_PREFIX_PATH=${CMAKE_PREFIX_PATH}:/opt/ros/galactic:/home/vboxuser/autocar/install/py_pubsub:/home/vboxuser/autocar/install/my_package /usr/bin/cmake --build /home/vboxuser/autocar/build/turtlesim -- -j8 -l8
[1.204s] Invoking command in '/home/vboxuser/autocar/build/turtlesim': CMAKE_PREFIX_PATH=${CMAKE_PREFIX_PATH}:/opt/ros/galactic:/home/vboxuser/autocar/install/py_pubsub:/home/vboxuser/autocar/install/my_package /usr/bin/cmake --install /home/vboxuser/autocar/build/turtlesim
[1.225s] -- Install configuration: ""
[1.225s] -- Up-to-date: /home/vboxuser/autocar/install/turtlesim/share/ament_index/resource_index/rosidl_interfaces/turtlesim
[1.225s] -- Up-to-date: /home/vboxuser/autocar/install/turtlesim/include/turtlesim
[1.225s] -- Up-to-date: /home/vboxuser/autocar/install/turtlesim/include/turtlesim/srv
[1.226s] -- Up-to-date: /home/vboxuser/autocar/install/turtlesim/include/turtlesim/srv/detail
[1.226s] -- Up-to-date: /home/vboxuser/autocar/install/turtlesim/include/turtlesim/srv/detail/teleport_relative__functions.h
[1.227s] -- Up-to-date: /home/vboxuser/autocar/install/turtlesim/include/turtlesim/srv/detail/teleport_relative__struct.h
[1.228s] -- Up-to-date: /home/vboxuser/autocar/install/turtlesim/include/turtlesim/srv/detail/set_pen__functions.c
[1.228s] -- Up-to-date: /home/vboxuser/autocar/install/turtlesim/include/turtlesim/srv/detail/kill__type_support.h
[1.228s] -- Up-to-date: /home/vboxuser/autocar/install/turtlesim/include/turtlesim/srv/detail/spawn__type_support.h
[1.228s] -- Up-to-date: /home/vboxuser/autocar/install/turtlesim/include/turtlesim/srv/detail/set_pen__type_support.h
[1.228s] -- Up-to-date: /home/vboxuser/autocar/install/turtlesim/include/turtlesim/srv/detail/teleport_absolute__functions.c
[1.228s] -- Up-to-date: /home/vboxuser/autocar/install/turtlesim/include/turtlesim/srv/detail/teleport_absolute__functions.h
[1.229s] -- Up-to-date: /home/vboxuser/autocar/install/turtlesim/include/turtlesim/srv/detail/teleport_absolute__struct.h
[1.229s] -- Up-to-date: /home/vboxuser/autocar/install/turtlesim/include/turtlesim/srv/detail/teleport_relative__type_support.h
[1.229s] -- Up-to-date: /home/vboxuser/autocar/install/turtlesim/include/turtlesim/srv/detail/teleport_relative__functions.c
[1.229s] -- Up-to-date: /home/vboxuser/autocar/install/turtlesim/include/turtlesim/srv/detail/set_pen__struct.h
[1.229s] -- Up-to-date: /home/vboxuser/autocar/install/turtlesim/include/turtlesim/srv/detail/set_pen__functions.h
[1.229s] -- Up-to-date: /home/vboxuser/autocar/install/turtlesim/include/turtlesim/srv/detail/kill__struct.h
[1.229s] -- Up-to-date: /home/vboxuser/autocar/install/turtlesim/include/turtlesim/srv/detail/kill__functions.h
[1.229s] -- Up-to-date: /home/vboxuser/autocar/install/turtlesim/include/turtlesim/srv/detail/kill__functions.c
[1.229s] -- Up-to-date: /home/vboxuser/autocar/install/turtlesim/include/turtlesim/srv/detail/spawn__struct.h
[1.229s] -- Up-to-date: /home/vboxuser/autocar/install/turtlesim/include/turtlesim/srv/detail/teleport_absolute__type_support.h
[1.229s] -- Up-to-date: /home/vboxuser/autocar/install/turtlesim/include/turtlesim/srv/detail/spawn__functions.c
[1.229s] -- Up-to-date: /home/vboxuser/autocar/install/turtlesim/include/turtlesim/srv/detail/spawn__functions.h
[1.230s] -- Up-to-date: /home/vboxuser/autocar/install/turtlesim/include/turtlesim/srv/teleport_absolute.h
[1.230s] -- Up-to-date: /home/vboxuser/autocar/install/turtlesim/include/turtlesim/srv/set_pen.h
[1.230s] -- Up-to-date: /home/vboxuser/autocar/install/turtlesim/include/turtlesim/srv/teleport_relative.h
[1.230s] -- Up-to-date: /home/vboxuser/autocar/install/turtlesim/include/turtlesim/srv/kill.h
[1.230s] -- Up-to-date: /home/vboxuser/autocar/install/turtlesim/include/turtlesim/srv/spawn.h
[1.230s] -- Up-to-date: /home/vboxuser/autocar/install/turtlesim/include/turtlesim/msg
[1.230s] -- Up-to-date: /home/vboxuser/autocar/install/turtlesim/include/turtlesim/msg/detail
[1.230s] -- Up-to-date: /home/vboxuser/autocar/install/turtlesim/include/turtlesim/msg/detail/color__struct.h
[1.230s] -- Up-to-date: /home/vboxuser/autocar/install/turtlesim/include/turtlesim/msg/detail/pose__functions.h
[1.230s] -- Up-to-date: /home/vboxuser/autocar/install/turtlesim/include/turtlesim/msg/detail/pose__struct.h
[1.230s] -- Up-to-date: /home/vboxuser/autocar/install/turtlesim/include/turtlesim/msg/detail/color__functions.c
[1.231s] -- Up-to-date: /home/vboxuser/autocar/install/turtlesim/include/turtlesim/msg/detail/color__functions.h
[1.233s] -- Up-to-date: /home/vboxuser/autocar/install/turtlesim/include/turtlesim/msg/detail/pose__type_support.h
[1.233s] -- Up-to-date: /home/vboxuser/autocar/install/turtlesim/include/turtlesim/msg/detail/pose__functions.c
[1.233s] -- Up-to-date: /home/vboxuser/autocar/install/turtlesim/include/turtlesim/msg/detail/color__type_support.h
[1.233s] -- Up-to-date: /home/vboxuser/autocar/install/turtlesim/include/turtlesim/msg/color.h
[1.233s] -- Up-to-date: /home/vboxuser/autocar/install/turtlesim/include/turtlesim/msg/rosidl_generator_c__visibility_control.h
[1.233s] -- Up-to-date: /home/vboxuser/autocar/install/turtlesim/include/turtlesim/msg/pose.h
[1.233s] -- Up-to-date: /home/vboxuser/autocar/install/turtlesim/include/turtlesim/action
[1.233s] -- Up-to-date: /home/vboxuser/autocar/install/turtlesim/include/turtlesim/action/detail
[1.234s] -- Up-to-date: /home/vboxuser/autocar/install/turtlesim/include/turtlesim/action/detail/rotate_absolute__type_support.h
[1.235s] -- Up-to-date: /home/vboxuser/autocar/install/turtlesim/include/turtlesim/action/detail/rotate_absolute__struct.h
[1.241s] -- Up-to-date: /home/vboxuser/autocar/install/turtlesim/include/turtlesim/action/detail/rotate_absolute__functions.h
[1.242s] -- Up-to-date: /home/vboxuser/autocar/install/turtlesim/include/turtlesim/action/detail/rotate_absolute__functions.c
[1.242s] -- Up-to-date: /home/vboxuser/autocar/install/turtlesim/include/turtlesim/action/rotate_absolute.h
[1.242s] -- Up-to-date: /home/vboxuser/autocar/install/turtlesim/share/turtlesim/environment/library_path.sh
[1.242s] -- Up-to-date: /home/vboxuser/autocar/install/turtlesim/share/turtlesim/environment/library_path.dsv
[1.242s] -- Up-to-date: /home/vboxuser/autocar/install/turtlesim/lib/libturtlesim__rosidl_generator_c.so
[1.242s] -- Up-to-date: /home/vboxuser/autocar/install/turtlesim/include/turtlesim
[1.242s] -- Up-to-date: /home/vboxuser/autocar/install/turtlesim/include/turtlesim/srv
[1.243s] -- Up-to-date: /home/vboxuser/autocar/install/turtlesim/include/turtlesim/srv/detail
[1.243s] -- Up-to-date: /home/vboxuser/autocar/install/turtlesim/include/turtlesim/srv/detail/kill__rosidl_typesupport_fastrtps_c.h
[1.243s] -- Up-to-date: /home/vboxuser/autocar/install/turtlesim/include/turtlesim/srv/detail/set_pen__rosidl_typesupport_fastrtps_c.h
[1.243s] -- Up-to-date: /home/vboxuser/autocar/install/turtlesim/include/turtlesim/srv/detail/spawn__rosidl_typesupport_fastrtps_c.h
[1.243s] -- Up-to-date: /home/vboxuser/autocar/install/turtlesim/include/turtlesim/srv/detail/teleport_relative__rosidl_typesupport_fastrtps_c.h
[1.243s] -- Up-to-date: /home/vboxuser/autocar/install/turtlesim/include/turtlesim/srv/detail/teleport_absolute__rosidl_typesupport_fastrtps_c.h
[1.243s] -- Up-to-date: /home/vboxuser/autocar/install/turtlesim/include/turtlesim/msg
[1.244s] -- Up-to-date: /home/vboxuser/autocar/install/turtlesim/include/turtlesim/msg/detail
[1.244s] -- Up-to-date: /home/vboxuser/autocar/install/turtlesim/include/turtlesim/msg/detail/pose__rosidl_typesupport_fastrtps_c.h
[1.244s] -- Up-to-date: /home/vboxuser/autocar/install/turtlesim/include/turtlesim/msg/detail/color__rosidl_typesupport_fastrtps_c.h
[1.244s] -- Up-to-date: /home/vboxuser/autocar/install/turtlesim/include/turtlesim/msg/rosidl_typesupport_fastrtps_c__visibility_control.h
[1.244s] -- Up-to-date: /home/vboxuser/autocar/install/turtlesim/include/turtlesim/action
[1.244s] -- Up-to-date: /home/vboxuser/autocar/install/turtlesim/include/turtlesim/action/detail
[1.244s] -- Up-to-date: /home/vboxuser/autocar/install/turtlesim/include/turtlesim/action/detail/rotate_absolute__rosidl_typesupport_fastrtps_c.h
[1.244s] -- Up-to-date: /home/vboxuser/autocar/install/turtlesim/lib/libturtlesim__rosidl_typesupport_fastrtps_c.so
[1.244s] -- Up-to-date: /home/vboxuser/autocar/install/turtlesim/include/turtlesim
[1.245s] -- Up-to-date: /home/vboxuser/autocar/install/turtlesim/include/turtlesim/srv
[1.245s] -- Up-to-date: /home/vboxuser/autocar/install/turtlesim/include/turtlesim/srv/detail
[1.245s] -- Up-to-date: /home/vboxuser/autocar/install/turtlesim/include/turtlesim/srv/detail/set_pen__rosidl_typesupport_fastrtps_cpp.hpp
[1.245s] -- Up-to-date: /home/vboxuser/autocar/install/turtlesim/include/turtlesim/srv/detail/dds_fastrtps
[1.245s] -- Up-to-date: /home/vboxuser/autocar/install/turtlesim/include/turtlesim/srv/detail/teleport_relative__rosidl_typesupport_fastrtps_cpp.hpp
[1.245s] -- Up-to-date: /home/vboxuser/autocar/install/turtlesim/include/turtlesim/srv/detail/spawn__rosidl_typesupport_fastrtps_cpp.hpp
[1.245s] -- Up-to-date: /home/vboxuser/autocar/install/turtlesim/include/turtlesim/srv/detail/kill__rosidl_typesupport_fastrtps_cpp.hpp
[1.245s] -- Up-to-date: /home/vboxuser/autocar/install/turtlesim/include/turtlesim/srv/detail/teleport_absolute__rosidl_typesupport_fastrtps_cpp.hpp
[1.245s] -- Up-to-date: /home/vboxuser/autocar/install/turtlesim/include/turtlesim/msg
[1.245s] -- Up-to-date: /home/vboxuser/autocar/install/turtlesim/include/turtlesim/msg/detail
[1.246s] -- Up-to-date: /home/vboxuser/autocar/install/turtlesim/include/turtlesim/msg/detail/dds_fastrtps
[1.246s] -- Up-to-date: /home/vboxuser/autocar/install/turtlesim/include/turtlesim/msg/detail/pose__rosidl_typesupport_fastrtps_cpp.hpp
[1.246s] -- Up-to-date: /home/vboxuser/autocar/install/turtlesim/include/turtlesim/msg/detail/color__rosidl_typesupport_fastrtps_cpp.hpp
[1.246s] -- Up-to-date: /home/vboxuser/autocar/install/turtlesim/include/turtlesim/msg/rosidl_typesupport_fastrtps_cpp__visibility_control.h
[1.246s] -- Up-to-date: /home/vboxuser/autocar/install/turtlesim/include/turtlesim/action
[1.249s] -- Up-to-date: /home/vboxuser/autocar/install/turtlesim/include/turtlesim/action/detail
[1.249s] -- Up-to-date: /home/vboxuser/autocar/install/turtlesim/include/turtlesim/action/detail/dds_fastrtps
[1.250s] -- Up-to-date: /home/vboxuser/autocar/install/turtlesim/include/turtlesim/action/detail/rotate_absolute__rosidl_typesupport_fastrtps_cpp.hpp
[1.250s] -- Up-to-date: /home/vboxuser/autocar/install/turtlesim/lib/libturtlesim__rosidl_typesupport_fastrtps_cpp.so
[1.250s] -- Up-to-date: /home/vboxuser/autocar/install/turtlesim/include/turtlesim
[1.250s] -- Up-to-date: /home/vboxuser/autocar/install/turtlesim/include/turtlesim/srv
[1.250s] -- Up-to-date: /home/vboxuser/autocar/install/turtlesim/include/turtlesim/srv/detail
[1.250s] -- Up-to-date: /home/vboxuser/autocar/install/turtlesim/include/turtlesim/srv/detail/kill__rosidl_typesupport_introspection_c.h
[1.250s] -- Up-to-date: /home/vboxuser/autocar/install/turtlesim/include/turtlesim/srv/detail/kill__type_support.c
[1.250s] -- Up-to-date: /home/vboxuser/autocar/install/turtlesim/include/turtlesim/srv/detail/spawn__type_support.c
[1.250s] -- Up-to-date: /home/vboxuser/autocar/install/turtlesim/include/turtlesim/srv/detail/teleport_relative__rosidl_typesupport_introspection_c.h
[1.250s] -- Up-to-date: /home/vboxuser/autocar/install/turtlesim/include/turtlesim/srv/detail/teleport_relative__type_support.c
[1.251s] -- Up-to-date: /home/vboxuser/autocar/install/turtlesim/include/turtlesim/srv/detail/teleport_absolute__rosidl_typesupport_introspection_c.h
[1.251s] -- Up-to-date: /home/vboxuser/autocar/install/turtlesim/include/turtlesim/srv/detail/teleport_absolute__type_support.c
[1.251s] -- Up-to-date: /home/vboxuser/autocar/install/turtlesim/include/turtlesim/srv/detail/spawn__rosidl_typesupport_introspection_c.h
[1.251s] -- Up-to-date: /home/vboxuser/autocar/install/turtlesim/include/turtlesim/srv/detail/set_pen__type_support.c
[1.251s] -- Up-to-date: /home/vboxuser/autocar/install/turtlesim/include/turtlesim/srv/detail/set_pen__rosidl_typesupport_introspection_c.h
[1.251s] -- Up-to-date: /home/vboxuser/autocar/install/turtlesim/include/turtlesim/msg
[1.251s] -- Up-to-date: /home/vboxuser/autocar/install/turtlesim/include/turtlesim/msg/detail
[1.251s] -- Up-to-date: /home/vboxuser/autocar/install/turtlesim/include/turtlesim/msg/detail/color__type_support.c
[1.252s] -- Up-to-date: /home/vboxuser/autocar/install/turtlesim/include/turtlesim/msg/detail/pose__rosidl_typesupport_introspection_c.h
[1.252s] -- Up-to-date: /home/vboxuser/autocar/install/turtlesim/include/turtlesim/msg/detail/color__rosidl_typesupport_introspection_c.h
[1.252s] -- Up-to-date: /home/vboxuser/autocar/install/turtlesim/include/turtlesim/msg/detail/pose__type_support.c
[1.252s] -- Up-to-date: /home/vboxuser/autocar/install/turtlesim/include/turtlesim/msg/rosidl_typesupport_introspection_c__visibility_control.h
[1.252s] -- Up-to-date: /home/vboxuser/autocar/install/turtlesim/include/turtlesim/action
[1.252s] -- Up-to-date: /home/vboxuser/autocar/install/turtlesim/include/turtlesim/action/detail
[1.252s] -- Up-to-date: /home/vboxuser/autocar/install/turtlesim/include/turtlesim/action/detail/rotate_absolute__rosidl_typesupport_introspection_c.h
[1.252s] -- Up-to-date: /home/vboxuser/autocar/install/turtlesim/include/turtlesim/action/detail/rotate_absolute__type_support.c
[1.252s] -- Up-to-date: /home/vboxuser/autocar/install/turtlesim/lib/libturtlesim__rosidl_typesupport_introspection_c.so
[1.252s] -- Up-to-date: /home/vboxuser/autocar/install/turtlesim/lib/libturtlesim__rosidl_typesupport_c.so
[1.253s] -- Up-to-date: /home/vboxuser/autocar/install/turtlesim/include/turtlesim
[1.253s] -- Up-to-date: /home/vboxuser/autocar/install/turtlesim/include/turtlesim/srv
[1.253s] -- Up-to-date: /home/vboxuser/autocar/install/turtlesim/include/turtlesim/srv/teleport_relative.hpp
[1.253s] -- Up-to-date: /home/vboxuser/autocar/install/turtlesim/include/turtlesim/srv/detail
[1.253s] -- Up-to-date: /home/vboxuser/autocar/install/turtlesim/include/turtlesim/srv/detail/kill__builder.hpp
[1.253s] -- Up-to-date: /home/vboxuser/autocar/install/turtlesim/include/turtlesim/srv/detail/set_pen__traits.hpp
[1.253s] -- Up-to-date: /home/vboxuser/autocar/install/turtlesim/include/turtlesim/srv/detail/teleport_relative__struct.hpp
[1.253s] -- Up-to-date: /home/vboxuser/autocar/install/turtlesim/include/turtlesim/srv/detail/spawn__builder.hpp
[1.253s] -- Up-to-date: /home/vboxuser/autocar/install/turtlesim/include/turtlesim/srv/detail/teleport_relative__builder.hpp
[1.253s] -- Up-to-date: /home/vboxuser/autocar/install/turtlesim/include/turtlesim/srv/detail/teleport_relative__traits.hpp
[1.253s] -- Up-to-date: /home/vboxuser/autocar/install/turtlesim/include/turtlesim/srv/detail/spawn__struct.hpp
[1.254s] -- Up-to-date: /home/vboxuser/autocar/install/turtlesim/include/turtlesim/srv/detail/set_pen__builder.hpp
[1.254s] -- Up-to-date: /home/vboxuser/autocar/install/turtlesim/include/turtlesim/srv/detail/spawn__traits.hpp
[1.254s] -- Up-to-date: /home/vboxuser/autocar/install/turtlesim/include/turtlesim/srv/detail/teleport_absolute__traits.hpp
[1.254s] -- Up-to-date: /home/vboxuser/autocar/install/turtlesim/include/turtlesim/srv/detail/kill__traits.hpp
[1.254s] -- Up-to-date: /home/vboxuser/autocar/install/turtlesim/include/turtlesim/srv/detail/teleport_absolute__builder.hpp
[1.254s] -- Up-to-date: /home/vboxuser/autocar/install/turtlesim/include/turtlesim/srv/detail/teleport_absolute__struct.hpp
[1.254s] -- Up-to-date: /home/vboxuser/autocar/install/turtlesim/include/turtlesim/srv/detail/kill__struct.hpp
[1.254s] -- Up-to-date: /home/vboxuser/autocar/install/turtlesim/include/turtlesim/srv/detail/set_pen__struct.hpp
[1.254s] -- Up-to-date: /home/vboxuser/autocar/install/turtlesim/include/turtlesim/srv/set_pen.hpp
[1.255s] -- Up-to-date: /home/vboxuser/autocar/install/turtlesim/include/turtlesim/srv/teleport_absolute.hpp
[1.255s] -- Up-to-date: /home/vboxuser/autocar/install/turtlesim/include/turtlesim/srv/kill.hpp
[1.255s] -- Up-to-date: /home/vboxuser/autocar/install/turtlesim/include/turtlesim/srv/spawn.hpp
[1.255s] -- Up-to-date: /home/vboxuser/autocar/install/turtlesim/include/turtlesim/msg
[1.255s] -- Up-to-date: /home/vboxuser/autocar/install/turtlesim/include/turtlesim/msg/detail
[1.256s] -- Up-to-date: /home/vboxuser/autocar/install/turtlesim/include/turtlesim/msg/detail/pose__builder.hpp
[1.256s] -- Up-to-date: /home/vboxuser/autocar/install/turtlesim/include/turtlesim/msg/detail/pose__traits.hpp
[1.256s] -- Up-to-date: /home/vboxuser/autocar/install/turtlesim/include/turtlesim/msg/detail/pose__struct.hpp
[1.256s] -- Up-to-date: /home/vboxuser/autocar/install/turtlesim/include/turtlesim/msg/detail/color__struct.hpp
[1.256s] -- Up-to-date: /home/vboxuser/autocar/install/turtlesim/include/turtlesim/msg/detail/color__builder.hpp
[1.256s] -- Up-to-date: /home/vboxuser/autocar/install/turtlesim/include/turtlesim/msg/detail/color__traits.hpp
[1.257s] -- Up-to-date: /home/vboxuser/autocar/install/turtlesim/include/turtlesim/msg/color.hpp
[1.257s] -- Up-to-date: /home/vboxuser/autocar/install/turtlesim/include/turtlesim/msg/pose.hpp
[1.257s] -- Up-to-date: /home/vboxuser/autocar/install/turtlesim/include/turtlesim/action
[1.257s] -- Up-to-date: /home/vboxuser/autocar/install/turtlesim/include/turtlesim/action/detail
[1.257s] -- Up-to-date: /home/vboxuser/autocar/install/turtlesim/include/turtlesim/action/detail/rotate_absolute__traits.hpp
[1.257s] -- Up-to-date: /home/vboxuser/autocar/install/turtlesim/include/turtlesim/action/detail/rotate_absolute__builder.hpp
[1.257s] -- Up-to-date: /home/vboxuser/autocar/install/turtlesim/include/turtlesim/action/detail/rotate_absolute__struct.hpp
[1.257s] -- Up-to-date: /home/vboxuser/autocar/install/turtlesim/include/turtlesim/action/rotate_absolute.hpp
[1.257s] -- Up-to-date: /home/vboxuser/autocar/install/turtlesim/include/turtlesim
[1.258s] -- Up-to-date: /home/vboxuser/autocar/install/turtlesim/include/turtlesim/srv
[1.258s] -- Up-to-date: /home/vboxuser/autocar/install/turtlesim/include/turtlesim/srv/detail
[1.258s] -- Up-to-date: /home/vboxuser/autocar/install/turtlesim/include/turtlesim/srv/detail/kill__type_support.cpp
[1.258s] -- Up-to-date: /home/vboxuser/autocar/install/turtlesim/include/turtlesim/srv/detail/set_pen__type_support.cpp
[1.258s] -- Up-to-date: /home/vboxuser/autocar/install/turtlesim/include/turtlesim/srv/detail/spawn__rosidl_typesupport_introspection_cpp.hpp
[1.258s] -- Up-to-date: /home/vboxuser/autocar/install/turtlesim/include/turtlesim/srv/detail/set_pen__rosidl_typesupport_introspection_cpp.hpp
[1.258s] -- Up-to-date: /home/vboxuser/autocar/install/turtlesim/include/turtlesim/srv/detail/teleport_relative__type_support.cpp
[1.258s] -- Up-to-date: /home/vboxuser/autocar/install/turtlesim/include/turtlesim/srv/detail/spawn__type_support.cpp
[1.258s] -- Up-to-date: /home/vboxuser/autocar/install/turtlesim/include/turtlesim/srv/detail/teleport_absolute__rosidl_typesupport_introspection_cpp.hpp
[1.259s] -- Up-to-date: /home/vboxuser/autocar/install/turtlesim/include/turtlesim/srv/detail/kill__rosidl_typesupport_introspection_cpp.hpp
[1.259s] -- Up-to-date: /home/vboxuser/autocar/install/turtlesim/include/turtlesim/srv/detail/teleport_relative__rosidl_typesupport_introspection_cpp.hpp
[1.259s] -- Up-to-date: /home/vboxuser/autocar/install/turtlesim/include/turtlesim/srv/detail/teleport_absolute__type_support.cpp
[1.259s] -- Up-to-date: /home/vboxuser/autocar/install/turtlesim/include/turtlesim/msg
[1.259s] -- Up-to-date: /home/vboxuser/autocar/install/turtlesim/include/turtlesim/msg/detail
[1.259s] -- Up-to-date: /home/vboxuser/autocar/install/turtlesim/include/turtlesim/msg/detail/color__rosidl_typesupport_introspection_cpp.hpp
[1.259s] -- Up-to-date: /home/vboxuser/autocar/install/turtlesim/include/turtlesim/msg/detail/pose__type_support.cpp
[1.260s] -- Up-to-date: /home/vboxuser/autocar/install/turtlesim/include/turtlesim/msg/detail/pose__rosidl_typesupport_introspection_cpp.hpp
[1.260s] -- Up-to-date: /home/vboxuser/autocar/install/turtlesim/include/turtlesim/msg/detail/color__type_support.cpp
[1.260s] -- Up-to-date: /home/vboxuser/autocar/install/turtlesim/include/turtlesim/action
[1.260s] -- Up-to-date: /home/vboxuser/autocar/install/turtlesim/include/turtlesim/action/detail
[1.260s] -- Up-to-date: /home/vboxuser/autocar/install/turtlesim/include/turtlesim/action/detail/rotate_absolute__type_support.cpp
[1.260s] -- Up-to-date: /home/vboxuser/autocar/install/turtlesim/include/turtlesim/action/detail/rotate_absolute__rosidl_typesupport_introspection_cpp.hpp
[1.260s] -- Up-to-date: /home/vboxuser/autocar/install/turtlesim/lib/libturtlesim__rosidl_typesupport_introspection_cpp.so
[1.261s] -- Up-to-date: /home/vboxuser/autocar/install/turtlesim/lib/libturtlesim__rosidl_typesupport_cpp.so
[1.261s] -- Up-to-date: /home/vboxuser/autocar/install/turtlesim/share/turtlesim/environment/pythonpath.sh
[1.261s] -- Up-to-date: /home/vboxuser/autocar/install/turtlesim/share/turtlesim/environment/pythonpath.dsv
[1.261s] -- Up-to-date: /home/vboxuser/autocar/install/turtlesim/lib/python3.8/site-packages/turtlesim/__init__.py
[1.327s] -- Up-to-date: /home/vboxuser/autocar/install/turtlesim/lib/python3.8/site-packages/turtlesim/action
[1.327s] -- Up-to-date: /home/vboxuser/autocar/install/turtlesim/lib/python3.8/site-packages/turtlesim/action/_rotate_absolute_s.c
[1.327s] -- Up-to-date: /home/vboxuser/autocar/install/turtlesim/lib/python3.8/site-packages/turtlesim/action/_rotate_absolute.py
[1.328s] -- Up-to-date: /home/vboxuser/autocar/install/turtlesim/lib/python3.8/site-packages/turtlesim/action/__init__.py
[1.328s] -- Up-to-date: /home/vboxuser/autocar/install/turtlesim/lib/python3.8/site-packages/turtlesim/msg
[1.328s] -- Up-to-date: /home/vboxuser/autocar/install/turtlesim/lib/python3.8/site-packages/turtlesim/msg/_pose.py
[1.328s] -- Up-to-date: /home/vboxuser/autocar/install/turtlesim/lib/python3.8/site-packages/turtlesim/msg/_color_s.c
[1.328s] -- Up-to-date: /home/vboxuser/autocar/install/turtlesim/lib/python3.8/site-packages/turtlesim/msg/_pose_s.c
[1.328s] -- Up-to-date: /home/vboxuser/autocar/install/turtlesim/lib/python3.8/site-packages/turtlesim/msg/_color.py
[1.328s] -- Up-to-date: /home/vboxuser/autocar/install/turtlesim/lib/python3.8/site-packages/turtlesim/msg/__init__.py
[1.328s] -- Up-to-date: /home/vboxuser/autocar/install/turtlesim/lib/python3.8/site-packages/turtlesim/srv
[1.328s] -- Up-to-date: /home/vboxuser/autocar/install/turtlesim/lib/python3.8/site-packages/turtlesim/srv/_teleport_relative_s.c
[1.328s] -- Up-to-date: /home/vboxuser/autocar/install/turtlesim/lib/python3.8/site-packages/turtlesim/srv/_teleport_relative.py
[1.328s] -- Up-to-date: /home/vboxuser/autocar/install/turtlesim/lib/python3.8/site-packages/turtlesim/srv/_set_pen.py
[1.329s] -- Up-to-date: /home/vboxuser/autocar/install/turtlesim/lib/python3.8/site-packages/turtlesim/srv/_teleport_absolute_s.c
[1.329s] -- Up-to-date: /home/vboxuser/autocar/install/turtlesim/lib/python3.8/site-packages/turtlesim/srv/_teleport_absolute.py
[1.329s] -- Up-to-date: /home/vboxuser/autocar/install/turtlesim/lib/python3.8/site-packages/turtlesim/srv/_kill_s.c
[1.329s] -- Up-to-date: /home/vboxuser/autocar/install/turtlesim/lib/python3.8/site-packages/turtlesim/srv/_set_pen_s.c
[1.329s] -- Up-to-date: /home/vboxuser/autocar/install/turtlesim/lib/python3.8/site-packages/turtlesim/srv/_spawn_s.c
[1.329s] -- Up-to-date: /home/vboxuser/autocar/install/turtlesim/lib/python3.8/site-packages/turtlesim/srv/_kill.py
[1.329s] -- Up-to-date: /home/vboxuser/autocar/install/turtlesim/lib/python3.8/site-packages/turtlesim/srv/_spawn.py
[1.329s] -- Up-to-date: /home/vboxuser/autocar/install/turtlesim/lib/python3.8/site-packages/turtlesim/srv/__init__.py
[1.329s] -- Up-to-date: /home/vboxuser/autocar/install/turtlesim/lib/python3.8/site-packages/turtlesim/turtlesim_s__rosidl_typesupport_fastrtps_c.cpython-38-x86_64-linux-gnu.so
[1.329s] -- Up-to-date: /home/vboxuser/autocar/install/turtlesim/lib/python3.8/site-packages/turtlesim/turtlesim_s__rosidl_typesupport_introspection_c.cpython-38-x86_64-linux-gnu.so
[1.329s] -- Up-to-date: /home/vboxuser/autocar/install/turtlesim/lib/python3.8/site-packages/turtlesim/turtlesim_s__rosidl_typesupport_c.cpython-38-x86_64-linux-gnu.so
[1.330s] -- Up-to-date: /home/vboxuser/autocar/install/turtlesim/lib/libturtlesim__python.so
[1.330s] -- Up-to-date: /home/vboxuser/autocar/install/turtlesim/share/turtlesim/action/RotateAbsolute.idl
[1.330s] -- Up-to-date: /home/vboxuser/autocar/install/turtlesim/share/turtlesim/msg/Color.idl
[1.330s] -- Up-to-date: /home/vboxuser/autocar/install/turtlesim/share/turtlesim/msg/Pose.idl
[1.330s] -- Up-to-date: /home/vboxuser/autocar/install/turtlesim/share/turtlesim/srv/Kill.idl
[1.330s] -- Up-to-date: /home/vboxuser/autocar/install/turtlesim/share/turtlesim/srv/SetPen.idl
[1.330s] -- Up-to-date: /home/vboxuser/autocar/install/turtlesim/share/turtlesim/srv/Spawn.idl
[1.330s] -- Up-to-date: /home/vboxuser/autocar/install/turtlesim/share/turtlesim/srv/TeleportAbsolute.idl
[1.330s] -- Up-to-date: /home/vboxuser/autocar/install/turtlesim/share/turtlesim/srv/TeleportRelative.idl
[1.330s] -- Up-to-date: /home/vboxuser/autocar/install/turtlesim/share/turtlesim/action/RotateAbsolute.action
[1.330s] -- Up-to-date: /home/vboxuser/autocar/install/turtlesim/share/turtlesim/msg/Color.msg
[1.330s] -- Up-to-date: /home/vboxuser/autocar/install/turtlesim/share/turtlesim/msg/Pose.msg
[1.331s] -- Up-to-date: /home/vboxuser/autocar/install/turtlesim/share/turtlesim/srv/Kill.srv
[1.331s] -- Up-to-date: /home/vboxuser/autocar/install/turtlesim/share/turtlesim/srv/Kill_Request.msg
[1.331s] -- Up-to-date: /home/vboxuser/autocar/install/turtlesim/share/turtlesim/srv/Kill_Response.msg
[1.331s] -- Up-to-date: /home/vboxuser/autocar/install/turtlesim/share/turtlesim/srv/SetPen.srv
[1.331s] -- Up-to-date: /home/vboxuser/autocar/install/turtlesim/share/turtlesim/srv/SetPen_Request.msg
[1.331s] -- Up-to-date: /home/vboxuser/autocar/install/turtlesim/share/turtlesim/srv/SetPen_Response.msg
[1.341s] -- Up-to-date: /home/vboxuser/autocar/install/turtlesim/share/turtlesim/srv/Spawn.srv
[1.342s] -- Up-to-date: /home/vboxuser/autocar/install/turtlesim/share/turtlesim/srv/Spawn_Request.msg
[1.342s] -- Up-to-date: /home/vboxuser/autocar/install/turtlesim/share/turtlesim/srv/Spawn_Response.msg
[1.342s] -- Up-to-date: /home/vboxuser/autocar/install/turtlesim/share/turtlesim/srv/TeleportAbsolute.srv
[1.344s] -- Up-to-date: /home/vboxuser/autocar/install/turtlesim/share/turtlesim/srv/TeleportAbsolute_Request.msg
[1.344s] -- Up-to-date: /home/vboxuser/autocar/install/turtlesim/share/turtlesim/srv/TeleportAbsolute_Response.msg
[1.344s] -- Up-to-date: /home/vboxuser/autocar/install/turtlesim/share/turtlesim/srv/TeleportRelative.srv
[1.344s] -- Up-to-date: /home/vboxuser/autocar/install/turtlesim/share/turtlesim/srv/TeleportRelative_Request.msg
[1.345s] -- Up-to-date: /home/vboxuser/autocar/install/turtlesim/share/turtlesim/srv/TeleportRelative_Response.msg
[1.345s] -- Up-to-date: /home/vboxuser/autocar/install/turtlesim/lib/turtlesim/turtlesim_node
[1.345s] -- Up-to-date: /home/vboxuser/autocar/install/turtlesim/lib/turtlesim/turtle_teleop_key
[1.345s] -- Up-to-date: /home/vboxuser/autocar/install/turtlesim/lib/turtlesim/draw_square
[1.345s] -- Up-to-date: /home/vboxuser/autocar/install/turtlesim/lib/turtlesim/mimic
[1.345s] -- Up-to-date: /home/vboxuser/autocar/install/turtlesim/share/turtlesim/images
[1.346s] -- Up-to-date: /home/vboxuser/autocar/install/turtlesim/share/turtlesim/images/eloquent.png
[1.346s] -- Up-to-date: /home/vboxuser/autocar/install/turtlesim/share/turtlesim/images/bouncy.png
[1.347s] -- Up-to-date: /home/vboxuser/autocar/install/turtlesim/share/turtlesim/images/dashing.png
[1.347s] -- Up-to-date: /home/vboxuser/autocar/install/turtlesim/share/turtlesim/images/galactic.png
[1.347s] -- Up-to-date: /home/vboxuser/autocar/install/turtlesim/share/turtlesim/images/crystal.png
[1.347s] -- Up-to-date: /home/vboxuser/autocar/install/turtlesim/share/turtlesim/images/ardent.png
[1.347s] -- Up-to-date: /home/vboxuser/autocar/install/turtlesim/share/turtlesim/images/foxy.png
[1.347s] -- Up-to-date: /home/vboxuser/autocar/install/turtlesim/share/turtlesim/launch
[1.347s] -- Up-to-date: /home/vboxuser/autocar/install/turtlesim/share/turtlesim/launch/multisim.launch.py
[1.347s] -- Up-to-date: /home/vboxuser/autocar/install/turtlesim/share/ament_index/resource_index/package_run_dependencies/turtlesim
[1.347s] -- Up-to-date: /home/vboxuser/autocar/install/turtlesim/share/ament_index/resource_index/parent_prefix_path/turtlesim
[1.348s] -- Up-to-date: /home/vboxuser/autocar/install/turtlesim/share/turtlesim/environment/ament_prefix_path.sh
[1.348s] -- Up-to-date: /home/vboxuser/autocar/install/turtlesim/share/turtlesim/environment/ament_prefix_path.dsv
[1.348s] -- Up-to-date: /home/vboxuser/autocar/install/turtlesim/share/turtlesim/environment/path.sh
[1.348s] -- Up-to-date: /home/vboxuser/autocar/install/turtlesim/share/turtlesim/environment/path.dsv
[1.354s] -- Up-to-date: /home/vboxuser/autocar/install/turtlesim/share/turtlesim/local_setup.bash
[1.354s] -- Up-to-date: /home/vboxuser/autocar/install/turtlesim/share/turtlesim/local_setup.sh
[1.354s] -- Up-to-date: /home/vboxuser/autocar/install/turtlesim/share/turtlesim/local_setup.zsh
[1.355s] -- Up-to-date: /home/vboxuser/autocar/install/turtlesim/share/turtlesim/local_setup.dsv
[1.355s] -- Installing: /home/vboxuser/autocar/install/turtlesim/share/turtlesim/package.dsv
[1.355s] -- Up-to-date: /home/vboxuser/autocar/install/turtlesim/share/ament_index/resource_index/packages/turtlesim
[1.355s] -- Up-to-date: /home/vboxuser/autocar/install/turtlesim/share/turtlesim/cmake/turtlesim__rosidl_generator_cExport.cmake
[1.357s] -- Up-to-date: /home/vboxuser/autocar/install/turtlesim/share/turtlesim/cmake/turtlesim__rosidl_generator_cExport-noconfig.cmake
[1.358s] -- Up-to-date: /home/vboxuser/autocar/install/turtlesim/share/turtlesim/cmake/turtlesim__rosidl_typesupport_introspection_cExport.cmake
[1.358s] -- Up-to-date: /home/vboxuser/autocar/install/turtlesim/share/turtlesim/cmake/turtlesim__rosidl_typesupport_introspection_cExport-noconfig.cmake
[1.358s] -- Up-to-date: /home/vboxuser/autocar/install/turtlesim/share/turtlesim/cmake/turtlesim__rosidl_typesupport_cExport.cmake
[1.358s] -- Up-to-date: /home/vboxuser/autocar/install/turtlesim/share/turtlesim/cmake/turtlesim__rosidl_typesupport_cExport-noconfig.cmake
[1.358s] -- Up-to-date: /home/vboxuser/autocar/install/turtlesim/share/turtlesim/cmake/turtlesim__rosidl_generator_cppExport.cmake
[1.358s] -- Up-to-date: /home/vboxuser/autocar/install/turtlesim/share/turtlesim/cmake/turtlesim__rosidl_typesupport_introspection_cppExport.cmake
[1.359s] -- Up-to-date: /home/vboxuser/autocar/install/turtlesim/share/turtlesim/cmake/turtlesim__rosidl_typesupport_introspection_cppExport-noconfig.cmake
[1.359s] -- Up-to-date: /home/vboxuser/autocar/install/turtlesim/share/turtlesim/cmake/turtlesim__rosidl_typesupport_cppExport.cmake
[1.359s] -- Up-to-date: /home/vboxuser/autocar/install/turtlesim/share/turtlesim/cmake/turtlesim__rosidl_typesupport_cppExport-noconfig.cmake
[1.359s] -- Up-to-date: /home/vboxuser/autocar/install/turtlesim/share/turtlesim/cmake/rosidl_cmake-extras.cmake
[1.359s] -- Up-to-date: /home/vboxuser/autocar/install/turtlesim/share/turtlesim/cmake/ament_cmake_export_dependencies-extras.cmake
[1.359s] -- Up-to-date: /home/vboxuser/autocar/install/turtlesim/share/turtlesim/cmake/ament_cmake_export_libraries-extras.cmake
[1.359s] -- Up-to-date: /home/vboxuser/autocar/install/turtlesim/share/turtlesim/cmake/ament_cmake_export_targets-extras.cmake
[1.359s] -- Up-to-date: /home/vboxuser/autocar/install/turtlesim/share/turtlesim/cmake/ament_cmake_export_include_directories-extras.cmake
[1.359s] -- Up-to-date: /home/vboxuser/autocar/install/turtlesim/share/turtlesim/cmake/rosidl_cmake_export_typesupport_libraries-extras.cmake
[1.359s] -- Up-to-date: /home/vboxuser/autocar/install/turtlesim/share/turtlesim/cmake/rosidl_cmake_export_typesupport_targets-extras.cmake
[1.360s] -- Up-to-date: /home/vboxuser/autocar/install/turtlesim/share/turtlesim/cmake/turtlesimConfig.cmake
[1.360s] -- Up-to-date: /home/vboxuser/autocar/install/turtlesim/share/turtlesim/cmake/turtlesimConfig-version.cmake
[1.360s] -- Up-to-date: /home/vboxuser/autocar/install/turtlesim/share/turtlesim/package.xml
[1.360s] Invoked command in '/home/vboxuser/autocar/build/turtlesim' returned '0': CMAKE_PREFIX_PATH=${CMAKE_PREFIX_PATH}:/opt/ros/galactic:/home/vboxuser/autocar/install/py_pubsub:/home/vboxuser/autocar/install/my_package /usr/bin/cmake --install /home/vboxuser/autocar/build/turtlesim
