[0.780s] Invoking command in '/home/vboxuser/autocar/src/my_package': PYTHONPATH=/home/vboxuser/autocar/build/my_package/prefix_override:/home/vboxuser/autocar/install/my_package/lib/python3.8/site-packages: /usr/bin/python3 setup.py egg_info --egg-base ../../build/my_package build --build-base /home/vboxuser/autocar/build/my_package/build install --record /home/vboxuser/autocar/build/my_package/install.log --single-version-externally-managed
[0.942s] running egg_info
[0.943s] writing ../../build/my_package/my_package.egg-info/PKG-INFO
[0.944s] writing dependency_links to ../../build/my_package/my_package.egg-info/dependency_links.txt
[0.944s] writing entry points to ../../build/my_package/my_package.egg-info/entry_points.txt
[0.944s] writing requirements to ../../build/my_package/my_package.egg-info/requires.txt
[0.944s] writing top-level names to ../../build/my_package/my_package.egg-info/top_level.txt
[0.975s] reading manifest file '../../build/my_package/my_package.egg-info/SOURCES.txt'
[0.976s] writing manifest file '../../build/my_package/my_package.egg-info/SOURCES.txt'
[0.976s] running build
[0.976s] running build_py
[0.976s] running install
[0.977s] running install_lib
[0.978s] running install_data
[0.978s] running install_egg_info
[0.979s] removing '/home/vboxuser/autocar/install/my_package/lib/python3.8/site-packages/my_package-0.0.0-py3.8.egg-info' (and everything under it)
[0.980s] Copying ../../build/my_package/my_package.egg-info to /home/vboxuser/autocar/install/my_package/lib/python3.8/site-packages/my_package-0.0.0-py3.8.egg-info
[0.981s] running install_scripts
[0.993s] Installing my_node script to /home/vboxuser/autocar/install/my_package/lib/my_package
[0.994s] writing list of installed files to '/home/vboxuser/autocar/build/my_package/install.log'
[1.013s] Invoked command in '/home/vboxuser/autocar/src/my_package' returned '0': PYTHONPATH=/home/vboxuser/autocar/build/my_package/prefix_override:/home/vboxuser/autocar/install/my_package/lib/python3.8/site-packages: /usr/bin/python3 setup.py egg_info --egg-base ../../build/my_package build --build-base /home/vboxuser/autocar/build/my_package/build install --record /home/vboxuser/autocar/build/my_package/install.log --single-version-externally-managed
