[0.795s] Invoking command in '/home/vboxuser/autocar/src/py_pubsub': PYTHONPATH=/home/vboxuser/autocar/build/py_pubsub/prefix_override:/home/vboxuser/autocar/install/py_pubsub/lib/python3.8/site-packages:${PYTHONPATH} /usr/bin/python3 setup.py egg_info --egg-base ../../build/py_pubsub build --build-base /home/vboxuser/autocar/build/py_pubsub/build install --record /home/vboxuser/autocar/build/py_pubsub/install.log --single-version-externally-managed
[0.985s] running egg_info
[0.985s] writing ../../build/py_pubsub/py_pubsub.egg-info/PKG-INFO
[0.985s] writing dependency_links to ../../build/py_pubsub/py_pubsub.egg-info/dependency_links.txt
[0.985s] writing entry points to ../../build/py_pubsub/py_pubsub.egg-info/entry_points.txt
[0.986s] writing requirements to ../../build/py_pubsub/py_pubsub.egg-info/requires.txt
[0.986s] writing top-level names to ../../build/py_pubsub/py_pubsub.egg-info/top_level.txt
[1.023s] reading manifest file '../../build/py_pubsub/py_pubsub.egg-info/SOURCES.txt'
[1.024s] writing manifest file '../../build/py_pubsub/py_pubsub.egg-info/SOURCES.txt'
[1.024s] running build
[1.024s] running build_py
[1.024s] running install
[1.025s] running install_lib
[1.027s] running install_data
[1.027s] running install_egg_info
[1.029s] removing '/home/vboxuser/autocar/install/py_pubsub/lib/python3.8/site-packages/py_pubsub-0.0.0-py3.8.egg-info' (and everything under it)
[1.029s] Copying ../../build/py_pubsub/py_pubsub.egg-info to /home/vboxuser/autocar/install/py_pubsub/lib/python3.8/site-packages/py_pubsub-0.0.0-py3.8.egg-info
[1.030s] running install_scripts
[1.043s] Installing listener script to /home/vboxuser/autocar/install/py_pubsub/lib/py_pubsub
[1.043s] Installing talker script to /home/vboxuser/autocar/install/py_pubsub/lib/py_pubsub
[1.043s] writing list of installed files to '/home/vboxuser/autocar/build/py_pubsub/install.log'
[1.067s] Invoked command in '/home/vboxuser/autocar/src/py_pubsub' returned '0': PYTHONPATH=/home/vboxuser/autocar/build/py_pubsub/prefix_override:/home/vboxuser/autocar/install/py_pubsub/lib/python3.8/site-packages:${PYTHONPATH} /usr/bin/python3 setup.py egg_info --egg-base ../../build/py_pubsub build --build-base /home/vboxuser/autocar/build/py_pubsub/build install --record /home/vboxuser/autocar/build/py_pubsub/install.log --single-version-externally-managed
