[0.970s] Invoking command in '/home/vboxuser/autocar/src/py_pubsub': AMENT_PREFIX_PATH=/home/vboxuser/autocar/install/eufs_msgs:${AMENT_PREFIX_PATH} CMAKE_PREFIX_PATH=/home/vboxuser/autocar/install/eufs_msgs:${CMAKE_PREFIX_PATH} LD_LIBRARY_PATH=/home/vboxuser/autocar/install/eufs_msgs/lib:${LD_LIBRARY_PATH} PYTHONPATH=/home/vboxuser/autocar/build/py_pubsub/prefix_override:/home/vboxuser/autocar/install/py_pubsub/lib/python3.8/site-packages:/home/vboxuser/autocar/install/eufs_msgs/lib/python3.8/site-packages:${PYTHONPATH} /usr/bin/python3 setup.py egg_info --egg-base ../../build/py_pubsub build --build-base /home/vboxuser/autocar/build/py_pubsub/build install --record /home/vboxuser/autocar/build/py_pubsub/install.log --single-version-externally-managed
[1.244s] running egg_info
[1.246s] writing ../../build/py_pubsub/py_pubsub.egg-info/PKG-INFO
[1.246s] writing dependency_links to ../../build/py_pubsub/py_pubsub.egg-info/dependency_links.txt
[1.246s] writing entry points to ../../build/py_pubsub/py_pubsub.egg-info/entry_points.txt
[1.246s] writing requirements to ../../build/py_pubsub/py_pubsub.egg-info/requires.txt
[1.246s] writing top-level names to ../../build/py_pubsub/py_pubsub.egg-info/top_level.txt
[1.289s] reading manifest file '../../build/py_pubsub/py_pubsub.egg-info/SOURCES.txt'
[1.291s] writing manifest file '../../build/py_pubsub/py_pubsub.egg-info/SOURCES.txt'
[1.291s] running build
[1.291s] running build_py
[1.291s] running install
[1.292s] running install_lib
[1.293s] running install_data
[1.293s] running install_egg_info
[1.295s] removing '/home/vboxuser/autocar/install/py_pubsub/lib/python3.8/site-packages/py_pubsub-0.0.0-py3.8.egg-info' (and everything under it)
[1.296s] Copying ../../build/py_pubsub/py_pubsub.egg-info to /home/vboxuser/autocar/install/py_pubsub/lib/python3.8/site-packages/py_pubsub-0.0.0-py3.8.egg-info
[1.296s] running install_scripts
[1.317s] Installing cone_listener script to /home/vboxuser/autocar/install/py_pubsub/lib/py_pubsub
[1.318s] Installing listener script to /home/vboxuser/autocar/install/py_pubsub/lib/py_pubsub
[1.318s] Installing talker script to /home/vboxuser/autocar/install/py_pubsub/lib/py_pubsub
[1.318s] writing list of installed files to '/home/vboxuser/autocar/build/py_pubsub/install.log'
[1.360s] Invoked command in '/home/vboxuser/autocar/src/py_pubsub' returned '0': AMENT_PREFIX_PATH=/home/vboxuser/autocar/install/eufs_msgs:${AMENT_PREFIX_PATH} CMAKE_PREFIX_PATH=/home/vboxuser/autocar/install/eufs_msgs:${CMAKE_PREFIX_PATH} LD_LIBRARY_PATH=/home/vboxuser/autocar/install/eufs_msgs/lib:${LD_LIBRARY_PATH} PYTHONPATH=/home/vboxuser/autocar/build/py_pubsub/prefix_override:/home/vboxuser/autocar/install/py_pubsub/lib/python3.8/site-packages:/home/vboxuser/autocar/install/eufs_msgs/lib/python3.8/site-packages:${PYTHONPATH} /usr/bin/python3 setup.py egg_info --egg-base ../../build/py_pubsub build --build-base /home/vboxuser/autocar/build/py_pubsub/build install --record /home/vboxuser/autocar/build/py_pubsub/install.log --single-version-externally-managed
