[1.059s] Invoking command in '/home/vboxuser/autocar/src/my_package': PYTHONPATH=/home/vboxuser/autocar/build/my_package/prefix_override:/home/vboxuser/autocar/install/my_package/lib/python3.8/site-packages:${PYTHONPATH} /usr/bin/python3 setup.py egg_info --egg-base ../../build/my_package build --build-base /home/vboxuser/autocar/build/my_package/build install --record /home/vboxuser/autocar/build/my_package/install.log --single-version-externally-managed
[1.320s] running egg_info
[1.320s] writing ../../build/my_package/my_package.egg-info/PKG-INFO
[1.320s] writing dependency_links to ../../build/my_package/my_package.egg-info/dependency_links.txt
[1.320s] writing entry points to ../../build/my_package/my_package.egg-info/entry_points.txt
[1.320s] writing requirements to ../../build/my_package/my_package.egg-info/requires.txt
[1.322s] writing top-level names to ../../build/my_package/my_package.egg-info/top_level.txt
[1.365s] reading manifest file '../../build/my_package/my_package.egg-info/SOURCES.txt'
[1.365s] writing manifest file '../../build/my_package/my_package.egg-info/SOURCES.txt'
[1.365s] running build
[1.365s] running build_py
[1.365s] running install
[1.366s] running install_lib
[1.366s] running install_data
[1.368s] running install_egg_info
[1.368s] removing '/home/vboxuser/autocar/install/my_package/lib/python3.8/site-packages/my_package-0.0.0-py3.8.egg-info' (and everything under it)
[1.369s] Copying ../../build/my_package/my_package.egg-info to /home/vboxuser/autocar/install/my_package/lib/python3.8/site-packages/my_package-0.0.0-py3.8.egg-info
[1.374s] running install_scripts
[1.396s] Installing my_node script to /home/vboxuser/autocar/install/my_package/lib/my_package
[1.396s] writing list of installed files to '/home/vboxuser/autocar/build/my_package/install.log'
[1.475s] Invoked command in '/home/vboxuser/autocar/src/my_package' returned '0': PYTHONPATH=/home/vboxuser/autocar/build/my_package/prefix_override:/home/vboxuser/autocar/install/my_package/lib/python3.8/site-packages:${PYTHONPATH} /usr/bin/python3 setup.py egg_info --egg-base ../../build/my_package build --build-base /home/vboxuser/autocar/build/my_package/build install --record /home/vboxuser/autocar/build/my_package/install.log --single-version-externally-managed
