[0.510s] DEBUG:colcon:Command line arguments: ['/usr/bin/colcon', 'build']
[0.510s] DEBUG:colcon:Parsed command line arguments: Namespace(allow_overriding=[], ament_cmake_args=None, base_paths=['.'], build_base='build', catkin_cmake_args=None, catkin_skip_building_tests=False, cmake_args=None, cmake_clean_cache=False, cmake_clean_first=False, cmake_force_configure=False, cmake_target=None, cmake_target_skip_unavailable=False, continue_on_error=False, event_handlers=None, executor='parallel', ignore_user_meta=False, install_base='install', log_base=None, log_level=None, main=<bound method BuildVerb.main of <colcon_core.verb.build.BuildVerb object at 0x7f2da7f2c370>>, merge_install=False, metas=['./colcon.meta'], packages_above=None, packages_above_and_dependencies=None, packages_above_depth=None, packages_end=None, packages_ignore=None, packages_ignore_regex=None, packages_select=None, packages_select_build_failed=False, packages_select_by_dep=None, packages_select_regex=None, packages_select_test_failures=False, packages_skip=None, packages_skip_build_finished=False, packages_skip_by_dep=None, packages_skip_regex=None, packages_skip_test_passed=False, packages_skip_up_to=None, packages_start=None, packages_up_to=None, packages_up_to_regex=None, parallel_workers=8, paths=None, symlink_install=False, test_result_base=None, verb_extension=<colcon_core.verb.build.BuildVerb object at 0x7f2da7f2c370>, verb_name='build', verb_parser=<colcon_defaults.argument_parser.defaults.DefaultArgumentsDecorator object at 0x7f2da7f2c8b0>)
[0.538s] Level 1:colcon.colcon_core.package_discovery:discover_packages(colcon_meta) check parameters
[0.538s] Level 1:colcon.colcon_core.package_discovery:discover_packages(recursive) check parameters
[0.539s] Level 1:colcon.colcon_core.package_discovery:discover_packages(ignore) check parameters
[0.539s] Level 1:colcon.colcon_core.package_discovery:discover_packages(path) check parameters
[0.539s] Level 1:colcon.colcon_core.package_discovery:discover_packages(colcon_meta) discover
[0.539s] Level 1:colcon.colcon_core.package_discovery:discover_packages(recursive) discover
[0.539s] INFO:colcon.colcon_core.package_discovery:Crawling recursively for packages in '/home/vboxuser/autocar'
[0.539s] Level 1:colcon.colcon_core.package_identification:_identify(.) by extensions ['ignore', 'ignore_ament_install']
[0.539s] Level 1:colcon.colcon_core.package_identification:_identify(.) by extension 'ignore'
[0.539s] Level 1:colcon.colcon_core.package_identification:_identify(.) by extension 'ignore_ament_install'
[0.539s] Level 1:colcon.colcon_core.package_identification:_identify(.) by extensions ['colcon_pkg']
[0.539s] Level 1:colcon.colcon_core.package_identification:_identify(.) by extension 'colcon_pkg'
[0.539s] Level 1:colcon.colcon_core.package_identification:_identify(.) by extensions ['colcon_meta']
[0.539s] Level 1:colcon.colcon_core.package_identification:_identify(.) by extension 'colcon_meta'
[0.539s] Level 1:colcon.colcon_core.package_identification:_identify(.) by extensions ['ros']
[0.539s] Level 1:colcon.colcon_core.package_identification:_identify(.) by extension 'ros'
[0.568s] Level 1:colcon.colcon_core.package_identification:_identify(.) by extensions ['cmake', 'python']
[0.568s] Level 1:colcon.colcon_core.package_identification:_identify(.) by extension 'cmake'
[0.568s] Level 1:colcon.colcon_core.package_identification:_identify(.) by extension 'python'
[0.568s] Level 1:colcon.colcon_core.package_identification:_identify(.) by extensions ['python_setup_py']
[0.568s] Level 1:colcon.colcon_core.package_identification:_identify(.) by extension 'python_setup_py'
[0.569s] Level 1:colcon.colcon_core.package_identification:_identify(build) by extensions ['ignore', 'ignore_ament_install']
[0.569s] Level 1:colcon.colcon_core.package_identification:_identify(build) by extension 'ignore'
[0.569s] Level 1:colcon.colcon_core.package_identification:_identify(build) ignored
[0.570s] Level 1:colcon.colcon_core.package_identification:_identify(install) by extensions ['ignore', 'ignore_ament_install']
[0.570s] Level 1:colcon.colcon_core.package_identification:_identify(install) by extension 'ignore'
[0.570s] Level 1:colcon.colcon_core.package_identification:_identify(install) ignored
[0.571s] Level 1:colcon.colcon_core.package_identification:_identify(log) by extensions ['ignore', 'ignore_ament_install']
[0.571s] Level 1:colcon.colcon_core.package_identification:_identify(log) by extension 'ignore'
[0.571s] Level 1:colcon.colcon_core.package_identification:_identify(log) ignored
[0.571s] Level 1:colcon.colcon_core.package_identification:_identify(src) by extensions ['ignore', 'ignore_ament_install']
[0.571s] Level 1:colcon.colcon_core.package_identification:_identify(src) by extension 'ignore'
[0.571s] Level 1:colcon.colcon_core.package_identification:_identify(src) by extension 'ignore_ament_install'
[0.572s] Level 1:colcon.colcon_core.package_identification:_identify(src) by extensions ['colcon_pkg']
[0.572s] Level 1:colcon.colcon_core.package_identification:_identify(src) by extension 'colcon_pkg'
[0.572s] Level 1:colcon.colcon_core.package_identification:_identify(src) by extensions ['colcon_meta']
[0.572s] Level 1:colcon.colcon_core.package_identification:_identify(src) by extension 'colcon_meta'
[0.572s] Level 1:colcon.colcon_core.package_identification:_identify(src) by extensions ['ros']
[0.572s] Level 1:colcon.colcon_core.package_identification:_identify(src) by extension 'ros'
[0.572s] Level 1:colcon.colcon_core.package_identification:_identify(src) by extensions ['cmake', 'python']
[0.572s] Level 1:colcon.colcon_core.package_identification:_identify(src) by extension 'cmake'
[0.572s] Level 1:colcon.colcon_core.package_identification:_identify(src) by extension 'python'
[0.572s] Level 1:colcon.colcon_core.package_identification:_identify(src) by extensions ['python_setup_py']
[0.572s] Level 1:colcon.colcon_core.package_identification:_identify(src) by extension 'python_setup_py'
[0.572s] Level 1:colcon.colcon_core.package_identification:_identify(src/eufs_msgs) by extensions ['ignore', 'ignore_ament_install']
[0.572s] Level 1:colcon.colcon_core.package_identification:_identify(src/eufs_msgs) by extension 'ignore'
[0.572s] Level 1:colcon.colcon_core.package_identification:_identify(src/eufs_msgs) by extension 'ignore_ament_install'
[0.573s] Level 1:colcon.colcon_core.package_identification:_identify(src/eufs_msgs) by extensions ['colcon_pkg']
[0.573s] Level 1:colcon.colcon_core.package_identification:_identify(src/eufs_msgs) by extension 'colcon_pkg'
[0.573s] Level 1:colcon.colcon_core.package_identification:_identify(src/eufs_msgs) by extensions ['colcon_meta']
[0.573s] Level 1:colcon.colcon_core.package_identification:_identify(src/eufs_msgs) by extension 'colcon_meta'
[0.573s] Level 1:colcon.colcon_core.package_identification:_identify(src/eufs_msgs) by extensions ['ros']
[0.573s] Level 1:colcon.colcon_core.package_identification:_identify(src/eufs_msgs) by extension 'ros'
[0.577s] DEBUG:colcon.colcon_core.package_identification:Package 'src/eufs_msgs' with type 'ros.ament_cmake' and name 'eufs_msgs'
[0.577s] Level 1:colcon.colcon_core.package_identification:_identify(src/py_pubsub) by extensions ['ignore', 'ignore_ament_install']
[0.578s] Level 1:colcon.colcon_core.package_identification:_identify(src/py_pubsub) by extension 'ignore'
[0.578s] Level 1:colcon.colcon_core.package_identification:_identify(src/py_pubsub) by extension 'ignore_ament_install'
[0.578s] Level 1:colcon.colcon_core.package_identification:_identify(src/py_pubsub) by extensions ['colcon_pkg']
[0.578s] Level 1:colcon.colcon_core.package_identification:_identify(src/py_pubsub) by extension 'colcon_pkg'
[0.578s] Level 1:colcon.colcon_core.package_identification:_identify(src/py_pubsub) by extensions ['colcon_meta']
[0.578s] Level 1:colcon.colcon_core.package_identification:_identify(src/py_pubsub) by extension 'colcon_meta'
[0.578s] Level 1:colcon.colcon_core.package_identification:_identify(src/py_pubsub) by extensions ['ros']
[0.578s] Level 1:colcon.colcon_core.package_identification:_identify(src/py_pubsub) by extension 'ros'
[0.579s] DEBUG:colcon.colcon_core.package_identification:Package 'src/py_pubsub' with type 'ros.ament_python' and name 'py_pubsub'
[0.579s] Level 1:colcon.colcon_core.package_discovery:discover_packages(recursive) using defaults
[0.579s] Level 1:colcon.colcon_core.package_discovery:discover_packages(ignore) discover
[0.579s] Level 1:colcon.colcon_core.package_discovery:discover_packages(ignore) using defaults
[0.579s] Level 1:colcon.colcon_core.package_discovery:discover_packages(path) discover
[0.579s] Level 1:colcon.colcon_core.package_discovery:discover_packages(path) using defaults
[0.612s] Level 1:colcon.colcon_core.package_discovery:discover_packages(prefix_path) check parameters
[0.612s] Level 1:colcon.colcon_core.package_discovery:discover_packages(prefix_path) discover
[0.616s] DEBUG:colcon.colcon_installed_package_information.package_discovery:Found 4 installed packages in /home/vboxuser/autocar/install
[0.618s] DEBUG:colcon.colcon_installed_package_information.package_discovery:Found 277 installed packages in /opt/ros/galactic
[0.620s] Level 1:colcon.colcon_core.package_discovery:discover_packages(prefix_path) using defaults
[0.697s] Level 5:colcon.colcon_core.verb:set package 'eufs_msgs' build argument 'cmake_args' from command line to 'None'
[0.697s] Level 5:colcon.colcon_core.verb:set package 'eufs_msgs' build argument 'cmake_target' from command line to 'None'
[0.697s] Level 5:colcon.colcon_core.verb:set package 'eufs_msgs' build argument 'cmake_target_skip_unavailable' from command line to 'False'
[0.697s] Level 5:colcon.colcon_core.verb:set package 'eufs_msgs' build argument 'cmake_clean_cache' from command line to 'False'
[0.697s] Level 5:colcon.colcon_core.verb:set package 'eufs_msgs' build argument 'cmake_clean_first' from command line to 'False'
[0.697s] Level 5:colcon.colcon_core.verb:set package 'eufs_msgs' build argument 'cmake_force_configure' from command line to 'False'
[0.697s] Level 5:colcon.colcon_core.verb:set package 'eufs_msgs' build argument 'ament_cmake_args' from command line to 'None'
[0.697s] Level 5:colcon.colcon_core.verb:set package 'eufs_msgs' build argument 'catkin_cmake_args' from command line to 'None'
[0.697s] Level 5:colcon.colcon_core.verb:set package 'eufs_msgs' build argument 'catkin_skip_building_tests' from command line to 'False'
[0.698s] DEBUG:colcon.colcon_core.verb:Building package 'eufs_msgs' with the following arguments: {'ament_cmake_args': None, 'build_base': '/home/vboxuser/autocar/build/eufs_msgs', 'catkin_cmake_args': None, 'catkin_skip_building_tests': False, 'cmake_args': None, 'cmake_clean_cache': False, 'cmake_clean_first': False, 'cmake_force_configure': False, 'cmake_target': None, 'cmake_target_skip_unavailable': False, 'install_base': '/home/vboxuser/autocar/install/eufs_msgs', 'merge_install': False, 'path': '/home/vboxuser/autocar/src/eufs_msgs', 'symlink_install': False, 'test_result_base': None}
[0.698s] Level 5:colcon.colcon_core.verb:set package 'py_pubsub' build argument 'cmake_args' from command line to 'None'
[0.698s] Level 5:colcon.colcon_core.verb:set package 'py_pubsub' build argument 'cmake_target' from command line to 'None'
[0.699s] Level 5:colcon.colcon_core.verb:set package 'py_pubsub' build argument 'cmake_target_skip_unavailable' from command line to 'False'
[0.699s] Level 5:colcon.colcon_core.verb:set package 'py_pubsub' build argument 'cmake_clean_cache' from command line to 'False'
[0.699s] Level 5:colcon.colcon_core.verb:set package 'py_pubsub' build argument 'cmake_clean_first' from command line to 'False'
[0.699s] Level 5:colcon.colcon_core.verb:set package 'py_pubsub' build argument 'cmake_force_configure' from command line to 'False'
[0.699s] Level 5:colcon.colcon_core.verb:set package 'py_pubsub' build argument 'ament_cmake_args' from command line to 'None'
[0.699s] Level 5:colcon.colcon_core.verb:set package 'py_pubsub' build argument 'catkin_cmake_args' from command line to 'None'
[0.699s] Level 5:colcon.colcon_core.verb:set package 'py_pubsub' build argument 'catkin_skip_building_tests' from command line to 'False'
[0.699s] DEBUG:colcon.colcon_core.verb:Building package 'py_pubsub' with the following arguments: {'ament_cmake_args': None, 'build_base': '/home/vboxuser/autocar/build/py_pubsub', 'catkin_cmake_args': None, 'catkin_skip_building_tests': False, 'cmake_args': None, 'cmake_clean_cache': False, 'cmake_clean_first': False, 'cmake_force_configure': False, 'cmake_target': None, 'cmake_target_skip_unavailable': False, 'install_base': '/home/vboxuser/autocar/install/py_pubsub', 'merge_install': False, 'path': '/home/vboxuser/autocar/src/py_pubsub', 'symlink_install': False, 'test_result_base': None}
[0.699s] INFO:colcon.colcon_core.executor:Executing jobs using 'parallel' executor
[0.702s] DEBUG:colcon.colcon_parallel_executor.executor.parallel:run_until_complete
[0.703s] INFO:colcon.colcon_ros.task.ament_cmake.build:Building ROS package in '/home/vboxuser/autocar/src/eufs_msgs' with build type 'ament_cmake'
[0.703s] INFO:colcon.colcon_cmake.task.cmake.build:Building CMake package in '/home/vboxuser/autocar/src/eufs_msgs'
[0.707s] INFO:colcon.colcon_core.plugin_system:Skipping extension 'colcon_core.shell.bat': Not used on non-Windows systems
[0.707s] INFO:colcon.colcon_core.shell:Skip shell extension 'powershell' for command environment: Not usable outside of PowerShell
[0.707s] DEBUG:colcon.colcon_core.shell:Skip shell extension 'dsv' for command environment
[0.724s] DEBUG:colcon.colcon_core.event_handler.log_command:Invoking command in '/home/vboxuser/autocar/build/eufs_msgs': CMAKE_PREFIX_PATH=${CMAKE_PREFIX_PATH}:/opt/ros/galactic:/home/vboxuser/autocar/install/py_pubsub:/home/vboxuser/autocar/install/my_package /usr/bin/cmake --build /home/vboxuser/autocar/build/eufs_msgs -- -j8 -l8
[1.381s] DEBUG:colcon.colcon_core.event_handler.log_command:Invoked command in '/home/vboxuser/autocar/build/eufs_msgs' returned '0': CMAKE_PREFIX_PATH=${CMAKE_PREFIX_PATH}:/opt/ros/galactic:/home/vboxuser/autocar/install/py_pubsub:/home/vboxuser/autocar/install/my_package /usr/bin/cmake --build /home/vboxuser/autocar/build/eufs_msgs -- -j8 -l8
[2.065s] DEBUG:colcon.colcon_core.event_handler.log_command:Invoking command in '/home/vboxuser/autocar/build/eufs_msgs': CMAKE_PREFIX_PATH=${CMAKE_PREFIX_PATH}:/opt/ros/galactic:/home/vboxuser/autocar/install/py_pubsub:/home/vboxuser/autocar/install/my_package /usr/bin/cmake --install /home/vboxuser/autocar/build/eufs_msgs
[2.163s] Level 1:colcon.colcon_core.environment:create_environment_scripts_only(eufs_msgs)
[2.176s] Level 1:colcon.colcon_core.environment:checking '/home/vboxuser/autocar/install/eufs_msgs' for CMake module files
[2.178s] Level 1:colcon.colcon_core.environment:checking '/home/vboxuser/autocar/install/eufs_msgs' for CMake config files
[2.179s] DEBUG:colcon.colcon_core.event_handler.log_command:Invoked command in '/home/vboxuser/autocar/build/eufs_msgs' returned '0': CMAKE_PREFIX_PATH=${CMAKE_PREFIX_PATH}:/opt/ros/galactic:/home/vboxuser/autocar/install/py_pubsub:/home/vboxuser/autocar/install/my_package /usr/bin/cmake --install /home/vboxuser/autocar/build/eufs_msgs
[2.180s] Level 1:colcon.colcon_core.shell:create_environment_hook('eufs_msgs', 'cmake_prefix_path')
[2.182s] INFO:colcon.colcon_core.shell:Creating environment hook '/home/vboxuser/autocar/install/eufs_msgs/share/eufs_msgs/hook/cmake_prefix_path.ps1'
[2.182s] INFO:colcon.colcon_core.shell:Creating environment descriptor '/home/vboxuser/autocar/install/eufs_msgs/share/eufs_msgs/hook/cmake_prefix_path.dsv'
[2.183s] INFO:colcon.colcon_core.shell:Creating environment hook '/home/vboxuser/autocar/install/eufs_msgs/share/eufs_msgs/hook/cmake_prefix_path.sh'
[2.184s] Level 1:colcon.colcon_core.environment:checking '/home/vboxuser/autocar/install/eufs_msgs/lib'
[2.184s] Level 1:colcon.colcon_core.shell:create_environment_hook('eufs_msgs', 'ld_library_path_lib')
[2.185s] INFO:colcon.colcon_core.shell:Creating environment hook '/home/vboxuser/autocar/install/eufs_msgs/share/eufs_msgs/hook/ld_library_path_lib.ps1'
[2.185s] INFO:colcon.colcon_core.shell:Creating environment descriptor '/home/vboxuser/autocar/install/eufs_msgs/share/eufs_msgs/hook/ld_library_path_lib.dsv'
[2.186s] INFO:colcon.colcon_core.shell:Creating environment hook '/home/vboxuser/autocar/install/eufs_msgs/share/eufs_msgs/hook/ld_library_path_lib.sh'
[2.186s] Level 1:colcon.colcon_core.environment:checking '/home/vboxuser/autocar/install/eufs_msgs/bin'
[2.186s] Level 1:colcon.colcon_core.environment:checking '/home/vboxuser/autocar/install/eufs_msgs/lib/pkgconfig/eufs_msgs.pc'
[2.186s] Level 1:colcon.colcon_core.environment:checking '/home/vboxuser/autocar/install/eufs_msgs/lib/python3.8/site-packages'
[2.186s] Level 1:colcon.colcon_core.shell:create_environment_hook('eufs_msgs', 'pythonpath')
[2.188s] INFO:colcon.colcon_core.shell:Creating environment hook '/home/vboxuser/autocar/install/eufs_msgs/share/eufs_msgs/hook/pythonpath.ps1'
[2.188s] INFO:colcon.colcon_core.shell:Creating environment descriptor '/home/vboxuser/autocar/install/eufs_msgs/share/eufs_msgs/hook/pythonpath.dsv'
[2.188s] INFO:colcon.colcon_core.shell:Creating environment hook '/home/vboxuser/autocar/install/eufs_msgs/share/eufs_msgs/hook/pythonpath.sh'
[2.189s] Level 1:colcon.colcon_core.environment:checking '/home/vboxuser/autocar/install/eufs_msgs/bin'
[2.190s] INFO:colcon.colcon_core.shell:Creating package script '/home/vboxuser/autocar/install/eufs_msgs/share/eufs_msgs/package.ps1'
[2.192s] INFO:colcon.colcon_core.shell:Creating package descriptor '/home/vboxuser/autocar/install/eufs_msgs/share/eufs_msgs/package.dsv'
[2.193s] INFO:colcon.colcon_core.shell:Creating package script '/home/vboxuser/autocar/install/eufs_msgs/share/eufs_msgs/package.sh'
[2.194s] INFO:colcon.colcon_core.shell:Creating package script '/home/vboxuser/autocar/install/eufs_msgs/share/eufs_msgs/package.bash'
[2.194s] INFO:colcon.colcon_core.shell:Creating package script '/home/vboxuser/autocar/install/eufs_msgs/share/eufs_msgs/package.zsh'
[2.195s] Level 1:colcon.colcon_core.environment:create_file_with_runtime_dependencies(/home/vboxuser/autocar/install/eufs_msgs/share/colcon-core/packages/eufs_msgs)
[2.753s] Level 1:colcon.colcon_core.environment:create_environment_scripts_only(eufs_msgs)
[2.755s] Level 1:colcon.colcon_core.environment:checking '/home/vboxuser/autocar/install/eufs_msgs' for CMake module files
[2.755s] Level 1:colcon.colcon_core.environment:checking '/home/vboxuser/autocar/install/eufs_msgs' for CMake config files
[2.756s] Level 1:colcon.colcon_core.shell:create_environment_hook('eufs_msgs', 'cmake_prefix_path')
[2.757s] INFO:colcon.colcon_core.shell:Creating environment hook '/home/vboxuser/autocar/install/eufs_msgs/share/eufs_msgs/hook/cmake_prefix_path.ps1'
[2.758s] INFO:colcon.colcon_core.shell:Creating environment descriptor '/home/vboxuser/autocar/install/eufs_msgs/share/eufs_msgs/hook/cmake_prefix_path.dsv'
[2.758s] INFO:colcon.colcon_core.shell:Creating environment hook '/home/vboxuser/autocar/install/eufs_msgs/share/eufs_msgs/hook/cmake_prefix_path.sh'
[2.759s] Level 1:colcon.colcon_core.environment:checking '/home/vboxuser/autocar/install/eufs_msgs/lib'
[2.759s] Level 1:colcon.colcon_core.shell:create_environment_hook('eufs_msgs', 'ld_library_path_lib')
[2.761s] INFO:colcon.colcon_core.shell:Creating environment hook '/home/vboxuser/autocar/install/eufs_msgs/share/eufs_msgs/hook/ld_library_path_lib.ps1'
[2.762s] INFO:colcon.colcon_core.shell:Creating environment descriptor '/home/vboxuser/autocar/install/eufs_msgs/share/eufs_msgs/hook/ld_library_path_lib.dsv'
[2.762s] INFO:colcon.colcon_core.shell:Creating environment hook '/home/vboxuser/autocar/install/eufs_msgs/share/eufs_msgs/hook/ld_library_path_lib.sh'
[2.763s] Level 1:colcon.colcon_core.environment:checking '/home/vboxuser/autocar/install/eufs_msgs/bin'
[2.763s] Level 1:colcon.colcon_core.environment:checking '/home/vboxuser/autocar/install/eufs_msgs/lib/pkgconfig/eufs_msgs.pc'
[2.763s] Level 1:colcon.colcon_core.environment:checking '/home/vboxuser/autocar/install/eufs_msgs/lib/python3.8/site-packages'
[2.763s] Level 1:colcon.colcon_core.shell:create_environment_hook('eufs_msgs', 'pythonpath')
[2.765s] INFO:colcon.colcon_core.shell:Creating environment hook '/home/vboxuser/autocar/install/eufs_msgs/share/eufs_msgs/hook/pythonpath.ps1'
[2.766s] INFO:colcon.colcon_core.shell:Creating environment descriptor '/home/vboxuser/autocar/install/eufs_msgs/share/eufs_msgs/hook/pythonpath.dsv'
[2.766s] INFO:colcon.colcon_core.shell:Creating environment hook '/home/vboxuser/autocar/install/eufs_msgs/share/eufs_msgs/hook/pythonpath.sh'
[2.767s] Level 1:colcon.colcon_core.environment:checking '/home/vboxuser/autocar/install/eufs_msgs/bin'
[2.768s] INFO:colcon.colcon_core.shell:Creating package script '/home/vboxuser/autocar/install/eufs_msgs/share/eufs_msgs/package.ps1'
[2.768s] INFO:colcon.colcon_core.shell:Creating package descriptor '/home/vboxuser/autocar/install/eufs_msgs/share/eufs_msgs/package.dsv'
[2.769s] INFO:colcon.colcon_core.shell:Creating package script '/home/vboxuser/autocar/install/eufs_msgs/share/eufs_msgs/package.sh'
[2.769s] INFO:colcon.colcon_core.shell:Creating package script '/home/vboxuser/autocar/install/eufs_msgs/share/eufs_msgs/package.bash'
[2.770s] INFO:colcon.colcon_core.shell:Creating package script '/home/vboxuser/autocar/install/eufs_msgs/share/eufs_msgs/package.zsh'
[2.770s] Level 1:colcon.colcon_core.environment:create_file_with_runtime_dependencies(/home/vboxuser/autocar/install/eufs_msgs/share/colcon-core/packages/eufs_msgs)
[2.771s] INFO:colcon.colcon_ros.task.ament_python.build:Building ROS package in '/home/vboxuser/autocar/src/py_pubsub' with build type 'ament_python'
[2.771s] Level 1:colcon.colcon_core.shell:create_environment_hook('py_pubsub', 'ament_prefix_path')
[2.773s] INFO:colcon.colcon_core.shell:Creating environment hook '/home/vboxuser/autocar/install/py_pubsub/share/py_pubsub/hook/ament_prefix_path.ps1'
[2.773s] INFO:colcon.colcon_core.shell:Creating environment descriptor '/home/vboxuser/autocar/install/py_pubsub/share/py_pubsub/hook/ament_prefix_path.dsv'
[2.773s] INFO:colcon.colcon_core.shell:Creating environment hook '/home/vboxuser/autocar/install/py_pubsub/share/py_pubsub/hook/ament_prefix_path.sh'
[2.775s] INFO:colcon.colcon_core.shell:Skip shell extension 'powershell' for command environment: Not usable outside of PowerShell
[2.775s] DEBUG:colcon.colcon_core.shell:Skip shell extension 'dsv' for command environment
[3.028s] INFO:colcon.colcon_core.task.python.build:Building Python package in '/home/vboxuser/autocar/src/py_pubsub'
[3.029s] INFO:colcon.colcon_core.shell:Skip shell extension 'powershell' for command environment: Not usable outside of PowerShell
[3.030s] DEBUG:colcon.colcon_core.shell:Skip shell extension 'dsv' for command environment
[3.429s] DEBUG:colcon.colcon_core.event_handler.log_command:Invoking command in '/home/vboxuser/autocar/src/py_pubsub': AMENT_PREFIX_PATH=/home/vboxuser/autocar/install/eufs_msgs:${AMENT_PREFIX_PATH} CMAKE_PREFIX_PATH=/home/vboxuser/autocar/install/eufs_msgs:${CMAKE_PREFIX_PATH} LD_LIBRARY_PATH=/home/vboxuser/autocar/install/eufs_msgs/lib:${LD_LIBRARY_PATH} PYTHONPATH=/home/vboxuser/autocar/build/py_pubsub/prefix_override:/home/vboxuser/autocar/install/py_pubsub/lib/python3.8/site-packages:/home/vboxuser/autocar/install/eufs_msgs/lib/python3.8/site-packages:${PYTHONPATH} /usr/bin/python3 setup.py egg_info --egg-base ../../build/py_pubsub build --build-base /home/vboxuser/autocar/build/py_pubsub/build install --record /home/vboxuser/autocar/build/py_pubsub/install.log --single-version-externally-managed
[3.889s] Level 1:colcon.colcon_core.environment:checking '/home/vboxuser/autocar/install/py_pubsub' for CMake module files
[3.889s] DEBUG:colcon.colcon_core.event_handler.log_command:Invoked command in '/home/vboxuser/autocar/src/py_pubsub' returned '0': AMENT_PREFIX_PATH=/home/vboxuser/autocar/install/eufs_msgs:${AMENT_PREFIX_PATH} CMAKE_PREFIX_PATH=/home/vboxuser/autocar/install/eufs_msgs:${CMAKE_PREFIX_PATH} LD_LIBRARY_PATH=/home/vboxuser/autocar/install/eufs_msgs/lib:${LD_LIBRARY_PATH} PYTHONPATH=/home/vboxuser/autocar/build/py_pubsub/prefix_override:/home/vboxuser/autocar/install/py_pubsub/lib/python3.8/site-packages:/home/vboxuser/autocar/install/eufs_msgs/lib/python3.8/site-packages:${PYTHONPATH} /usr/bin/python3 setup.py egg_info --egg-base ../../build/py_pubsub build --build-base /home/vboxuser/autocar/build/py_pubsub/build install --record /home/vboxuser/autocar/build/py_pubsub/install.log --single-version-externally-managed
[3.890s] Level 1:colcon.colcon_core.environment:checking '/home/vboxuser/autocar/install/py_pubsub' for CMake config files
[3.891s] Level 1:colcon.colcon_core.environment:checking '/home/vboxuser/autocar/install/py_pubsub/lib'
[3.891s] Level 1:colcon.colcon_core.environment:checking '/home/vboxuser/autocar/install/py_pubsub/bin'
[3.891s] Level 1:colcon.colcon_core.environment:checking '/home/vboxuser/autocar/install/py_pubsub/lib/pkgconfig/py_pubsub.pc'
[3.891s] Level 1:colcon.colcon_core.environment:checking '/home/vboxuser/autocar/install/py_pubsub/lib/python3.8/site-packages'
[3.891s] Level 1:colcon.colcon_core.shell:create_environment_hook('py_pubsub', 'pythonpath')
[3.892s] INFO:colcon.colcon_core.shell:Creating environment hook '/home/vboxuser/autocar/install/py_pubsub/share/py_pubsub/hook/pythonpath.ps1'
[3.893s] INFO:colcon.colcon_core.shell:Creating environment descriptor '/home/vboxuser/autocar/install/py_pubsub/share/py_pubsub/hook/pythonpath.dsv'
[3.893s] INFO:colcon.colcon_core.shell:Creating environment hook '/home/vboxuser/autocar/install/py_pubsub/share/py_pubsub/hook/pythonpath.sh'
[3.893s] Level 1:colcon.colcon_core.environment:checking '/home/vboxuser/autocar/install/py_pubsub/bin'
[3.894s] Level 1:colcon.colcon_core.environment:create_environment_scripts_only(py_pubsub)
[3.895s] INFO:colcon.colcon_core.shell:Creating package script '/home/vboxuser/autocar/install/py_pubsub/share/py_pubsub/package.ps1'
[3.895s] INFO:colcon.colcon_core.shell:Creating package descriptor '/home/vboxuser/autocar/install/py_pubsub/share/py_pubsub/package.dsv'
[3.896s] INFO:colcon.colcon_core.shell:Creating package script '/home/vboxuser/autocar/install/py_pubsub/share/py_pubsub/package.sh'
[3.896s] INFO:colcon.colcon_core.shell:Creating package script '/home/vboxuser/autocar/install/py_pubsub/share/py_pubsub/package.bash'
[3.896s] INFO:colcon.colcon_core.shell:Creating package script '/home/vboxuser/autocar/install/py_pubsub/share/py_pubsub/package.zsh'
[3.897s] Level 1:colcon.colcon_core.environment:create_file_with_runtime_dependencies(/home/vboxuser/autocar/install/py_pubsub/share/colcon-core/packages/py_pubsub)
[3.897s] DEBUG:colcon.colcon_parallel_executor.executor.parallel:closing loop
[3.898s] DEBUG:colcon.colcon_parallel_executor.executor.parallel:loop closed
[3.898s] DEBUG:colcon.colcon_parallel_executor.executor.parallel:run_until_complete finished with '0'
[3.898s] DEBUG:colcon.colcon_core.event_reactor:joining thread
[3.904s] INFO:colcon.colcon_core.plugin_system:Skipping extension 'colcon_notification.desktop_notification.terminal_notifier': Not used on non-Darwin systems
[3.904s] INFO:colcon.colcon_core.plugin_system:Skipping extension 'colcon_notification.desktop_notification.win32': Not used on non-Windows systems
[3.904s] INFO:colcon.colcon_notification.desktop_notification:Sending desktop notification using 'notify2'
[3.917s] DEBUG:colcon.colcon_core.event_reactor:joined thread
[3.919s] INFO:colcon.colcon_core.shell:Creating prefix script '/home/vboxuser/autocar/install/local_setup.ps1'
[3.920s] INFO:colcon.colcon_core.shell:Creating prefix util module '/home/vboxuser/autocar/install/_local_setup_util_ps1.py'
[3.921s] INFO:colcon.colcon_core.shell:Creating prefix chain script '/home/vboxuser/autocar/install/setup.ps1'
[3.922s] INFO:colcon.colcon_core.shell:Creating prefix script '/home/vboxuser/autocar/install/local_setup.sh'
[3.923s] INFO:colcon.colcon_core.shell:Creating prefix util module '/home/vboxuser/autocar/install/_local_setup_util_sh.py'
[3.923s] INFO:colcon.colcon_core.shell:Creating prefix chain script '/home/vboxuser/autocar/install/setup.sh'
[3.924s] INFO:colcon.colcon_core.shell:Creating prefix script '/home/vboxuser/autocar/install/local_setup.bash'
[3.925s] INFO:colcon.colcon_core.shell:Creating prefix chain script '/home/vboxuser/autocar/install/setup.bash'
[3.926s] INFO:colcon.colcon_core.shell:Creating prefix script '/home/vboxuser/autocar/install/local_setup.zsh'
[3.927s] INFO:colcon.colcon_core.shell:Creating prefix chain script '/home/vboxuser/autocar/install/setup.zsh'
