[1.362s] Invoking command in '/home/vboxuser/autocar/src/my_package': PYTHONPATH=/home/vboxuser/autocar/build/my_package/prefix_override:/home/vboxuser/autocar/install/my_package/lib/python3.8/site-packages:${PYTHONPATH} /usr/bin/python3 setup.py egg_info --egg-base ../../build/my_package build --build-base /home/vboxuser/autocar/build/my_package/build install --record /home/vboxuser/autocar/build/my_package/install.log --single-version-externally-managed
[1.805s] running egg_info
[1.806s] writing ../../build/my_package/my_package.egg-info/PKG-INFO
[1.807s] writing dependency_links to ../../build/my_package/my_package.egg-info/dependency_links.txt
[1.807s] writing entry points to ../../build/my_package/my_package.egg-info/entry_points.txt
[1.807s] writing requirements to ../../build/my_package/my_package.egg-info/requires.txt
[1.809s] writing top-level names to ../../build/my_package/my_package.egg-info/top_level.txt
[1.848s] reading manifest file '../../build/my_package/my_package.egg-info/SOURCES.txt'
[1.849s] writing manifest file '../../build/my_package/my_package.egg-info/SOURCES.txt'
[1.849s] running build
[1.849s] running build_py
[1.850s] running install
[1.850s] running install_lib
[1.850s] running install_data
[1.850s] running install_egg_info
[1.852s] removing '/home/vboxuser/autocar/install/my_package/lib/python3.8/site-packages/my_package-0.0.0-py3.8.egg-info' (and everything under it)
[1.852s] Copying ../../build/my_package/my_package.egg-info to /home/vboxuser/autocar/install/my_package/lib/python3.8/site-packages/my_package-0.0.0-py3.8.egg-info
[1.853s] running install_scripts
[1.882s] Installing my_node script to /home/vboxuser/autocar/install/my_package/lib/my_package
[1.883s] writing list of installed files to '/home/vboxuser/autocar/build/my_package/install.log'
[1.935s] Invoked command in '/home/vboxuser/autocar/src/my_package' returned '0': PYTHONPATH=/home/vboxuser/autocar/build/my_package/prefix_override:/home/vboxuser/autocar/install/my_package/lib/python3.8/site-packages:${PYTHONPATH} /usr/bin/python3 setup.py egg_info --egg-base ../../build/my_package build --build-base /home/vboxuser/autocar/build/my_package/build install --record /home/vboxuser/autocar/build/my_package/install.log --single-version-externally-managed
