[0.766s] Invoking command in '/home/vboxuser/autocar/src/py_pubsub': PYTHONPATH=/home/vboxuser/autocar/build/py_pubsub/prefix_override:/home/vboxuser/autocar/install/py_pubsub/lib/python3.8/site-packages: /usr/bin/python3 setup.py egg_info --egg-base ../../build/py_pubsub build --build-base /home/vboxuser/autocar/build/py_pubsub/build install --record /home/vboxuser/autocar/build/py_pubsub/install.log --single-version-externally-managed
[0.932s] running egg_info
[0.932s] writing ../../build/py_pubsub/py_pubsub.egg-info/PKG-INFO
[0.933s] writing dependency_links to ../../build/py_pubsub/py_pubsub.egg-info/dependency_links.txt
[0.933s] writing entry points to ../../build/py_pubsub/py_pubsub.egg-info/entry_points.txt
[0.933s] writing requirements to ../../build/py_pubsub/py_pubsub.egg-info/requires.txt
[0.933s] writing top-level names to ../../build/py_pubsub/py_pubsub.egg-info/top_level.txt
[0.960s] reading manifest file '../../build/py_pubsub/py_pubsub.egg-info/SOURCES.txt'
[0.961s] writing manifest file '../../build/py_pubsub/py_pubsub.egg-info/SOURCES.txt'
[0.961s] running build
[0.961s] running build_py
[0.962s] copying py_pubsub/subscriber_member_function.py -> /home/vboxuser/autocar/build/py_pubsub/build/lib/py_pubsub
[0.962s] running install
[0.963s] running install_lib
[0.963s] copying /home/vboxuser/autocar/build/py_pubsub/build/lib/py_pubsub/subscriber_member_function.py -> /home/vboxuser/autocar/install/py_pubsub/lib/python3.8/site-packages/py_pubsub
[0.964s] byte-compiling /home/vboxuser/autocar/install/py_pubsub/lib/python3.8/site-packages/py_pubsub/subscriber_member_function.py to subscriber_member_function.cpython-38.pyc
[0.965s] running install_data
[0.965s] copying package.xml -> /home/vboxuser/autocar/install/py_pubsub/share/py_pubsub
[0.965s] running install_egg_info
[0.967s] removing '/home/vboxuser/autocar/install/py_pubsub/lib/python3.8/site-packages/py_pubsub-0.0.0-py3.8.egg-info' (and everything under it)
[0.967s] Copying ../../build/py_pubsub/py_pubsub.egg-info to /home/vboxuser/autocar/install/py_pubsub/lib/python3.8/site-packages/py_pubsub-0.0.0-py3.8.egg-info
[0.968s] running install_scripts
[0.981s] Installing listener script to /home/vboxuser/autocar/install/py_pubsub/lib/py_pubsub
[0.981s] Installing talker script to /home/vboxuser/autocar/install/py_pubsub/lib/py_pubsub
[0.981s] writing list of installed files to '/home/vboxuser/autocar/build/py_pubsub/install.log'
[1.007s] Invoked command in '/home/vboxuser/autocar/src/py_pubsub' returned '0': PYTHONPATH=/home/vboxuser/autocar/build/py_pubsub/prefix_override:/home/vboxuser/autocar/install/py_pubsub/lib/python3.8/site-packages: /usr/bin/python3 setup.py egg_info --egg-base ../../build/py_pubsub build --build-base /home/vboxuser/autocar/build/py_pubsub/build install --record /home/vboxuser/autocar/build/py_pubsub/install.log --single-version-externally-managed
