[0.927s] Invoking command in '/home/vboxuser/autocar/src/py_pubsub': PYTHONPATH=/home/vboxuser/autocar/build/py_pubsub/prefix_override:/home/vboxuser/autocar/install/py_pubsub/lib/python3.8/site-packages:${PYTHONPATH} /usr/bin/python3 setup.py egg_info --egg-base ../../build/py_pubsub build --build-base /home/vboxuser/autocar/build/py_pubsub/build install --record /home/vboxuser/autocar/build/py_pubsub/install.log --single-version-externally-managed
[1.134s] running egg_info
[1.135s] writing ../../build/py_pubsub/py_pubsub.egg-info/PKG-INFO
[1.135s] writing dependency_links to ../../build/py_pubsub/py_pubsub.egg-info/dependency_links.txt
[1.135s] writing entry points to ../../build/py_pubsub/py_pubsub.egg-info/entry_points.txt
[1.135s] writing requirements to ../../build/py_pubsub/py_pubsub.egg-info/requires.txt
[1.135s] writing top-level names to ../../build/py_pubsub/py_pubsub.egg-info/top_level.txt
[1.163s] reading manifest file '../../build/py_pubsub/py_pubsub.egg-info/SOURCES.txt'
[1.164s] writing manifest file '../../build/py_pubsub/py_pubsub.egg-info/SOURCES.txt'
[1.164s] running build
[1.164s] running build_py
[1.164s] copying py_pubsub/publisher_member_function.py -> /home/vboxuser/autocar/build/py_pubsub/build/lib/py_pubsub
[1.164s] running install
[1.165s] running install_lib
[1.166s] copying /home/vboxuser/autocar/build/py_pubsub/build/lib/py_pubsub/publisher_member_function.py -> /home/vboxuser/autocar/install/py_pubsub/lib/python3.8/site-packages/py_pubsub
[1.166s] byte-compiling /home/vboxuser/autocar/install/py_pubsub/lib/python3.8/site-packages/py_pubsub/publisher_member_function.py to publisher_member_function.cpython-38.pyc
[1.178s] running install_data
[1.178s] running install_egg_info
[1.178s] removing '/home/vboxuser/autocar/install/py_pubsub/lib/python3.8/site-packages/py_pubsub-0.0.0-py3.8.egg-info' (and everything under it)
[1.179s] Copying ../../build/py_pubsub/py_pubsub.egg-info to /home/vboxuser/autocar/install/py_pubsub/lib/python3.8/site-packages/py_pubsub-0.0.0-py3.8.egg-info
[1.179s] running install_scripts
[1.188s] Installing listener script to /home/vboxuser/autocar/install/py_pubsub/lib/py_pubsub
[1.189s] Installing talker script to /home/vboxuser/autocar/install/py_pubsub/lib/py_pubsub
[1.189s] writing list of installed files to '/home/vboxuser/autocar/build/py_pubsub/install.log'
[1.243s] Invoked command in '/home/vboxuser/autocar/src/py_pubsub' returned '0': PYTHONPATH=/home/vboxuser/autocar/build/py_pubsub/prefix_override:/home/vboxuser/autocar/install/py_pubsub/lib/python3.8/site-packages:${PYTHONPATH} /usr/bin/python3 setup.py egg_info --egg-base ../../build/py_pubsub build --build-base /home/vboxuser/autocar/build/py_pubsub/build install --record /home/vboxuser/autocar/build/py_pubsub/install.log --single-version-externally-managed
