[0.807s] Invoking command in '/home/vboxuser/autocar/src/my_package': PYTHONPATH=/home/vboxuser/autocar/build/my_package/prefix_override:/home/vboxuser/autocar/install/my_package/lib/python3.8/site-packages:${PYTHONPATH} /usr/bin/python3 setup.py egg_info --egg-base ../../build/my_package build --build-base /home/vboxuser/autocar/build/my_package/build install --record /home/vboxuser/autocar/build/my_package/install.log --single-version-externally-managed
[1.021s] running egg_info
[1.022s] writing ../../build/my_package/my_package.egg-info/PKG-INFO
[1.022s] writing dependency_links to ../../build/my_package/my_package.egg-info/dependency_links.txt
[1.023s] writing entry points to ../../build/my_package/my_package.egg-info/entry_points.txt
[1.025s] writing requirements to ../../build/my_package/my_package.egg-info/requires.txt
[1.026s] writing top-level names to ../../build/my_package/my_package.egg-info/top_level.txt
[1.060s] reading manifest file '../../build/my_package/my_package.egg-info/SOURCES.txt'
[1.061s] writing manifest file '../../build/my_package/my_package.egg-info/SOURCES.txt'
[1.062s] running build
[1.062s] running build_py
[1.062s] running install
[1.063s] running install_lib
[1.064s] running install_data
[1.065s] running install_egg_info
[1.066s] removing '/home/vboxuser/autocar/install/my_package/lib/python3.8/site-packages/my_package-0.0.0-py3.8.egg-info' (and everything under it)
[1.067s] Copying ../../build/my_package/my_package.egg-info to /home/vboxuser/autocar/install/my_package/lib/python3.8/site-packages/my_package-0.0.0-py3.8.egg-info
[1.067s] running install_scripts
[1.088s] Installing my_node script to /home/vboxuser/autocar/install/my_package/lib/my_package
[1.088s] writing list of installed files to '/home/vboxuser/autocar/build/my_package/install.log'
[1.117s] Invoked command in '/home/vboxuser/autocar/src/my_package' returned '0': PYTHONPATH=/home/vboxuser/autocar/build/my_package/prefix_override:/home/vboxuser/autocar/install/my_package/lib/python3.8/site-packages:${PYTHONPATH} /usr/bin/python3 setup.py egg_info --egg-base ../../build/my_package build --build-base /home/vboxuser/autocar/build/my_package/build install --record /home/vboxuser/autocar/build/my_package/install.log --single-version-externally-managed
