[1.142s] Invoking command in '/home/vboxuser/autocar/src/py_pubsub': PYTHONPATH=/home/vboxuser/autocar/build/py_pubsub/prefix_override:/home/vboxuser/autocar/install/py_pubsub/lib/python3.8/site-packages:${PYTHONPATH} /usr/bin/python3 setup.py egg_info --egg-base ../../build/py_pubsub build --build-base /home/vboxuser/autocar/build/py_pubsub/build install --record /home/vboxuser/autocar/build/py_pubsub/install.log --single-version-externally-managed
[1.487s] running egg_info
[1.487s] writing ../../build/py_pubsub/py_pubsub.egg-info/PKG-INFO
[1.488s] writing dependency_links to ../../build/py_pubsub/py_pubsub.egg-info/dependency_links.txt
[1.488s] writing entry points to ../../build/py_pubsub/py_pubsub.egg-info/entry_points.txt
[1.488s] writing requirements to ../../build/py_pubsub/py_pubsub.egg-info/requires.txt
[1.488s] writing top-level names to ../../build/py_pubsub/py_pubsub.egg-info/top_level.txt
[1.541s] reading manifest file '../../build/py_pubsub/py_pubsub.egg-info/SOURCES.txt'
[1.541s] writing manifest file '../../build/py_pubsub/py_pubsub.egg-info/SOURCES.txt'
[1.541s] running build
[1.541s] running build_py
[1.541s] copying py_pubsub/publisher_member_function.py -> /home/vboxuser/autocar/build/py_pubsub/build/lib/py_pubsub
[1.541s] running install
[1.541s] running install_lib
[1.541s] copying /home/vboxuser/autocar/build/py_pubsub/build/lib/py_pubsub/publisher_member_function.py -> /home/vboxuser/autocar/install/py_pubsub/lib/python3.8/site-packages/py_pubsub
[1.542s] byte-compiling /home/vboxuser/autocar/install/py_pubsub/lib/python3.8/site-packages/py_pubsub/publisher_member_function.py to publisher_member_function.cpython-38.pyc
[1.542s] running install_data
[1.542s] running install_egg_info
[1.544s] removing '/home/vboxuser/autocar/install/py_pubsub/lib/python3.8/site-packages/py_pubsub-0.0.0-py3.8.egg-info' (and everything under it)
[1.544s] Copying ../../build/py_pubsub/py_pubsub.egg-info to /home/vboxuser/autocar/install/py_pubsub/lib/python3.8/site-packages/py_pubsub-0.0.0-py3.8.egg-info
[1.544s] running install_scripts
[1.558s] Installing listener script to /home/vboxuser/autocar/install/py_pubsub/lib/py_pubsub
[1.559s] Installing talker script to /home/vboxuser/autocar/install/py_pubsub/lib/py_pubsub
[1.559s] writing list of installed files to '/home/vboxuser/autocar/build/py_pubsub/install.log'
[1.595s] Invoked command in '/home/vboxuser/autocar/src/py_pubsub' returned '0': PYTHONPATH=/home/vboxuser/autocar/build/py_pubsub/prefix_override:/home/vboxuser/autocar/install/py_pubsub/lib/python3.8/site-packages:${PYTHONPATH} /usr/bin/python3 setup.py egg_info --egg-base ../../build/py_pubsub build --build-base /home/vboxuser/autocar/build/py_pubsub/build install --record /home/vboxuser/autocar/build/py_pubsub/install.log --single-version-externally-managed
