[2.907s] Invoking command in '/home/vboxuser/autocar/build/py_pubsub': CMAKE_PREFIX_PATH=/home/vboxuser/autocar/install/eufs_msgs:/home/vboxuser/autocar/install/turtlesim:/home/vboxuser/sim/install/eufs_sensors:/home/vboxuser/sim/install/eufs_rviz_plugins:/home/vboxuser/sim/install/eufs_plugins:/home/vboxuser/sim/install/eufs_models:/home/vboxuser/sim/install/eufs_msgs LD_LIBRARY_PATH=/home/vboxuser/autocar/install/eufs_msgs/lib:/home/vboxuser/autocar/install/turtlesim/lib:/home/vboxuser/sim/install/eufs_rviz_plugins/lib:/home/vboxuser/sim/install/eufs_plugins/lib:/home/vboxuser/sim/install/eufs_models/lib:/home/vboxuser/sim/install/eufs_msgs/lib:/usr/lib/x86_64-linux-gnu/gazebo-11/plugins:/opt/ros/galactic/opt/yaml_cpp_vendor/lib:/opt/ros/galactic/opt/rviz_ogre_vendor/lib:/opt/ros/galactic/lib/x86_64-linux-gnu:/opt/ros/galactic/lib PYTHONPATH=/home/vboxuser/autocar/build/py_pubsub/prefix_override:/home/vboxuser/autocar/install/py_pubsub/lib/python3.8/site-packages:/home/vboxuser/autocar/install/eufs_msgs/lib/python3.8/site-packages:/home/vboxuser/autocar/install/turtlesim/lib/python3.8/site-packages:/home/vboxuser/autocar/build/py_pubsub:/home/vboxuser/autocar/install/py_pubsub/lib/python3.8/site-packages:/home/vboxuser/autocar/install/my_package/lib/python3.8/site-packages:/home/vboxuser/sim/install/eufs_launcher/lib/python3.8/site-packages:/home/vboxuser/sim/install/eufs_tracks/lib/python3.8/site-packages:/home/vboxuser/sim/install/eufs_rqt/lib/python3.8/site-packages:/home/vboxuser/sim/install/eufs_racecar/lib/python3.8/site-packages:/home/vboxuser/sim/install/eufs_msgs/lib/python3.8/site-packages:/opt/ros/galactic/lib/python3.8/site-packages /usr/bin/python3 setup.py develop --editable --build-directory /home/vboxuser/autocar/build/py_pubsub/build --no-deps install_data
[3.237s] running develop
[3.414s] running egg_info
[3.427s] writing py_pubsub.egg-info/PKG-INFO
[3.453s] writing dependency_links to py_pubsub.egg-info/dependency_links.txt
[3.453s] writing entry points to py_pubsub.egg-info/entry_points.txt
[3.453s] writing requirements to py_pubsub.egg-info/requires.txt
[3.453s] writing top-level names to py_pubsub.egg-info/top_level.txt
[3.536s] reading manifest file 'py_pubsub.egg-info/SOURCES.txt'
[3.545s] writing manifest file 'py_pubsub.egg-info/SOURCES.txt'
[3.579s] running build_ext
[3.582s] Creating /home/vboxuser/autocar/install/py_pubsub/lib/python3.8/site-packages/py-pubsub.egg-link (link to .)
[3.583s] Installing cmd_listener script to /home/vboxuser/autocar/install/py_pubsub/lib/py_pubsub
[3.584s] Installing cone_listener script to /home/vboxuser/autocar/install/py_pubsub/lib/py_pubsub
[3.584s] Installing control script to /home/vboxuser/autocar/install/py_pubsub/lib/py_pubsub
[3.584s] Installing planner script to /home/vboxuser/autocar/install/py_pubsub/lib/py_pubsub
[3.584s] Installing talker script to /home/vboxuser/autocar/install/py_pubsub/lib/py_pubsub
[3.584s] 
[3.584s] Installed /home/vboxuser/autocar/build/py_pubsub
[3.585s] running install_data
[3.612s] Invoked command in '/home/vboxuser/autocar/build/py_pubsub' returned '0': CMAKE_PREFIX_PATH=/home/vboxuser/autocar/install/eufs_msgs:/home/vboxuser/autocar/install/turtlesim:/home/vboxuser/sim/install/eufs_sensors:/home/vboxuser/sim/install/eufs_rviz_plugins:/home/vboxuser/sim/install/eufs_plugins:/home/vboxuser/sim/install/eufs_models:/home/vboxuser/sim/install/eufs_msgs LD_LIBRARY_PATH=/home/vboxuser/autocar/install/eufs_msgs/lib:/home/vboxuser/autocar/install/turtlesim/lib:/home/vboxuser/sim/install/eufs_rviz_plugins/lib:/home/vboxuser/sim/install/eufs_plugins/lib:/home/vboxuser/sim/install/eufs_models/lib:/home/vboxuser/sim/install/eufs_msgs/lib:/usr/lib/x86_64-linux-gnu/gazebo-11/plugins:/opt/ros/galactic/opt/yaml_cpp_vendor/lib:/opt/ros/galactic/opt/rviz_ogre_vendor/lib:/opt/ros/galactic/lib/x86_64-linux-gnu:/opt/ros/galactic/lib PYTHONPATH=/home/vboxuser/autocar/build/py_pubsub/prefix_override:/home/vboxuser/autocar/install/py_pubsub/lib/python3.8/site-packages:/home/vboxuser/autocar/install/eufs_msgs/lib/python3.8/site-packages:/home/vboxuser/autocar/install/turtlesim/lib/python3.8/site-packages:/home/vboxuser/autocar/build/py_pubsub:/home/vboxuser/autocar/install/py_pubsub/lib/python3.8/site-packages:/home/vboxuser/autocar/install/my_package/lib/python3.8/site-packages:/home/vboxuser/sim/install/eufs_launcher/lib/python3.8/site-packages:/home/vboxuser/sim/install/eufs_tracks/lib/python3.8/site-packages:/home/vboxuser/sim/install/eufs_rqt/lib/python3.8/site-packages:/home/vboxuser/sim/install/eufs_racecar/lib/python3.8/site-packages:/home/vboxuser/sim/install/eufs_msgs/lib/python3.8/site-packages:/opt/ros/galactic/lib/python3.8/site-packages /usr/bin/python3 setup.py develop --editable --build-directory /home/vboxuser/autocar/build/py_pubsub/build --no-deps install_data
